6-4-2024 18:43:51 - log: Load engine in /Applications/Cocos/Creator/3.8.2/CocosCreator.app/Contents/Resources/resources/3d/engine
6-4-2024 18:43:51 - log: Profile changed: engine (modules.includeModules: 2d,animation,audio,base,dragon-bones,gfx-webgl,gfx-webgl2,intersection-2d,particle-2d,physics-2d-box2d,profiler,spine,tiled-map,tween,ui,video,webview)
6-4-2024 18:43:51 - log: Register native engine in /Applications/Cocos/Creator/3.8.2/CocosCreator.app/Contents/Resources/resources/3d/engine/native
6-4-2024 18:43:58 - info: [PreviewInEditor] preview process is ready
6-4-2024 18:44:00 - log: [Scene] meshopt wasm decoder initialized
6-4-2024 18:44:00 - log: [Scene] [box2d]:box2d wasm lib loaded.
6-4-2024 18:44:00 - log: [Scene] [bullet]:bullet wasm lib loaded.
6-4-2024 18:44:00 - log: [Scene] [PHYSICS]: using builtin.
6-4-2024 18:44:00 - log: [Scene] Cocos Creator v3.8.2
6-4-2024 18:44:00 - info: [Scene] Forward render pipeline initialized.
6-4-2024 18:44:01 - warn: [Scene] The type of "NetworkConnect.hostname" must be CCString, not String.Error: [Scene] The type of "NetworkConnect.hostname" must be CCString, not String.
    at warn (/Applications/Cocos/Creator/3.8.2/CocosCreator.app/Contents/Resources/resources/3d/engine/bin/.cache/dev/editor/bundled/index.js:160729:12)
    at warnID (/Applications/Cocos/Creator/3.8.2/CocosCreator.app/Contents/Resources/resources/3d/engine/bin/.cache/dev/editor/bundled/index.js:160911:5)
    at parseType (/Applications/Cocos/Creator/3.8.2/CocosCreator.app/Contents/Resources/resources/3d/engine/bin/.cache/dev/editor/bundled/index.js:273517:11)
    at preprocessAttrs (/Applications/Cocos/Creator/3.8.2/CocosCreator.app/Contents/Resources/resources/3d/engine/bin/.cache/dev/editor/bundled/index.js:273632:11)
    at declareProperties (/Applications/Cocos/Creator/3.8.2/CocosCreator.app/Contents/Resources/resources/3d/engine/bin/.cache/dev/editor/bundled/index.js:138398:7)
    at CCClass (/Applications/Cocos/Creator/3.8.2/CocosCreator.app/Contents/Resources/resources/3d/engine/bin/.cache/dev/editor/bundled/index.js:138427:5)
    at eval (/Applications/Cocos/Creator/3.8.2/CocosCreator.app/Contents/Resources/resources/3d/engine/bin/.cache/dev/editor/bundled/index.js:271455:21)
6-4-2024 18:44:01 - warn: [Scene] The type of "NetworkConnect.port" must be CCFloat or CCInteger, not Number.Error: [Scene] The type of "NetworkConnect.port" must be CCFloat or CCInteger, not Number.
    at warn (/Applications/Cocos/Creator/3.8.2/CocosCreator.app/Contents/Resources/resources/3d/engine/bin/.cache/dev/editor/bundled/index.js:160729:12)
    at warnID (/Applications/Cocos/Creator/3.8.2/CocosCreator.app/Contents/Resources/resources/3d/engine/bin/.cache/dev/editor/bundled/index.js:160911:5)
    at parseType (/Applications/Cocos/Creator/3.8.2/CocosCreator.app/Contents/Resources/resources/3d/engine/bin/.cache/dev/editor/bundled/index.js:273527:11)
    at preprocessAttrs (/Applications/Cocos/Creator/3.8.2/CocosCreator.app/Contents/Resources/resources/3d/engine/bin/.cache/dev/editor/bundled/index.js:273632:11)
    at declareProperties (/Applications/Cocos/Creator/3.8.2/CocosCreator.app/Contents/Resources/resources/3d/engine/bin/.cache/dev/editor/bundled/index.js:138398:7)
    at CCClass (/Applications/Cocos/Creator/3.8.2/CocosCreator.app/Contents/Resources/resources/3d/engine/bin/.cache/dev/editor/bundled/index.js:138427:5)
    at eval (/Applications/Cocos/Creator/3.8.2/CocosCreator.app/Contents/Resources/resources/3d/engine/bin/.cache/dev/editor/bundled/index.js:271455:21)
6-4-2024 18:44:01 - warn: [Scene] The type of "NetworkConnect.useSSL" must be CCBoolean, not Boolean.Error: [Scene] The type of "NetworkConnect.useSSL" must be CCBoolean, not Boolean.
    at warn (/Applications/Cocos/Creator/3.8.2/CocosCreator.app/Contents/Resources/resources/3d/engine/bin/.cache/dev/editor/bundled/index.js:160729:12)
    at warnID (/Applications/Cocos/Creator/3.8.2/CocosCreator.app/Contents/Resources/resources/3d/engine/bin/.cache/dev/editor/bundled/index.js:160911:5)
    at parseType (/Applications/Cocos/Creator/3.8.2/CocosCreator.app/Contents/Resources/resources/3d/engine/bin/.cache/dev/editor/bundled/index.js:273522:11)
    at preprocessAttrs (/Applications/Cocos/Creator/3.8.2/CocosCreator.app/Contents/Resources/resources/3d/engine/bin/.cache/dev/editor/bundled/index.js:273632:11)
    at declareProperties (/Applications/Cocos/Creator/3.8.2/CocosCreator.app/Contents/Resources/resources/3d/engine/bin/.cache/dev/editor/bundled/index.js:138398:7)
    at CCClass (/Applications/Cocos/Creator/3.8.2/CocosCreator.app/Contents/Resources/resources/3d/engine/bin/.cache/dev/editor/bundled/index.js:138427:5)
    at eval (/Applications/Cocos/Creator/3.8.2/CocosCreator.app/Contents/Resources/resources/3d/engine/bin/.cache/dev/editor/bundled/index.js:271455:21)
6-4-2024 18:44:01 - warn: [Scene] No needs to indicate the 'cc.String' attribute for "NetworkConnect.hostname", which its default value is type of String.Error: [Scene] No needs to indicate the 'cc.String' attribute for "NetworkConnect.hostname", which its default value is type of String.
    at warn (/Applications/Cocos/Creator/3.8.2/CocosCreator.app/Contents/Resources/resources/3d/engine/bin/.cache/dev/editor/bundled/index.js:160729:12)
    at warnID (/Applications/Cocos/Creator/3.8.2/CocosCreator.app/Contents/Resources/resources/3d/engine/bin/.cache/dev/editor/bundled/index.js:160911:5)
    at Array.eval (/Applications/Cocos/Creator/3.8.2/CocosCreator.app/Contents/Resources/resources/3d/engine/bin/.cache/dev/editor/bundled/index.js:272835:11)
    at defineProp (/Applications/Cocos/Creator/3.8.2/CocosCreator.app/Contents/Resources/resources/3d/engine/bin/.cache/dev/editor/bundled/index.js:138241:27)
    at declareProperties (/Applications/Cocos/Creator/3.8.2/CocosCreator.app/Contents/Resources/resources/3d/engine/bin/.cache/dev/editor/bundled/index.js:138402:11)
    at CCClass (/Applications/Cocos/Creator/3.8.2/CocosCreator.app/Contents/Resources/resources/3d/engine/bin/.cache/dev/editor/bundled/index.js:138427:5)
    at eval (/Applications/Cocos/Creator/3.8.2/CocosCreator.app/Contents/Resources/resources/3d/engine/bin/.cache/dev/editor/bundled/index.js:271455:21)
6-4-2024 18:44:01 - warn: [Scene] No needs to indicate the 'cc.Boolean' attribute for "NetworkConnect.useSSL", which its default value is type of Boolean.Error: [Scene] No needs to indicate the 'cc.Boolean' attribute for "NetworkConnect.useSSL", which its default value is type of Boolean.
    at warn (/Applications/Cocos/Creator/3.8.2/CocosCreator.app/Contents/Resources/resources/3d/engine/bin/.cache/dev/editor/bundled/index.js:160729:12)
    at warnID (/Applications/Cocos/Creator/3.8.2/CocosCreator.app/Contents/Resources/resources/3d/engine/bin/.cache/dev/editor/bundled/index.js:160911:5)
    at Array.eval (/Applications/Cocos/Creator/3.8.2/CocosCreator.app/Contents/Resources/resources/3d/engine/bin/.cache/dev/editor/bundled/index.js:272835:11)
    at defineProp (/Applications/Cocos/Creator/3.8.2/CocosCreator.app/Contents/Resources/resources/3d/engine/bin/.cache/dev/editor/bundled/index.js:138241:27)
    at declareProperties (/Applications/Cocos/Creator/3.8.2/CocosCreator.app/Contents/Resources/resources/3d/engine/bin/.cache/dev/editor/bundled/index.js:138402:11)
    at CCClass (/Applications/Cocos/Creator/3.8.2/CocosCreator.app/Contents/Resources/resources/3d/engine/bin/.cache/dev/editor/bundled/index.js:138427:5)
    at eval (/Applications/Cocos/Creator/3.8.2/CocosCreator.app/Contents/Resources/resources/3d/engine/bin/.cache/dev/editor/bundled/index.js:271455:21)
6-4-2024 18:44:01 - warn: [Scene] The type of "NetworkConnect.hostname" must be CCString, not String.Error: [Scene] The type of "NetworkConnect.hostname" must be CCString, not String.
    at warn (/Applications/Cocos/Creator/3.8.2/CocosCreator.app/Contents/Resources/resources/3d/engine/bin/.cache/dev/editor/bundled/index.js:160729:12)
    at warnID (/Applications/Cocos/Creator/3.8.2/CocosCreator.app/Contents/Resources/resources/3d/engine/bin/.cache/dev/editor/bundled/index.js:160911:5)
    at parseType (/Applications/Cocos/Creator/3.8.2/CocosCreator.app/Contents/Resources/resources/3d/engine/bin/.cache/dev/editor/bundled/index.js:273517:11)
    at preprocessAttrs (/Applications/Cocos/Creator/3.8.2/CocosCreator.app/Contents/Resources/resources/3d/engine/bin/.cache/dev/editor/bundled/index.js:273632:11)
    at declareProperties (/Applications/Cocos/Creator/3.8.2/CocosCreator.app/Contents/Resources/resources/3d/engine/bin/.cache/dev/editor/bundled/index.js:138398:7)
    at CCClass (/Applications/Cocos/Creator/3.8.2/CocosCreator.app/Contents/Resources/resources/3d/engine/bin/.cache/dev/editor/bundled/index.js:138427:5)
    at eval (/Applications/Cocos/Creator/3.8.2/CocosCreator.app/Contents/Resources/resources/3d/engine/bin/.cache/dev/editor/bundled/index.js:271455:21)
6-4-2024 18:44:01 - warn: [Scene] The type of "NetworkConnect.port" must be CCFloat or CCInteger, not Number.Error: [Scene] The type of "NetworkConnect.port" must be CCFloat or CCInteger, not Number.
    at warn (/Applications/Cocos/Creator/3.8.2/CocosCreator.app/Contents/Resources/resources/3d/engine/bin/.cache/dev/editor/bundled/index.js:160729:12)
    at warnID (/Applications/Cocos/Creator/3.8.2/CocosCreator.app/Contents/Resources/resources/3d/engine/bin/.cache/dev/editor/bundled/index.js:160911:5)
    at parseType (/Applications/Cocos/Creator/3.8.2/CocosCreator.app/Contents/Resources/resources/3d/engine/bin/.cache/dev/editor/bundled/index.js:273527:11)
    at preprocessAttrs (/Applications/Cocos/Creator/3.8.2/CocosCreator.app/Contents/Resources/resources/3d/engine/bin/.cache/dev/editor/bundled/index.js:273632:11)
    at declareProperties (/Applications/Cocos/Creator/3.8.2/CocosCreator.app/Contents/Resources/resources/3d/engine/bin/.cache/dev/editor/bundled/index.js:138398:7)
    at CCClass (/Applications/Cocos/Creator/3.8.2/CocosCreator.app/Contents/Resources/resources/3d/engine/bin/.cache/dev/editor/bundled/index.js:138427:5)
    at eval (/Applications/Cocos/Creator/3.8.2/CocosCreator.app/Contents/Resources/resources/3d/engine/bin/.cache/dev/editor/bundled/index.js:271455:21)
6-4-2024 18:44:01 - warn: [Scene] The type of "NetworkConnect.useSSL" must be CCBoolean, not Boolean.Error: [Scene] The type of "NetworkConnect.useSSL" must be CCBoolean, not Boolean.
    at warn (/Applications/Cocos/Creator/3.8.2/CocosCreator.app/Contents/Resources/resources/3d/engine/bin/.cache/dev/editor/bundled/index.js:160729:12)
    at warnID (/Applications/Cocos/Creator/3.8.2/CocosCreator.app/Contents/Resources/resources/3d/engine/bin/.cache/dev/editor/bundled/index.js:160911:5)
    at parseType (/Applications/Cocos/Creator/3.8.2/CocosCreator.app/Contents/Resources/resources/3d/engine/bin/.cache/dev/editor/bundled/index.js:273522:11)
    at preprocessAttrs (/Applications/Cocos/Creator/3.8.2/CocosCreator.app/Contents/Resources/resources/3d/engine/bin/.cache/dev/editor/bundled/index.js:273632:11)
    at declareProperties (/Applications/Cocos/Creator/3.8.2/CocosCreator.app/Contents/Resources/resources/3d/engine/bin/.cache/dev/editor/bundled/index.js:138398:7)
    at CCClass (/Applications/Cocos/Creator/3.8.2/CocosCreator.app/Contents/Resources/resources/3d/engine/bin/.cache/dev/editor/bundled/index.js:138427:5)
    at eval (/Applications/Cocos/Creator/3.8.2/CocosCreator.app/Contents/Resources/resources/3d/engine/bin/.cache/dev/editor/bundled/index.js:271455:21)
6-4-2024 18:44:01 - warn: [Scene] No needs to indicate the 'cc.String' attribute for "NetworkConnect.hostname", which its default value is type of String.Error: [Scene] No needs to indicate the 'cc.String' attribute for "NetworkConnect.hostname", which its default value is type of String.
    at warn (/Applications/Cocos/Creator/3.8.2/CocosCreator.app/Contents/Resources/resources/3d/engine/bin/.cache/dev/editor/bundled/index.js:160729:12)
    at warnID (/Applications/Cocos/Creator/3.8.2/CocosCreator.app/Contents/Resources/resources/3d/engine/bin/.cache/dev/editor/bundled/index.js:160911:5)
    at Array.eval (/Applications/Cocos/Creator/3.8.2/CocosCreator.app/Contents/Resources/resources/3d/engine/bin/.cache/dev/editor/bundled/index.js:272835:11)
    at defineProp (/Applications/Cocos/Creator/3.8.2/CocosCreator.app/Contents/Resources/resources/3d/engine/bin/.cache/dev/editor/bundled/index.js:138241:27)
    at declareProperties (/Applications/Cocos/Creator/3.8.2/CocosCreator.app/Contents/Resources/resources/3d/engine/bin/.cache/dev/editor/bundled/index.js:138402:11)
    at CCClass (/Applications/Cocos/Creator/3.8.2/CocosCreator.app/Contents/Resources/resources/3d/engine/bin/.cache/dev/editor/bundled/index.js:138427:5)
    at eval (/Applications/Cocos/Creator/3.8.2/CocosCreator.app/Contents/Resources/resources/3d/engine/bin/.cache/dev/editor/bundled/index.js:271455:21)
6-4-2024 18:44:01 - warn: [Scene] No needs to indicate the 'cc.Boolean' attribute for "NetworkConnect.useSSL", which its default value is type of Boolean.Error: [Scene] No needs to indicate the 'cc.Boolean' attribute for "NetworkConnect.useSSL", which its default value is type of Boolean.
    at warn (/Applications/Cocos/Creator/3.8.2/CocosCreator.app/Contents/Resources/resources/3d/engine/bin/.cache/dev/editor/bundled/index.js:160729:12)
    at warnID (/Applications/Cocos/Creator/3.8.2/CocosCreator.app/Contents/Resources/resources/3d/engine/bin/.cache/dev/editor/bundled/index.js:160911:5)
    at Array.eval (/Applications/Cocos/Creator/3.8.2/CocosCreator.app/Contents/Resources/resources/3d/engine/bin/.cache/dev/editor/bundled/index.js:272835:11)
    at defineProp (/Applications/Cocos/Creator/3.8.2/CocosCreator.app/Contents/Resources/resources/3d/engine/bin/.cache/dev/editor/bundled/index.js:138241:27)
    at declareProperties (/Applications/Cocos/Creator/3.8.2/CocosCreator.app/Contents/Resources/resources/3d/engine/bin/.cache/dev/editor/bundled/index.js:138402:11)
    at CCClass (/Applications/Cocos/Creator/3.8.2/CocosCreator.app/Contents/Resources/resources/3d/engine/bin/.cache/dev/editor/bundled/index.js:138427:5)
    at eval (/Applications/Cocos/Creator/3.8.2/CocosCreator.app/Contents/Resources/resources/3d/engine/bin/.cache/dev/editor/bundled/index.js:271455:21)
6-4-2024 18:44:01 - log: [Scene] [PHYSICS2D]: switch from box2d-wasm to box2d.
6-4-2024 18:58:06 - warn: [Assets] The type of "NetworkConnect.hostname" must be CCString, not String.[Assets] The type of "NetworkConnect.hostname" must be CCString, not String.  
at Object.warn (/Applications/Cocos/Creator/3.8.2/CocosCreator.app/Contents/Resources/app.asar/builtin/asset-db/dist/worker/console.ccc:1:1530)  
at warn (/Applications/Cocos/Creator/3.8.2/CocosCreator.app/Contents/Resources/resources/3d/engine/bin/.cache/dev/editor/bundled/index.js:160729:12)  
at warnID (/Applications/Cocos/Creator/3.8.2/CocosCreator.app/Contents/Resources/resources/3d/engine/bin/.cache/dev/editor/bundled/index.js:160911:5)  
at parseType (/Applications/Cocos/Creator/3.8.2/CocosCreator.app/Contents/Resources/resources/3d/engine/bin/.cache/dev/editor/bundled/index.js:273517:11)  
at preprocessAttrs (/Applications/Cocos/Creator/3.8.2/CocosCreator.app/Contents/Resources/resources/3d/engine/bin/.cache/dev/editor/bundled/index.js:273632:11)  
at declareProperties (/Applications/Cocos/Creator/3.8.2/CocosCreator.app/Contents/Resources/resources/3d/engine/bin/.cache/dev/editor/bundled/index.js:138398:7)
6-4-2024 18:58:06 - warn: [Assets] The type of "NetworkConnect.port" must be CCFloat or CCInteger, not Number.[Assets] The type of "NetworkConnect.port" must be CCFloat or CCInteger, not Number.  
at Object.warn (/Applications/Cocos/Creator/3.8.2/CocosCreator.app/Contents/Resources/app.asar/builtin/asset-db/dist/worker/console.ccc:1:1530)  
at warn (/Applications/Cocos/Creator/3.8.2/CocosCreator.app/Contents/Resources/resources/3d/engine/bin/.cache/dev/editor/bundled/index.js:160729:12)  
at warnID (/Applications/Cocos/Creator/3.8.2/CocosCreator.app/Contents/Resources/resources/3d/engine/bin/.cache/dev/editor/bundled/index.js:160911:5)  
at parseType (/Applications/Cocos/Creator/3.8.2/CocosCreator.app/Contents/Resources/resources/3d/engine/bin/.cache/dev/editor/bundled/index.js:273527:11)  
at preprocessAttrs (/Applications/Cocos/Creator/3.8.2/CocosCreator.app/Contents/Resources/resources/3d/engine/bin/.cache/dev/editor/bundled/index.js:273632:11)  
at declareProperties (/Applications/Cocos/Creator/3.8.2/CocosCreator.app/Contents/Resources/resources/3d/engine/bin/.cache/dev/editor/bundled/index.js:138398:7)
6-4-2024 18:58:06 - warn: [Assets] The type of "NetworkConnect.useSSL" must be CCBoolean, not Boolean.[Assets] The type of "NetworkConnect.useSSL" must be CCBoolean, not Boolean.  
at Object.warn (/Applications/Cocos/Creator/3.8.2/CocosCreator.app/Contents/Resources/app.asar/builtin/asset-db/dist/worker/console.ccc:1:1530)  
at warn (/Applications/Cocos/Creator/3.8.2/CocosCreator.app/Contents/Resources/resources/3d/engine/bin/.cache/dev/editor/bundled/index.js:160729:12)  
at warnID (/Applications/Cocos/Creator/3.8.2/CocosCreator.app/Contents/Resources/resources/3d/engine/bin/.cache/dev/editor/bundled/index.js:160911:5)  
at parseType (/Applications/Cocos/Creator/3.8.2/CocosCreator.app/Contents/Resources/resources/3d/engine/bin/.cache/dev/editor/bundled/index.js:273522:11)  
at preprocessAttrs (/Applications/Cocos/Creator/3.8.2/CocosCreator.app/Contents/Resources/resources/3d/engine/bin/.cache/dev/editor/bundled/index.js:273632:11)  
at declareProperties (/Applications/Cocos/Creator/3.8.2/CocosCreator.app/Contents/Resources/resources/3d/engine/bin/.cache/dev/editor/bundled/index.js:138398:7)
6-4-2024 18:58:07 - warn: [Assets] The type of "NetworkConnect.hostname" must be CCString, not String.[Assets] The type of "NetworkConnect.hostname" must be CCString, not String.  
at Object.warn (/Applications/Cocos/Creator/3.8.2/CocosCreator.app/Contents/Resources/app.asar/builtin/asset-db/dist/worker/console.ccc:1:1530)  
at warn (/Applications/Cocos/Creator/3.8.2/CocosCreator.app/Contents/Resources/resources/3d/engine/bin/.cache/dev/editor/bundled/index.js:160729:12)  
at warnID (/Applications/Cocos/Creator/3.8.2/CocosCreator.app/Contents/Resources/resources/3d/engine/bin/.cache/dev/editor/bundled/index.js:160911:5)  
at parseType (/Applications/Cocos/Creator/3.8.2/CocosCreator.app/Contents/Resources/resources/3d/engine/bin/.cache/dev/editor/bundled/index.js:273517:11)  
at preprocessAttrs (/Applications/Cocos/Creator/3.8.2/CocosCreator.app/Contents/Resources/resources/3d/engine/bin/.cache/dev/editor/bundled/index.js:273632:11)  
at declareProperties (/Applications/Cocos/Creator/3.8.2/CocosCreator.app/Contents/Resources/resources/3d/engine/bin/.cache/dev/editor/bundled/index.js:138398:7)
6-4-2024 18:58:07 - warn: [Assets] The type of "NetworkConnect.port" must be CCFloat or CCInteger, not Number.[Assets] The type of "NetworkConnect.port" must be CCFloat or CCInteger, not Number.  
at Object.warn (/Applications/Cocos/Creator/3.8.2/CocosCreator.app/Contents/Resources/app.asar/builtin/asset-db/dist/worker/console.ccc:1:1530)  
at warn (/Applications/Cocos/Creator/3.8.2/CocosCreator.app/Contents/Resources/resources/3d/engine/bin/.cache/dev/editor/bundled/index.js:160729:12)  
at warnID (/Applications/Cocos/Creator/3.8.2/CocosCreator.app/Contents/Resources/resources/3d/engine/bin/.cache/dev/editor/bundled/index.js:160911:5)  
at parseType (/Applications/Cocos/Creator/3.8.2/CocosCreator.app/Contents/Resources/resources/3d/engine/bin/.cache/dev/editor/bundled/index.js:273527:11)  
at preprocessAttrs (/Applications/Cocos/Creator/3.8.2/CocosCreator.app/Contents/Resources/resources/3d/engine/bin/.cache/dev/editor/bundled/index.js:273632:11)  
at declareProperties (/Applications/Cocos/Creator/3.8.2/CocosCreator.app/Contents/Resources/resources/3d/engine/bin/.cache/dev/editor/bundled/index.js:138398:7)
6-4-2024 18:58:07 - warn: [Assets] The type of "NetworkConnect.useSSL" must be CCBoolean, not Boolean.[Assets] The type of "NetworkConnect.useSSL" must be CCBoolean, not Boolean.  
at Object.warn (/Applications/Cocos/Creator/3.8.2/CocosCreator.app/Contents/Resources/app.asar/builtin/asset-db/dist/worker/console.ccc:1:1530)  
at warn (/Applications/Cocos/Creator/3.8.2/CocosCreator.app/Contents/Resources/resources/3d/engine/bin/.cache/dev/editor/bundled/index.js:160729:12)  
at warnID (/Applications/Cocos/Creator/3.8.2/CocosCreator.app/Contents/Resources/resources/3d/engine/bin/.cache/dev/editor/bundled/index.js:160911:5)  
at parseType (/Applications/Cocos/Creator/3.8.2/CocosCreator.app/Contents/Resources/resources/3d/engine/bin/.cache/dev/editor/bundled/index.js:273522:11)  
at preprocessAttrs (/Applications/Cocos/Creator/3.8.2/CocosCreator.app/Contents/Resources/resources/3d/engine/bin/.cache/dev/editor/bundled/index.js:273632:11)  
at declareProperties (/Applications/Cocos/Creator/3.8.2/CocosCreator.app/Contents/Resources/resources/3d/engine/bin/.cache/dev/editor/bundled/index.js:138398:7)
6-4-2024 19:27:12 - warn: [Assets] The type of "NetworkConnect.hostname" must be CCString, not String.[Assets] The type of "NetworkConnect.hostname" must be CCString, not String.  
at Object.warn (/Applications/Cocos/Creator/3.8.2/CocosCreator.app/Contents/Resources/app.asar/builtin/asset-db/dist/worker/console.ccc:1:1530)  
at warn (/Applications/Cocos/Creator/3.8.2/CocosCreator.app/Contents/Resources/resources/3d/engine/bin/.cache/dev/editor/bundled/index.js:160729:12)  
at warnID (/Applications/Cocos/Creator/3.8.2/CocosCreator.app/Contents/Resources/resources/3d/engine/bin/.cache/dev/editor/bundled/index.js:160911:5)  
at parseType (/Applications/Cocos/Creator/3.8.2/CocosCreator.app/Contents/Resources/resources/3d/engine/bin/.cache/dev/editor/bundled/index.js:273517:11)  
at preprocessAttrs (/Applications/Cocos/Creator/3.8.2/CocosCreator.app/Contents/Resources/resources/3d/engine/bin/.cache/dev/editor/bundled/index.js:273632:11)  
at declareProperties (/Applications/Cocos/Creator/3.8.2/CocosCreator.app/Contents/Resources/resources/3d/engine/bin/.cache/dev/editor/bundled/index.js:138398:7)  
at CCClass (/Applications/Cocos/Creator/3.8.2/CocosCreator.app/Contents/Resources/resources/3d/engine/bin/.cache/dev/editor/bundled/index.js:138427:5)  
at eval (/Applications/Cocos/Creator/3.8.2/CocosCreator.app/Contents/Resources/resources/3d/engine/bin/.cache/dev/editor/bundled/index.js:271455:21)  
at eval (/Applications/Cocos/Creator/3.8.2/CocosCreator.app/Contents/Resources/resources/3d/engine/bin/.cache/dev/editor/bundled/index.js:272466:18)  
at Object.execute (file:///Users/waostudio/Desktop/dragonfix/temp/programming/packer-driver/targets/editor/chunks/83/834ec28c28cc510822b78176a00ec21abc745083.js:99:11)  
at doExec (/Applications/Cocos/Creator/3.8.2/CocosCreator.app/Contents/Resources/app.asar/node_modules/@editor/lib-programming/static/executor/systemjs-bridge/out/index.js:517:30)  
at postOrderExec (/Applications/Cocos/Creator/3.8.2/CocosCreator.app/Contents/Resources/app.asar/node_modules/@editor/lib-programming/static/executor/systemjs-bridge/out/index.js:508:21)  
at /Applications/Cocos/Creator/3.8.2/CocosCreator.app/Contents/Resources/app.asar/node_modules/@editor/lib-programming/static/executor/systemjs-bridge/out/index.js:493:28  
at Array.forEach (<anonymous>)  
at postOrderExec (/Applications/Cocos/Creator/3.8.2/CocosCreator.app/Contents/Resources/app.asar/node_modules/@editor/lib-programming/static/executor/systemjs-bridge/out/index.js:491:10)  
at /Applications/Cocos/Creator/3.8.2/CocosCreator.app/Contents/Resources/app.asar/node_modules/@editor/lib-programming/static/executor/systemjs-bridge/out/index.js:440:12  
at file:///Users/waostudio/Desktop/dragonfix/temp/programming/packer-driver/targets/editor/chunks/6d/cce:/internal/x/prerequisite-imports:8:13  
at Object.execute (file:///Users/waostudio/Desktop/dragonfix/temp/programming/packer-driver/targets/editor/chunks/6d/cce:/internal/x/prerequisite-imports:4:1)  
at Executor._importPrerequisiteModules (/Applications/Cocos/Creator/3.8.2/CocosCreator.app/Contents/Resources/app.asar/node_modules/@editor/lib-programming/src/executor/index.ts:311:13)  
at Executor.reload (/Applications/Cocos/Creator/3.8.2/CocosCreator.app/Contents/Resources/app.asar/node_modules/@editor/lib-programming/src/executor/index.ts:194:13)  
at /Applications/Cocos/Creator/3.8.2/CocosCreator.app/Contents/Resources/app.asar/builtin/builder/dist/worker/builder/asset-handler/script/load-script.ccc:1:2782  
at GlobalEnv.record (/Applications/Cocos/Creator/3.8.2/CocosCreator.app/Contents/Resources/app.asar/builtin/builder/dist/worker/builder/asset-handler/script/load-script.ccc:1:1284)  
at loadScript (/Applications/Cocos/Creator/3.8.2/CocosCreator.app/Contents/Resources/app.asar/builtin/builder/dist/worker/builder/asset-handler/script/load-script.ccc:1:2211)  
at BundleManager.loadScript (/Applications/Cocos/Creator/3.8.2/CocosCreator.app/Contents/Resources/app.asar/builtin/builder/dist/worker/builder/asset-handler/bundle/index.ccc:1:2788)  
at BuildTask.initBundleManager (/Applications/Cocos/Creator/3.8.2/CocosCreator.app/Contents/Resources/app.asar/builtin/builder/dist/worker/builder/index.ccc:1:7652)  
at BuildTask.run (/Applications/Cocos/Creator/3.8.2/CocosCreator.app/Contents/Resources/app.asar/builtin/builder/dist/worker/builder/index.ccc:1:3688)  
at build (/Applications/Cocos/Creator/3.8.2/CocosCreator.app/Contents/Resources/app.asar/builtin/builder/dist/worker/index.ccc:1:3733)  
at Ipc.<anonymous> (/Applications/Cocos/Creator/3.8.2/CocosCreator.app/Contents/Resources/app.asar/builtin/builder/dist/worker/msg-util.ccc:1:202)
6-4-2024 19:27:12 - warn: [Assets] The type of "NetworkConnect.port" must be CCFloat or CCInteger, not Number.[Assets] The type of "NetworkConnect.port" must be CCFloat or CCInteger, not Number.  
at Object.warn (/Applications/Cocos/Creator/3.8.2/CocosCreator.app/Contents/Resources/app.asar/builtin/asset-db/dist/worker/console.ccc:1:1530)  
at warn (/Applications/Cocos/Creator/3.8.2/CocosCreator.app/Contents/Resources/resources/3d/engine/bin/.cache/dev/editor/bundled/index.js:160729:12)  
at warnID (/Applications/Cocos/Creator/3.8.2/CocosCreator.app/Contents/Resources/resources/3d/engine/bin/.cache/dev/editor/bundled/index.js:160911:5)  
at parseType (/Applications/Cocos/Creator/3.8.2/CocosCreator.app/Contents/Resources/resources/3d/engine/bin/.cache/dev/editor/bundled/index.js:273527:11)  
at preprocessAttrs (/Applications/Cocos/Creator/3.8.2/CocosCreator.app/Contents/Resources/resources/3d/engine/bin/.cache/dev/editor/bundled/index.js:273632:11)  
at declareProperties (/Applications/Cocos/Creator/3.8.2/CocosCreator.app/Contents/Resources/resources/3d/engine/bin/.cache/dev/editor/bundled/index.js:138398:7)  
at CCClass (/Applications/Cocos/Creator/3.8.2/CocosCreator.app/Contents/Resources/resources/3d/engine/bin/.cache/dev/editor/bundled/index.js:138427:5)  
at eval (/Applications/Cocos/Creator/3.8.2/CocosCreator.app/Contents/Resources/resources/3d/engine/bin/.cache/dev/editor/bundled/index.js:271455:21)  
at eval (/Applications/Cocos/Creator/3.8.2/CocosCreator.app/Contents/Resources/resources/3d/engine/bin/.cache/dev/editor/bundled/index.js:272466:18)  
at Object.execute (file:///Users/waostudio/Desktop/dragonfix/temp/programming/packer-driver/targets/editor/chunks/83/834ec28c28cc510822b78176a00ec21abc745083.js:99:11)  
at doExec (/Applications/Cocos/Creator/3.8.2/CocosCreator.app/Contents/Resources/app.asar/node_modules/@editor/lib-programming/static/executor/systemjs-bridge/out/index.js:517:30)  
at postOrderExec (/Applications/Cocos/Creator/3.8.2/CocosCreator.app/Contents/Resources/app.asar/node_modules/@editor/lib-programming/static/executor/systemjs-bridge/out/index.js:508:21)  
at /Applications/Cocos/Creator/3.8.2/CocosCreator.app/Contents/Resources/app.asar/node_modules/@editor/lib-programming/static/executor/systemjs-bridge/out/index.js:493:28  
at Array.forEach (<anonymous>)  
at postOrderExec (/Applications/Cocos/Creator/3.8.2/CocosCreator.app/Contents/Resources/app.asar/node_modules/@editor/lib-programming/static/executor/systemjs-bridge/out/index.js:491:10)  
at /Applications/Cocos/Creator/3.8.2/CocosCreator.app/Contents/Resources/app.asar/node_modules/@editor/lib-programming/static/executor/systemjs-bridge/out/index.js:440:12  
at file:///Users/waostudio/Desktop/dragonfix/temp/programming/packer-driver/targets/editor/chunks/6d/cce:/internal/x/prerequisite-imports:8:13  
at Object.execute (file:///Users/waostudio/Desktop/dragonfix/temp/programming/packer-driver/targets/editor/chunks/6d/cce:/internal/x/prerequisite-imports:4:1)  
at Executor._importPrerequisiteModules (/Applications/Cocos/Creator/3.8.2/CocosCreator.app/Contents/Resources/app.asar/node_modules/@editor/lib-programming/src/executor/index.ts:311:13)  
at Executor.reload (/Applications/Cocos/Creator/3.8.2/CocosCreator.app/Contents/Resources/app.asar/node_modules/@editor/lib-programming/src/executor/index.ts:194:13)  
at /Applications/Cocos/Creator/3.8.2/CocosCreator.app/Contents/Resources/app.asar/builtin/builder/dist/worker/builder/asset-handler/script/load-script.ccc:1:2782  
at GlobalEnv.record (/Applications/Cocos/Creator/3.8.2/CocosCreator.app/Contents/Resources/app.asar/builtin/builder/dist/worker/builder/asset-handler/script/load-script.ccc:1:1284)  
at loadScript (/Applications/Cocos/Creator/3.8.2/CocosCreator.app/Contents/Resources/app.asar/builtin/builder/dist/worker/builder/asset-handler/script/load-script.ccc:1:2211)  
at BundleManager.loadScript (/Applications/Cocos/Creator/3.8.2/CocosCreator.app/Contents/Resources/app.asar/builtin/builder/dist/worker/builder/asset-handler/bundle/index.ccc:1:2788)  
at BuildTask.initBundleManager (/Applications/Cocos/Creator/3.8.2/CocosCreator.app/Contents/Resources/app.asar/builtin/builder/dist/worker/builder/index.ccc:1:7652)  
at BuildTask.run (/Applications/Cocos/Creator/3.8.2/CocosCreator.app/Contents/Resources/app.asar/builtin/builder/dist/worker/builder/index.ccc:1:3688)  
at build (/Applications/Cocos/Creator/3.8.2/CocosCreator.app/Contents/Resources/app.asar/builtin/builder/dist/worker/index.ccc:1:3733)  
at Ipc.<anonymous> (/Applications/Cocos/Creator/3.8.2/CocosCreator.app/Contents/Resources/app.asar/builtin/builder/dist/worker/msg-util.ccc:1:202)
6-4-2024 19:27:12 - warn: [Assets] The type of "NetworkConnect.useSSL" must be CCBoolean, not Boolean.[Assets] The type of "NetworkConnect.useSSL" must be CCBoolean, not Boolean.  
at Object.warn (/Applications/Cocos/Creator/3.8.2/CocosCreator.app/Contents/Resources/app.asar/builtin/asset-db/dist/worker/console.ccc:1:1530)  
at warn (/Applications/Cocos/Creator/3.8.2/CocosCreator.app/Contents/Resources/resources/3d/engine/bin/.cache/dev/editor/bundled/index.js:160729:12)  
at warnID (/Applications/Cocos/Creator/3.8.2/CocosCreator.app/Contents/Resources/resources/3d/engine/bin/.cache/dev/editor/bundled/index.js:160911:5)  
at parseType (/Applications/Cocos/Creator/3.8.2/CocosCreator.app/Contents/Resources/resources/3d/engine/bin/.cache/dev/editor/bundled/index.js:273522:11)  
at preprocessAttrs (/Applications/Cocos/Creator/3.8.2/CocosCreator.app/Contents/Resources/resources/3d/engine/bin/.cache/dev/editor/bundled/index.js:273632:11)  
at declareProperties (/Applications/Cocos/Creator/3.8.2/CocosCreator.app/Contents/Resources/resources/3d/engine/bin/.cache/dev/editor/bundled/index.js:138398:7)  
at CCClass (/Applications/Cocos/Creator/3.8.2/CocosCreator.app/Contents/Resources/resources/3d/engine/bin/.cache/dev/editor/bundled/index.js:138427:5)  
at eval (/Applications/Cocos/Creator/3.8.2/CocosCreator.app/Contents/Resources/resources/3d/engine/bin/.cache/dev/editor/bundled/index.js:271455:21)  
at eval (/Applications/Cocos/Creator/3.8.2/CocosCreator.app/Contents/Resources/resources/3d/engine/bin/.cache/dev/editor/bundled/index.js:272466:18)  
at Object.execute (file:///Users/waostudio/Desktop/dragonfix/temp/programming/packer-driver/targets/editor/chunks/83/834ec28c28cc510822b78176a00ec21abc745083.js:99:11)  
at doExec (/Applications/Cocos/Creator/3.8.2/CocosCreator.app/Contents/Resources/app.asar/node_modules/@editor/lib-programming/static/executor/systemjs-bridge/out/index.js:517:30)  
at postOrderExec (/Applications/Cocos/Creator/3.8.2/CocosCreator.app/Contents/Resources/app.asar/node_modules/@editor/lib-programming/static/executor/systemjs-bridge/out/index.js:508:21)  
at /Applications/Cocos/Creator/3.8.2/CocosCreator.app/Contents/Resources/app.asar/node_modules/@editor/lib-programming/static/executor/systemjs-bridge/out/index.js:493:28  
at Array.forEach (<anonymous>)  
at postOrderExec (/Applications/Cocos/Creator/3.8.2/CocosCreator.app/Contents/Resources/app.asar/node_modules/@editor/lib-programming/static/executor/systemjs-bridge/out/index.js:491:10)  
at /Applications/Cocos/Creator/3.8.2/CocosCreator.app/Contents/Resources/app.asar/node_modules/@editor/lib-programming/static/executor/systemjs-bridge/out/index.js:440:12  
at file:///Users/waostudio/Desktop/dragonfix/temp/programming/packer-driver/targets/editor/chunks/6d/cce:/internal/x/prerequisite-imports:8:13  
at Object.execute (file:///Users/waostudio/Desktop/dragonfix/temp/programming/packer-driver/targets/editor/chunks/6d/cce:/internal/x/prerequisite-imports:4:1)  
at Executor._importPrerequisiteModules (/Applications/Cocos/Creator/3.8.2/CocosCreator.app/Contents/Resources/app.asar/node_modules/@editor/lib-programming/src/executor/index.ts:311:13)  
at Executor.reload (/Applications/Cocos/Creator/3.8.2/CocosCreator.app/Contents/Resources/app.asar/node_modules/@editor/lib-programming/src/executor/index.ts:194:13)  
at /Applications/Cocos/Creator/3.8.2/CocosCreator.app/Contents/Resources/app.asar/builtin/builder/dist/worker/builder/asset-handler/script/load-script.ccc:1:2782  
at GlobalEnv.record (/Applications/Cocos/Creator/3.8.2/CocosCreator.app/Contents/Resources/app.asar/builtin/builder/dist/worker/builder/asset-handler/script/load-script.ccc:1:1284)  
at loadScript (/Applications/Cocos/Creator/3.8.2/CocosCreator.app/Contents/Resources/app.asar/builtin/builder/dist/worker/builder/asset-handler/script/load-script.ccc:1:2211)  
at BundleManager.loadScript (/Applications/Cocos/Creator/3.8.2/CocosCreator.app/Contents/Resources/app.asar/builtin/builder/dist/worker/builder/asset-handler/bundle/index.ccc:1:2788)  
at BuildTask.initBundleManager (/Applications/Cocos/Creator/3.8.2/CocosCreator.app/Contents/Resources/app.asar/builtin/builder/dist/worker/builder/index.ccc:1:7652)  
at BuildTask.run (/Applications/Cocos/Creator/3.8.2/CocosCreator.app/Contents/Resources/app.asar/builtin/builder/dist/worker/builder/index.ccc:1:3688)  
at build (/Applications/Cocos/Creator/3.8.2/CocosCreator.app/Contents/Resources/app.asar/builtin/builder/dist/worker/index.ccc:1:3733)  
at Ipc.<anonymous> (/Applications/Cocos/Creator/3.8.2/CocosCreator.app/Contents/Resources/app.asar/builtin/builder/dist/worker/msg-util.ccc:1:202)
6-4-2024 19:27:12 - warn: [Assets] The type of "NetworkConnect.hostname" must be CCString, not String.[Assets] The type of "NetworkConnect.hostname" must be CCString, not String.  
at Object.warn (/Applications/Cocos/Creator/3.8.2/CocosCreator.app/Contents/Resources/app.asar/builtin/asset-db/dist/worker/console.ccc:1:1530)  
at warn (/Applications/Cocos/Creator/3.8.2/CocosCreator.app/Contents/Resources/resources/3d/engine/bin/.cache/dev/editor/bundled/index.js:160729:12)  
at warnID (/Applications/Cocos/Creator/3.8.2/CocosCreator.app/Contents/Resources/resources/3d/engine/bin/.cache/dev/editor/bundled/index.js:160911:5)  
at parseType (/Applications/Cocos/Creator/3.8.2/CocosCreator.app/Contents/Resources/resources/3d/engine/bin/.cache/dev/editor/bundled/index.js:273517:11)  
at preprocessAttrs (/Applications/Cocos/Creator/3.8.2/CocosCreator.app/Contents/Resources/resources/3d/engine/bin/.cache/dev/editor/bundled/index.js:273632:11)  
at declareProperties (/Applications/Cocos/Creator/3.8.2/CocosCreator.app/Contents/Resources/resources/3d/engine/bin/.cache/dev/editor/bundled/index.js:138398:7)  
at CCClass (/Applications/Cocos/Creator/3.8.2/CocosCreator.app/Contents/Resources/resources/3d/engine/bin/.cache/dev/editor/bundled/index.js:138427:5)  
at eval (/Applications/Cocos/Creator/3.8.2/CocosCreator.app/Contents/Resources/resources/3d/engine/bin/.cache/dev/editor/bundled/index.js:271455:21)  
at eval (/Applications/Cocos/Creator/3.8.2/CocosCreator.app/Contents/Resources/resources/3d/engine/bin/.cache/dev/editor/bundled/index.js:272466:18)  
at Object.execute (file:///Users/waostudio/Desktop/dragonfix/temp/programming/packer-driver/targets/editor/chunks/bc/bce485f5f8d372ab066f9ad120c42cba32dc7bee.js:58:443)  
at doExec (/Applications/Cocos/Creator/3.8.2/CocosCreator.app/Contents/Resources/app.asar/node_modules/@editor/lib-programming/static/executor/systemjs-bridge/out/index.js:517:30)  
at postOrderExec (/Applications/Cocos/Creator/3.8.2/CocosCreator.app/Contents/Resources/app.asar/node_modules/@editor/lib-programming/static/executor/systemjs-bridge/out/index.js:508:21)  
at /Applications/Cocos/Creator/3.8.2/CocosCreator.app/Contents/Resources/app.asar/node_modules/@editor/lib-programming/static/executor/systemjs-bridge/out/index.js:440:12  
at file:///Users/waostudio/Desktop/dragonfix/temp/programming/packer-driver/targets/editor/chunks/6d/cce:/internal/x/prerequisite-imports:8:13  
at Object.execute (file:///Users/waostudio/Desktop/dragonfix/temp/programming/packer-driver/targets/editor/chunks/6d/cce:/internal/x/prerequisite-imports:4:1)  
at Executor._importPrerequisiteModules (/Applications/Cocos/Creator/3.8.2/CocosCreator.app/Contents/Resources/app.asar/node_modules/@editor/lib-programming/src/executor/index.ts:311:13)  
at Executor.reload (/Applications/Cocos/Creator/3.8.2/CocosCreator.app/Contents/Resources/app.asar/node_modules/@editor/lib-programming/src/executor/index.ts:194:13)  
at /Applications/Cocos/Creator/3.8.2/CocosCreator.app/Contents/Resources/app.asar/builtin/builder/dist/worker/builder/asset-handler/script/load-script.ccc:1:2782  
at GlobalEnv.record (/Applications/Cocos/Creator/3.8.2/CocosCreator.app/Contents/Resources/app.asar/builtin/builder/dist/worker/builder/asset-handler/script/load-script.ccc:1:1284)  
at loadScript (/Applications/Cocos/Creator/3.8.2/CocosCreator.app/Contents/Resources/app.asar/builtin/builder/dist/worker/builder/asset-handler/script/load-script.ccc:1:2211)  
at BundleManager.loadScript (/Applications/Cocos/Creator/3.8.2/CocosCreator.app/Contents/Resources/app.asar/builtin/builder/dist/worker/builder/asset-handler/bundle/index.ccc:1:2788)  
at BuildTask.initBundleManager (/Applications/Cocos/Creator/3.8.2/CocosCreator.app/Contents/Resources/app.asar/builtin/builder/dist/worker/builder/index.ccc:1:7652)  
at BuildTask.run (/Applications/Cocos/Creator/3.8.2/CocosCreator.app/Contents/Resources/app.asar/builtin/builder/dist/worker/builder/index.ccc:1:3688)  
at build (/Applications/Cocos/Creator/3.8.2/CocosCreator.app/Contents/Resources/app.asar/builtin/builder/dist/worker/index.ccc:1:3733)  
at Ipc.<anonymous> (/Applications/Cocos/Creator/3.8.2/CocosCreator.app/Contents/Resources/app.asar/builtin/builder/dist/worker/msg-util.ccc:1:202)
6-4-2024 19:27:12 - warn: [Assets] The type of "NetworkConnect.port" must be CCFloat or CCInteger, not Number.[Assets] The type of "NetworkConnect.port" must be CCFloat or CCInteger, not Number.  
at Object.warn (/Applications/Cocos/Creator/3.8.2/CocosCreator.app/Contents/Resources/app.asar/builtin/asset-db/dist/worker/console.ccc:1:1530)  
at warn (/Applications/Cocos/Creator/3.8.2/CocosCreator.app/Contents/Resources/resources/3d/engine/bin/.cache/dev/editor/bundled/index.js:160729:12)  
at warnID (/Applications/Cocos/Creator/3.8.2/CocosCreator.app/Contents/Resources/resources/3d/engine/bin/.cache/dev/editor/bundled/index.js:160911:5)  
at parseType (/Applications/Cocos/Creator/3.8.2/CocosCreator.app/Contents/Resources/resources/3d/engine/bin/.cache/dev/editor/bundled/index.js:273527:11)  
at preprocessAttrs (/Applications/Cocos/Creator/3.8.2/CocosCreator.app/Contents/Resources/resources/3d/engine/bin/.cache/dev/editor/bundled/index.js:273632:11)  
at declareProperties (/Applications/Cocos/Creator/3.8.2/CocosCreator.app/Contents/Resources/resources/3d/engine/bin/.cache/dev/editor/bundled/index.js:138398:7)  
at CCClass (/Applications/Cocos/Creator/3.8.2/CocosCreator.app/Contents/Resources/resources/3d/engine/bin/.cache/dev/editor/bundled/index.js:138427:5)  
at eval (/Applications/Cocos/Creator/3.8.2/CocosCreator.app/Contents/Resources/resources/3d/engine/bin/.cache/dev/editor/bundled/index.js:271455:21)  
at eval (/Applications/Cocos/Creator/3.8.2/CocosCreator.app/Contents/Resources/resources/3d/engine/bin/.cache/dev/editor/bundled/index.js:272466:18)  
at Object.execute (file:///Users/waostudio/Desktop/dragonfix/temp/programming/packer-driver/targets/editor/chunks/bc/bce485f5f8d372ab066f9ad120c42cba32dc7bee.js:58:443)  
at doExec (/Applications/Cocos/Creator/3.8.2/CocosCreator.app/Contents/Resources/app.asar/node_modules/@editor/lib-programming/static/executor/systemjs-bridge/out/index.js:517:30)  
at postOrderExec (/Applications/Cocos/Creator/3.8.2/CocosCreator.app/Contents/Resources/app.asar/node_modules/@editor/lib-programming/static/executor/systemjs-bridge/out/index.js:508:21)  
at /Applications/Cocos/Creator/3.8.2/CocosCreator.app/Contents/Resources/app.asar/node_modules/@editor/lib-programming/static/executor/systemjs-bridge/out/index.js:440:12  
at file:///Users/waostudio/Desktop/dragonfix/temp/programming/packer-driver/targets/editor/chunks/6d/cce:/internal/x/prerequisite-imports:8:13  
at Object.execute (file:///Users/waostudio/Desktop/dragonfix/temp/programming/packer-driver/targets/editor/chunks/6d/cce:/internal/x/prerequisite-imports:4:1)  
at Executor._importPrerequisiteModules (/Applications/Cocos/Creator/3.8.2/CocosCreator.app/Contents/Resources/app.asar/node_modules/@editor/lib-programming/src/executor/index.ts:311:13)  
at Executor.reload (/Applications/Cocos/Creator/3.8.2/CocosCreator.app/Contents/Resources/app.asar/node_modules/@editor/lib-programming/src/executor/index.ts:194:13)  
at /Applications/Cocos/Creator/3.8.2/CocosCreator.app/Contents/Resources/app.asar/builtin/builder/dist/worker/builder/asset-handler/script/load-script.ccc:1:2782  
at GlobalEnv.record (/Applications/Cocos/Creator/3.8.2/CocosCreator.app/Contents/Resources/app.asar/builtin/builder/dist/worker/builder/asset-handler/script/load-script.ccc:1:1284)  
at loadScript (/Applications/Cocos/Creator/3.8.2/CocosCreator.app/Contents/Resources/app.asar/builtin/builder/dist/worker/builder/asset-handler/script/load-script.ccc:1:2211)  
at BundleManager.loadScript (/Applications/Cocos/Creator/3.8.2/CocosCreator.app/Contents/Resources/app.asar/builtin/builder/dist/worker/builder/asset-handler/bundle/index.ccc:1:2788)  
at BuildTask.initBundleManager (/Applications/Cocos/Creator/3.8.2/CocosCreator.app/Contents/Resources/app.asar/builtin/builder/dist/worker/builder/index.ccc:1:7652)  
at BuildTask.run (/Applications/Cocos/Creator/3.8.2/CocosCreator.app/Contents/Resources/app.asar/builtin/builder/dist/worker/builder/index.ccc:1:3688)  
at build (/Applications/Cocos/Creator/3.8.2/CocosCreator.app/Contents/Resources/app.asar/builtin/builder/dist/worker/index.ccc:1:3733)  
at Ipc.<anonymous> (/Applications/Cocos/Creator/3.8.2/CocosCreator.app/Contents/Resources/app.asar/builtin/builder/dist/worker/msg-util.ccc:1:202)
6-4-2024 19:27:12 - warn: [Assets] The type of "NetworkConnect.useSSL" must be CCBoolean, not Boolean.[Assets] The type of "NetworkConnect.useSSL" must be CCBoolean, not Boolean.  
at Object.warn (/Applications/Cocos/Creator/3.8.2/CocosCreator.app/Contents/Resources/app.asar/builtin/asset-db/dist/worker/console.ccc:1:1530)  
at warn (/Applications/Cocos/Creator/3.8.2/CocosCreator.app/Contents/Resources/resources/3d/engine/bin/.cache/dev/editor/bundled/index.js:160729:12)  
at warnID (/Applications/Cocos/Creator/3.8.2/CocosCreator.app/Contents/Resources/resources/3d/engine/bin/.cache/dev/editor/bundled/index.js:160911:5)  
at parseType (/Applications/Cocos/Creator/3.8.2/CocosCreator.app/Contents/Resources/resources/3d/engine/bin/.cache/dev/editor/bundled/index.js:273522:11)  
at preprocessAttrs (/Applications/Cocos/Creator/3.8.2/CocosCreator.app/Contents/Resources/resources/3d/engine/bin/.cache/dev/editor/bundled/index.js:273632:11)  
at declareProperties (/Applications/Cocos/Creator/3.8.2/CocosCreator.app/Contents/Resources/resources/3d/engine/bin/.cache/dev/editor/bundled/index.js:138398:7)  
at CCClass (/Applications/Cocos/Creator/3.8.2/CocosCreator.app/Contents/Resources/resources/3d/engine/bin/.cache/dev/editor/bundled/index.js:138427:5)  
at eval (/Applications/Cocos/Creator/3.8.2/CocosCreator.app/Contents/Resources/resources/3d/engine/bin/.cache/dev/editor/bundled/index.js:271455:21)  
at eval (/Applications/Cocos/Creator/3.8.2/CocosCreator.app/Contents/Resources/resources/3d/engine/bin/.cache/dev/editor/bundled/index.js:272466:18)  
at Object.execute (file:///Users/waostudio/Desktop/dragonfix/temp/programming/packer-driver/targets/editor/chunks/bc/bce485f5f8d372ab066f9ad120c42cba32dc7bee.js:58:443)  
at doExec (/Applications/Cocos/Creator/3.8.2/CocosCreator.app/Contents/Resources/app.asar/node_modules/@editor/lib-programming/static/executor/systemjs-bridge/out/index.js:517:30)  
at postOrderExec (/Applications/Cocos/Creator/3.8.2/CocosCreator.app/Contents/Resources/app.asar/node_modules/@editor/lib-programming/static/executor/systemjs-bridge/out/index.js:508:21)  
at /Applications/Cocos/Creator/3.8.2/CocosCreator.app/Contents/Resources/app.asar/node_modules/@editor/lib-programming/static/executor/systemjs-bridge/out/index.js:440:12  
at file:///Users/waostudio/Desktop/dragonfix/temp/programming/packer-driver/targets/editor/chunks/6d/cce:/internal/x/prerequisite-imports:8:13  
at Object.execute (file:///Users/waostudio/Desktop/dragonfix/temp/programming/packer-driver/targets/editor/chunks/6d/cce:/internal/x/prerequisite-imports:4:1)  
at Executor._importPrerequisiteModules (/Applications/Cocos/Creator/3.8.2/CocosCreator.app/Contents/Resources/app.asar/node_modules/@editor/lib-programming/src/executor/index.ts:311:13)  
at Executor.reload (/Applications/Cocos/Creator/3.8.2/CocosCreator.app/Contents/Resources/app.asar/node_modules/@editor/lib-programming/src/executor/index.ts:194:13)  
at /Applications/Cocos/Creator/3.8.2/CocosCreator.app/Contents/Resources/app.asar/builtin/builder/dist/worker/builder/asset-handler/script/load-script.ccc:1:2782  
at GlobalEnv.record (/Applications/Cocos/Creator/3.8.2/CocosCreator.app/Contents/Resources/app.asar/builtin/builder/dist/worker/builder/asset-handler/script/load-script.ccc:1:1284)  
at loadScript (/Applications/Cocos/Creator/3.8.2/CocosCreator.app/Contents/Resources/app.asar/builtin/builder/dist/worker/builder/asset-handler/script/load-script.ccc:1:2211)  
at BundleManager.loadScript (/Applications/Cocos/Creator/3.8.2/CocosCreator.app/Contents/Resources/app.asar/builtin/builder/dist/worker/builder/asset-handler/bundle/index.ccc:1:2788)  
at BuildTask.initBundleManager (/Applications/Cocos/Creator/3.8.2/CocosCreator.app/Contents/Resources/app.asar/builtin/builder/dist/worker/builder/index.ccc:1:7652)  
at BuildTask.run (/Applications/Cocos/Creator/3.8.2/CocosCreator.app/Contents/Resources/app.asar/builtin/builder/dist/worker/builder/index.ccc:1:3688)  
at build (/Applications/Cocos/Creator/3.8.2/CocosCreator.app/Contents/Resources/app.asar/builtin/builder/dist/worker/index.ccc:1:3733)  
at Ipc.<anonymous> (/Applications/Cocos/Creator/3.8.2/CocosCreator.app/Contents/Resources/app.asar/builtin/builder/dist/worker/msg-util.ccc:1:202)
6-4-2024 19:27:47 - warn: [Assets] The type of "NetworkConnect.hostname" must be CCString, not String.[Assets] The type of "NetworkConnect.hostname" must be CCString, not String.  
at Object.warn (/Applications/Cocos/Creator/3.8.2/CocosCreator.app/Contents/Resources/app.asar/builtin/asset-db/dist/worker/console.ccc:1:1530)  
at warn (/Applications/Cocos/Creator/3.8.2/CocosCreator.app/Contents/Resources/resources/3d/engine/bin/.cache/dev/editor/bundled/index.js:160729:12)  
at warnID (/Applications/Cocos/Creator/3.8.2/CocosCreator.app/Contents/Resources/resources/3d/engine/bin/.cache/dev/editor/bundled/index.js:160911:5)  
at parseType (/Applications/Cocos/Creator/3.8.2/CocosCreator.app/Contents/Resources/resources/3d/engine/bin/.cache/dev/editor/bundled/index.js:273517:11)  
at preprocessAttrs (/Applications/Cocos/Creator/3.8.2/CocosCreator.app/Contents/Resources/resources/3d/engine/bin/.cache/dev/editor/bundled/index.js:273632:11)  
at declareProperties (/Applications/Cocos/Creator/3.8.2/CocosCreator.app/Contents/Resources/resources/3d/engine/bin/.cache/dev/editor/bundled/index.js:138398:7)  
at CCClass (/Applications/Cocos/Creator/3.8.2/CocosCreator.app/Contents/Resources/resources/3d/engine/bin/.cache/dev/editor/bundled/index.js:138427:5)  
at eval (/Applications/Cocos/Creator/3.8.2/CocosCreator.app/Contents/Resources/resources/3d/engine/bin/.cache/dev/editor/bundled/index.js:271455:21)  
at eval (/Applications/Cocos/Creator/3.8.2/CocosCreator.app/Contents/Resources/resources/3d/engine/bin/.cache/dev/editor/bundled/index.js:272466:18)  
at Object.execute (file:///Users/waostudio/Desktop/dragonfix/temp/programming/packer-driver/targets/editor/chunks/83/834ec28c28cc510822b78176a00ec21abc745083.js:99:11)  
at doExec (/Applications/Cocos/Creator/3.8.2/CocosCreator.app/Contents/Resources/app.asar/node_modules/@editor/lib-programming/static/executor/systemjs-bridge/out/index.js:517:30)  
at postOrderExec (/Applications/Cocos/Creator/3.8.2/CocosCreator.app/Contents/Resources/app.asar/node_modules/@editor/lib-programming/static/executor/systemjs-bridge/out/index.js:508:21)  
at /Applications/Cocos/Creator/3.8.2/CocosCreator.app/Contents/Resources/app.asar/node_modules/@editor/lib-programming/static/executor/systemjs-bridge/out/index.js:493:28  
at Array.forEach (<anonymous>)  
at postOrderExec (/Applications/Cocos/Creator/3.8.2/CocosCreator.app/Contents/Resources/app.asar/node_modules/@editor/lib-programming/static/executor/systemjs-bridge/out/index.js:491:10)  
at /Applications/Cocos/Creator/3.8.2/CocosCreator.app/Contents/Resources/app.asar/node_modules/@editor/lib-programming/static/executor/systemjs-bridge/out/index.js:440:12  
at file:///Users/waostudio/Desktop/dragonfix/temp/programming/packer-driver/targets/editor/chunks/6d/cce:/internal/x/prerequisite-imports:8:13  
at Object.execute (file:///Users/waostudio/Desktop/dragonfix/temp/programming/packer-driver/targets/editor/chunks/6d/cce:/internal/x/prerequisite-imports:4:1)  
at Executor._importPrerequisiteModules (/Applications/Cocos/Creator/3.8.2/CocosCreator.app/Contents/Resources/app.asar/node_modules/@editor/lib-programming/src/executor/index.ts:311:13)  
at Executor.reload (/Applications/Cocos/Creator/3.8.2/CocosCreator.app/Contents/Resources/app.asar/node_modules/@editor/lib-programming/src/executor/index.ts:194:13)  
at /Applications/Cocos/Creator/3.8.2/CocosCreator.app/Contents/Resources/app.asar/builtin/builder/dist/worker/builder/asset-handler/script/load-script.ccc:1:2782  
at GlobalEnv.record (/Applications/Cocos/Creator/3.8.2/CocosCreator.app/Contents/Resources/app.asar/builtin/builder/dist/worker/builder/asset-handler/script/load-script.ccc:1:1284)  
at loadScript (/Applications/Cocos/Creator/3.8.2/CocosCreator.app/Contents/Resources/app.asar/builtin/builder/dist/worker/builder/asset-handler/script/load-script.ccc:1:2211)  
at BundleManager.loadScript (/Applications/Cocos/Creator/3.8.2/CocosCreator.app/Contents/Resources/app.asar/builtin/builder/dist/worker/builder/asset-handler/bundle/index.ccc:1:2788)  
at BuildTask.initBundleManager (/Applications/Cocos/Creator/3.8.2/CocosCreator.app/Contents/Resources/app.asar/builtin/builder/dist/worker/builder/index.ccc:1:7652)  
at BuildTask.run (/Applications/Cocos/Creator/3.8.2/CocosCreator.app/Contents/Resources/app.asar/builtin/builder/dist/worker/builder/index.ccc:1:3688)  
at build (/Applications/Cocos/Creator/3.8.2/CocosCreator.app/Contents/Resources/app.asar/builtin/builder/dist/worker/index.ccc:1:3733)  
at Ipc.<anonymous> (/Applications/Cocos/Creator/3.8.2/CocosCreator.app/Contents/Resources/app.asar/builtin/builder/dist/worker/msg-util.ccc:1:202)
6-4-2024 19:27:47 - warn: [Assets] The type of "NetworkConnect.port" must be CCFloat or CCInteger, not Number.[Assets] The type of "NetworkConnect.port" must be CCFloat or CCInteger, not Number.  
at Object.warn (/Applications/Cocos/Creator/3.8.2/CocosCreator.app/Contents/Resources/app.asar/builtin/asset-db/dist/worker/console.ccc:1:1530)  
at warn (/Applications/Cocos/Creator/3.8.2/CocosCreator.app/Contents/Resources/resources/3d/engine/bin/.cache/dev/editor/bundled/index.js:160729:12)  
at warnID (/Applications/Cocos/Creator/3.8.2/CocosCreator.app/Contents/Resources/resources/3d/engine/bin/.cache/dev/editor/bundled/index.js:160911:5)  
at parseType (/Applications/Cocos/Creator/3.8.2/CocosCreator.app/Contents/Resources/resources/3d/engine/bin/.cache/dev/editor/bundled/index.js:273527:11)  
at preprocessAttrs (/Applications/Cocos/Creator/3.8.2/CocosCreator.app/Contents/Resources/resources/3d/engine/bin/.cache/dev/editor/bundled/index.js:273632:11)  
at declareProperties (/Applications/Cocos/Creator/3.8.2/CocosCreator.app/Contents/Resources/resources/3d/engine/bin/.cache/dev/editor/bundled/index.js:138398:7)  
at CCClass (/Applications/Cocos/Creator/3.8.2/CocosCreator.app/Contents/Resources/resources/3d/engine/bin/.cache/dev/editor/bundled/index.js:138427:5)  
at eval (/Applications/Cocos/Creator/3.8.2/CocosCreator.app/Contents/Resources/resources/3d/engine/bin/.cache/dev/editor/bundled/index.js:271455:21)  
at eval (/Applications/Cocos/Creator/3.8.2/CocosCreator.app/Contents/Resources/resources/3d/engine/bin/.cache/dev/editor/bundled/index.js:272466:18)  
at Object.execute (file:///Users/waostudio/Desktop/dragonfix/temp/programming/packer-driver/targets/editor/chunks/83/834ec28c28cc510822b78176a00ec21abc745083.js:99:11)  
at doExec (/Applications/Cocos/Creator/3.8.2/CocosCreator.app/Contents/Resources/app.asar/node_modules/@editor/lib-programming/static/executor/systemjs-bridge/out/index.js:517:30)  
at postOrderExec (/Applications/Cocos/Creator/3.8.2/CocosCreator.app/Contents/Resources/app.asar/node_modules/@editor/lib-programming/static/executor/systemjs-bridge/out/index.js:508:21)  
at /Applications/Cocos/Creator/3.8.2/CocosCreator.app/Contents/Resources/app.asar/node_modules/@editor/lib-programming/static/executor/systemjs-bridge/out/index.js:493:28  
at Array.forEach (<anonymous>)  
at postOrderExec (/Applications/Cocos/Creator/3.8.2/CocosCreator.app/Contents/Resources/app.asar/node_modules/@editor/lib-programming/static/executor/systemjs-bridge/out/index.js:491:10)  
at /Applications/Cocos/Creator/3.8.2/CocosCreator.app/Contents/Resources/app.asar/node_modules/@editor/lib-programming/static/executor/systemjs-bridge/out/index.js:440:12  
at file:///Users/waostudio/Desktop/dragonfix/temp/programming/packer-driver/targets/editor/chunks/6d/cce:/internal/x/prerequisite-imports:8:13  
at Object.execute (file:///Users/waostudio/Desktop/dragonfix/temp/programming/packer-driver/targets/editor/chunks/6d/cce:/internal/x/prerequisite-imports:4:1)  
at Executor._importPrerequisiteModules (/Applications/Cocos/Creator/3.8.2/CocosCreator.app/Contents/Resources/app.asar/node_modules/@editor/lib-programming/src/executor/index.ts:311:13)  
at Executor.reload (/Applications/Cocos/Creator/3.8.2/CocosCreator.app/Contents/Resources/app.asar/node_modules/@editor/lib-programming/src/executor/index.ts:194:13)  
at /Applications/Cocos/Creator/3.8.2/CocosCreator.app/Contents/Resources/app.asar/builtin/builder/dist/worker/builder/asset-handler/script/load-script.ccc:1:2782  
at GlobalEnv.record (/Applications/Cocos/Creator/3.8.2/CocosCreator.app/Contents/Resources/app.asar/builtin/builder/dist/worker/builder/asset-handler/script/load-script.ccc:1:1284)  
at loadScript (/Applications/Cocos/Creator/3.8.2/CocosCreator.app/Contents/Resources/app.asar/builtin/builder/dist/worker/builder/asset-handler/script/load-script.ccc:1:2211)  
at BundleManager.loadScript (/Applications/Cocos/Creator/3.8.2/CocosCreator.app/Contents/Resources/app.asar/builtin/builder/dist/worker/builder/asset-handler/bundle/index.ccc:1:2788)  
at BuildTask.initBundleManager (/Applications/Cocos/Creator/3.8.2/CocosCreator.app/Contents/Resources/app.asar/builtin/builder/dist/worker/builder/index.ccc:1:7652)  
at BuildTask.run (/Applications/Cocos/Creator/3.8.2/CocosCreator.app/Contents/Resources/app.asar/builtin/builder/dist/worker/builder/index.ccc:1:3688)  
at build (/Applications/Cocos/Creator/3.8.2/CocosCreator.app/Contents/Resources/app.asar/builtin/builder/dist/worker/index.ccc:1:3733)  
at Ipc.<anonymous> (/Applications/Cocos/Creator/3.8.2/CocosCreator.app/Contents/Resources/app.asar/builtin/builder/dist/worker/msg-util.ccc:1:202)
6-4-2024 19:27:47 - warn: [Assets] The type of "NetworkConnect.useSSL" must be CCBoolean, not Boolean.[Assets] The type of "NetworkConnect.useSSL" must be CCBoolean, not Boolean.  
at Object.warn (/Applications/Cocos/Creator/3.8.2/CocosCreator.app/Contents/Resources/app.asar/builtin/asset-db/dist/worker/console.ccc:1:1530)  
at warn (/Applications/Cocos/Creator/3.8.2/CocosCreator.app/Contents/Resources/resources/3d/engine/bin/.cache/dev/editor/bundled/index.js:160729:12)  
at warnID (/Applications/Cocos/Creator/3.8.2/CocosCreator.app/Contents/Resources/resources/3d/engine/bin/.cache/dev/editor/bundled/index.js:160911:5)  
at parseType (/Applications/Cocos/Creator/3.8.2/CocosCreator.app/Contents/Resources/resources/3d/engine/bin/.cache/dev/editor/bundled/index.js:273522:11)  
at preprocessAttrs (/Applications/Cocos/Creator/3.8.2/CocosCreator.app/Contents/Resources/resources/3d/engine/bin/.cache/dev/editor/bundled/index.js:273632:11)  
at declareProperties (/Applications/Cocos/Creator/3.8.2/CocosCreator.app/Contents/Resources/resources/3d/engine/bin/.cache/dev/editor/bundled/index.js:138398:7)  
at CCClass (/Applications/Cocos/Creator/3.8.2/CocosCreator.app/Contents/Resources/resources/3d/engine/bin/.cache/dev/editor/bundled/index.js:138427:5)  
at eval (/Applications/Cocos/Creator/3.8.2/CocosCreator.app/Contents/Resources/resources/3d/engine/bin/.cache/dev/editor/bundled/index.js:271455:21)  
at eval (/Applications/Cocos/Creator/3.8.2/CocosCreator.app/Contents/Resources/resources/3d/engine/bin/.cache/dev/editor/bundled/index.js:272466:18)  
at Object.execute (file:///Users/waostudio/Desktop/dragonfix/temp/programming/packer-driver/targets/editor/chunks/83/834ec28c28cc510822b78176a00ec21abc745083.js:99:11)  
at doExec (/Applications/Cocos/Creator/3.8.2/CocosCreator.app/Contents/Resources/app.asar/node_modules/@editor/lib-programming/static/executor/systemjs-bridge/out/index.js:517:30)  
at postOrderExec (/Applications/Cocos/Creator/3.8.2/CocosCreator.app/Contents/Resources/app.asar/node_modules/@editor/lib-programming/static/executor/systemjs-bridge/out/index.js:508:21)  
at /Applications/Cocos/Creator/3.8.2/CocosCreator.app/Contents/Resources/app.asar/node_modules/@editor/lib-programming/static/executor/systemjs-bridge/out/index.js:493:28  
at Array.forEach (<anonymous>)  
at postOrderExec (/Applications/Cocos/Creator/3.8.2/CocosCreator.app/Contents/Resources/app.asar/node_modules/@editor/lib-programming/static/executor/systemjs-bridge/out/index.js:491:10)  
at /Applications/Cocos/Creator/3.8.2/CocosCreator.app/Contents/Resources/app.asar/node_modules/@editor/lib-programming/static/executor/systemjs-bridge/out/index.js:440:12  
at file:///Users/waostudio/Desktop/dragonfix/temp/programming/packer-driver/targets/editor/chunks/6d/cce:/internal/x/prerequisite-imports:8:13  
at Object.execute (file:///Users/waostudio/Desktop/dragonfix/temp/programming/packer-driver/targets/editor/chunks/6d/cce:/internal/x/prerequisite-imports:4:1)  
at Executor._importPrerequisiteModules (/Applications/Cocos/Creator/3.8.2/CocosCreator.app/Contents/Resources/app.asar/node_modules/@editor/lib-programming/src/executor/index.ts:311:13)  
at Executor.reload (/Applications/Cocos/Creator/3.8.2/CocosCreator.app/Contents/Resources/app.asar/node_modules/@editor/lib-programming/src/executor/index.ts:194:13)  
at /Applications/Cocos/Creator/3.8.2/CocosCreator.app/Contents/Resources/app.asar/builtin/builder/dist/worker/builder/asset-handler/script/load-script.ccc:1:2782  
at GlobalEnv.record (/Applications/Cocos/Creator/3.8.2/CocosCreator.app/Contents/Resources/app.asar/builtin/builder/dist/worker/builder/asset-handler/script/load-script.ccc:1:1284)  
at loadScript (/Applications/Cocos/Creator/3.8.2/CocosCreator.app/Contents/Resources/app.asar/builtin/builder/dist/worker/builder/asset-handler/script/load-script.ccc:1:2211)  
at BundleManager.loadScript (/Applications/Cocos/Creator/3.8.2/CocosCreator.app/Contents/Resources/app.asar/builtin/builder/dist/worker/builder/asset-handler/bundle/index.ccc:1:2788)  
at BuildTask.initBundleManager (/Applications/Cocos/Creator/3.8.2/CocosCreator.app/Contents/Resources/app.asar/builtin/builder/dist/worker/builder/index.ccc:1:7652)  
at BuildTask.run (/Applications/Cocos/Creator/3.8.2/CocosCreator.app/Contents/Resources/app.asar/builtin/builder/dist/worker/builder/index.ccc:1:3688)  
at build (/Applications/Cocos/Creator/3.8.2/CocosCreator.app/Contents/Resources/app.asar/builtin/builder/dist/worker/index.ccc:1:3733)  
at Ipc.<anonymous> (/Applications/Cocos/Creator/3.8.2/CocosCreator.app/Contents/Resources/app.asar/builtin/builder/dist/worker/msg-util.ccc:1:202)
6-4-2024 19:27:47 - warn: [Assets] The type of "NetworkConnect.hostname" must be CCString, not String.[Assets] The type of "NetworkConnect.hostname" must be CCString, not String.  
at Object.warn (/Applications/Cocos/Creator/3.8.2/CocosCreator.app/Contents/Resources/app.asar/builtin/asset-db/dist/worker/console.ccc:1:1530)  
at warn (/Applications/Cocos/Creator/3.8.2/CocosCreator.app/Contents/Resources/resources/3d/engine/bin/.cache/dev/editor/bundled/index.js:160729:12)  
at warnID (/Applications/Cocos/Creator/3.8.2/CocosCreator.app/Contents/Resources/resources/3d/engine/bin/.cache/dev/editor/bundled/index.js:160911:5)  
at parseType (/Applications/Cocos/Creator/3.8.2/CocosCreator.app/Contents/Resources/resources/3d/engine/bin/.cache/dev/editor/bundled/index.js:273517:11)  
at preprocessAttrs (/Applications/Cocos/Creator/3.8.2/CocosCreator.app/Contents/Resources/resources/3d/engine/bin/.cache/dev/editor/bundled/index.js:273632:11)  
at declareProperties (/Applications/Cocos/Creator/3.8.2/CocosCreator.app/Contents/Resources/resources/3d/engine/bin/.cache/dev/editor/bundled/index.js:138398:7)  
at CCClass (/Applications/Cocos/Creator/3.8.2/CocosCreator.app/Contents/Resources/resources/3d/engine/bin/.cache/dev/editor/bundled/index.js:138427:5)  
at eval (/Applications/Cocos/Creator/3.8.2/CocosCreator.app/Contents/Resources/resources/3d/engine/bin/.cache/dev/editor/bundled/index.js:271455:21)  
at eval (/Applications/Cocos/Creator/3.8.2/CocosCreator.app/Contents/Resources/resources/3d/engine/bin/.cache/dev/editor/bundled/index.js:272466:18)  
at Object.execute (file:///Users/waostudio/Desktop/dragonfix/temp/programming/packer-driver/targets/editor/chunks/bc/bce485f5f8d372ab066f9ad120c42cba32dc7bee.js:58:443)  
at doExec (/Applications/Cocos/Creator/3.8.2/CocosCreator.app/Contents/Resources/app.asar/node_modules/@editor/lib-programming/static/executor/systemjs-bridge/out/index.js:517:30)  
at postOrderExec (/Applications/Cocos/Creator/3.8.2/CocosCreator.app/Contents/Resources/app.asar/node_modules/@editor/lib-programming/static/executor/systemjs-bridge/out/index.js:508:21)  
at /Applications/Cocos/Creator/3.8.2/CocosCreator.app/Contents/Resources/app.asar/node_modules/@editor/lib-programming/static/executor/systemjs-bridge/out/index.js:440:12  
at file:///Users/waostudio/Desktop/dragonfix/temp/programming/packer-driver/targets/editor/chunks/6d/cce:/internal/x/prerequisite-imports:8:13  
at Object.execute (file:///Users/waostudio/Desktop/dragonfix/temp/programming/packer-driver/targets/editor/chunks/6d/cce:/internal/x/prerequisite-imports:4:1)  
at Executor._importPrerequisiteModules (/Applications/Cocos/Creator/3.8.2/CocosCreator.app/Contents/Resources/app.asar/node_modules/@editor/lib-programming/src/executor/index.ts:311:13)  
at Executor.reload (/Applications/Cocos/Creator/3.8.2/CocosCreator.app/Contents/Resources/app.asar/node_modules/@editor/lib-programming/src/executor/index.ts:194:13)  
at /Applications/Cocos/Creator/3.8.2/CocosCreator.app/Contents/Resources/app.asar/builtin/builder/dist/worker/builder/asset-handler/script/load-script.ccc:1:2782  
at GlobalEnv.record (/Applications/Cocos/Creator/3.8.2/CocosCreator.app/Contents/Resources/app.asar/builtin/builder/dist/worker/builder/asset-handler/script/load-script.ccc:1:1284)  
at loadScript (/Applications/Cocos/Creator/3.8.2/CocosCreator.app/Contents/Resources/app.asar/builtin/builder/dist/worker/builder/asset-handler/script/load-script.ccc:1:2211)  
at BundleManager.loadScript (/Applications/Cocos/Creator/3.8.2/CocosCreator.app/Contents/Resources/app.asar/builtin/builder/dist/worker/builder/asset-handler/bundle/index.ccc:1:2788)  
at BuildTask.initBundleManager (/Applications/Cocos/Creator/3.8.2/CocosCreator.app/Contents/Resources/app.asar/builtin/builder/dist/worker/builder/index.ccc:1:7652)  
at BuildTask.run (/Applications/Cocos/Creator/3.8.2/CocosCreator.app/Contents/Resources/app.asar/builtin/builder/dist/worker/builder/index.ccc:1:3688)  
at build (/Applications/Cocos/Creator/3.8.2/CocosCreator.app/Contents/Resources/app.asar/builtin/builder/dist/worker/index.ccc:1:3733)  
at Ipc.<anonymous> (/Applications/Cocos/Creator/3.8.2/CocosCreator.app/Contents/Resources/app.asar/builtin/builder/dist/worker/msg-util.ccc:1:202)
6-4-2024 19:27:47 - warn: [Assets] The type of "NetworkConnect.port" must be CCFloat or CCInteger, not Number.[Assets] The type of "NetworkConnect.port" must be CCFloat or CCInteger, not Number.  
at Object.warn (/Applications/Cocos/Creator/3.8.2/CocosCreator.app/Contents/Resources/app.asar/builtin/asset-db/dist/worker/console.ccc:1:1530)  
at warn (/Applications/Cocos/Creator/3.8.2/CocosCreator.app/Contents/Resources/resources/3d/engine/bin/.cache/dev/editor/bundled/index.js:160729:12)  
at warnID (/Applications/Cocos/Creator/3.8.2/CocosCreator.app/Contents/Resources/resources/3d/engine/bin/.cache/dev/editor/bundled/index.js:160911:5)  
at parseType (/Applications/Cocos/Creator/3.8.2/CocosCreator.app/Contents/Resources/resources/3d/engine/bin/.cache/dev/editor/bundled/index.js:273527:11)  
at preprocessAttrs (/Applications/Cocos/Creator/3.8.2/CocosCreator.app/Contents/Resources/resources/3d/engine/bin/.cache/dev/editor/bundled/index.js:273632:11)  
at declareProperties (/Applications/Cocos/Creator/3.8.2/CocosCreator.app/Contents/Resources/resources/3d/engine/bin/.cache/dev/editor/bundled/index.js:138398:7)  
at CCClass (/Applications/Cocos/Creator/3.8.2/CocosCreator.app/Contents/Resources/resources/3d/engine/bin/.cache/dev/editor/bundled/index.js:138427:5)  
at eval (/Applications/Cocos/Creator/3.8.2/CocosCreator.app/Contents/Resources/resources/3d/engine/bin/.cache/dev/editor/bundled/index.js:271455:21)  
at eval (/Applications/Cocos/Creator/3.8.2/CocosCreator.app/Contents/Resources/resources/3d/engine/bin/.cache/dev/editor/bundled/index.js:272466:18)  
at Object.execute (file:///Users/waostudio/Desktop/dragonfix/temp/programming/packer-driver/targets/editor/chunks/bc/bce485f5f8d372ab066f9ad120c42cba32dc7bee.js:58:443)  
at doExec (/Applications/Cocos/Creator/3.8.2/CocosCreator.app/Contents/Resources/app.asar/node_modules/@editor/lib-programming/static/executor/systemjs-bridge/out/index.js:517:30)  
at postOrderExec (/Applications/Cocos/Creator/3.8.2/CocosCreator.app/Contents/Resources/app.asar/node_modules/@editor/lib-programming/static/executor/systemjs-bridge/out/index.js:508:21)  
at /Applications/Cocos/Creator/3.8.2/CocosCreator.app/Contents/Resources/app.asar/node_modules/@editor/lib-programming/static/executor/systemjs-bridge/out/index.js:440:12  
at file:///Users/waostudio/Desktop/dragonfix/temp/programming/packer-driver/targets/editor/chunks/6d/cce:/internal/x/prerequisite-imports:8:13  
at Object.execute (file:///Users/waostudio/Desktop/dragonfix/temp/programming/packer-driver/targets/editor/chunks/6d/cce:/internal/x/prerequisite-imports:4:1)  
at Executor._importPrerequisiteModules (/Applications/Cocos/Creator/3.8.2/CocosCreator.app/Contents/Resources/app.asar/node_modules/@editor/lib-programming/src/executor/index.ts:311:13)  
at Executor.reload (/Applications/Cocos/Creator/3.8.2/CocosCreator.app/Contents/Resources/app.asar/node_modules/@editor/lib-programming/src/executor/index.ts:194:13)  
at /Applications/Cocos/Creator/3.8.2/CocosCreator.app/Contents/Resources/app.asar/builtin/builder/dist/worker/builder/asset-handler/script/load-script.ccc:1:2782  
at GlobalEnv.record (/Applications/Cocos/Creator/3.8.2/CocosCreator.app/Contents/Resources/app.asar/builtin/builder/dist/worker/builder/asset-handler/script/load-script.ccc:1:1284)  
at loadScript (/Applications/Cocos/Creator/3.8.2/CocosCreator.app/Contents/Resources/app.asar/builtin/builder/dist/worker/builder/asset-handler/script/load-script.ccc:1:2211)  
at BundleManager.loadScript (/Applications/Cocos/Creator/3.8.2/CocosCreator.app/Contents/Resources/app.asar/builtin/builder/dist/worker/builder/asset-handler/bundle/index.ccc:1:2788)  
at BuildTask.initBundleManager (/Applications/Cocos/Creator/3.8.2/CocosCreator.app/Contents/Resources/app.asar/builtin/builder/dist/worker/builder/index.ccc:1:7652)  
at BuildTask.run (/Applications/Cocos/Creator/3.8.2/CocosCreator.app/Contents/Resources/app.asar/builtin/builder/dist/worker/builder/index.ccc:1:3688)  
at build (/Applications/Cocos/Creator/3.8.2/CocosCreator.app/Contents/Resources/app.asar/builtin/builder/dist/worker/index.ccc:1:3733)  
at Ipc.<anonymous> (/Applications/Cocos/Creator/3.8.2/CocosCreator.app/Contents/Resources/app.asar/builtin/builder/dist/worker/msg-util.ccc:1:202)
6-4-2024 19:27:47 - warn: [Assets] The type of "NetworkConnect.useSSL" must be CCBoolean, not Boolean.[Assets] The type of "NetworkConnect.useSSL" must be CCBoolean, not Boolean.  
at Object.warn (/Applications/Cocos/Creator/3.8.2/CocosCreator.app/Contents/Resources/app.asar/builtin/asset-db/dist/worker/console.ccc:1:1530)  
at warn (/Applications/Cocos/Creator/3.8.2/CocosCreator.app/Contents/Resources/resources/3d/engine/bin/.cache/dev/editor/bundled/index.js:160729:12)  
at warnID (/Applications/Cocos/Creator/3.8.2/CocosCreator.app/Contents/Resources/resources/3d/engine/bin/.cache/dev/editor/bundled/index.js:160911:5)  
at parseType (/Applications/Cocos/Creator/3.8.2/CocosCreator.app/Contents/Resources/resources/3d/engine/bin/.cache/dev/editor/bundled/index.js:273522:11)  
at preprocessAttrs (/Applications/Cocos/Creator/3.8.2/CocosCreator.app/Contents/Resources/resources/3d/engine/bin/.cache/dev/editor/bundled/index.js:273632:11)  
at declareProperties (/Applications/Cocos/Creator/3.8.2/CocosCreator.app/Contents/Resources/resources/3d/engine/bin/.cache/dev/editor/bundled/index.js:138398:7)  
at CCClass (/Applications/Cocos/Creator/3.8.2/CocosCreator.app/Contents/Resources/resources/3d/engine/bin/.cache/dev/editor/bundled/index.js:138427:5)  
at eval (/Applications/Cocos/Creator/3.8.2/CocosCreator.app/Contents/Resources/resources/3d/engine/bin/.cache/dev/editor/bundled/index.js:271455:21)  
at eval (/Applications/Cocos/Creator/3.8.2/CocosCreator.app/Contents/Resources/resources/3d/engine/bin/.cache/dev/editor/bundled/index.js:272466:18)  
at Object.execute (file:///Users/waostudio/Desktop/dragonfix/temp/programming/packer-driver/targets/editor/chunks/bc/bce485f5f8d372ab066f9ad120c42cba32dc7bee.js:58:443)  
at doExec (/Applications/Cocos/Creator/3.8.2/CocosCreator.app/Contents/Resources/app.asar/node_modules/@editor/lib-programming/static/executor/systemjs-bridge/out/index.js:517:30)  
at postOrderExec (/Applications/Cocos/Creator/3.8.2/CocosCreator.app/Contents/Resources/app.asar/node_modules/@editor/lib-programming/static/executor/systemjs-bridge/out/index.js:508:21)  
at /Applications/Cocos/Creator/3.8.2/CocosCreator.app/Contents/Resources/app.asar/node_modules/@editor/lib-programming/static/executor/systemjs-bridge/out/index.js:440:12  
at file:///Users/waostudio/Desktop/dragonfix/temp/programming/packer-driver/targets/editor/chunks/6d/cce:/internal/x/prerequisite-imports:8:13  
at Object.execute (file:///Users/waostudio/Desktop/dragonfix/temp/programming/packer-driver/targets/editor/chunks/6d/cce:/internal/x/prerequisite-imports:4:1)  
at Executor._importPrerequisiteModules (/Applications/Cocos/Creator/3.8.2/CocosCreator.app/Contents/Resources/app.asar/node_modules/@editor/lib-programming/src/executor/index.ts:311:13)  
at Executor.reload (/Applications/Cocos/Creator/3.8.2/CocosCreator.app/Contents/Resources/app.asar/node_modules/@editor/lib-programming/src/executor/index.ts:194:13)  
at /Applications/Cocos/Creator/3.8.2/CocosCreator.app/Contents/Resources/app.asar/builtin/builder/dist/worker/builder/asset-handler/script/load-script.ccc:1:2782  
at GlobalEnv.record (/Applications/Cocos/Creator/3.8.2/CocosCreator.app/Contents/Resources/app.asar/builtin/builder/dist/worker/builder/asset-handler/script/load-script.ccc:1:1284)  
at loadScript (/Applications/Cocos/Creator/3.8.2/CocosCreator.app/Contents/Resources/app.asar/builtin/builder/dist/worker/builder/asset-handler/script/load-script.ccc:1:2211)  
at BundleManager.loadScript (/Applications/Cocos/Creator/3.8.2/CocosCreator.app/Contents/Resources/app.asar/builtin/builder/dist/worker/builder/asset-handler/bundle/index.ccc:1:2788)  
at BuildTask.initBundleManager (/Applications/Cocos/Creator/3.8.2/CocosCreator.app/Contents/Resources/app.asar/builtin/builder/dist/worker/builder/index.ccc:1:7652)  
at BuildTask.run (/Applications/Cocos/Creator/3.8.2/CocosCreator.app/Contents/Resources/app.asar/builtin/builder/dist/worker/builder/index.ccc:1:3688)  
at build (/Applications/Cocos/Creator/3.8.2/CocosCreator.app/Contents/Resources/app.asar/builtin/builder/dist/worker/index.ccc:1:3733)  
at Ipc.<anonymous> (/Applications/Cocos/Creator/3.8.2/CocosCreator.app/Contents/Resources/app.asar/builtin/builder/dist/worker/msg-util.ccc:1:202)
