21:31:12 debug: 6/4/2024, 9:31:12 PM
21:31:12 debug: Project: C:\Users\Admin\OneDrive\Desktop\dragonfix
21:31:12 debug: Targets: editor,preview
21:31:12 debug: Incremental file seems great.
21:31:12 debug: Engine path: C:\ProgramData\cocos\editors\Creator\3.8.2\resources\resources\3d\engine
21:31:12 debug: Initializing target [Editor]
21:31:12 debug: Loading cache
21:31:12 debug: Loading cache costs 39.69020000100136ms.
21:31:12 debug: Engine features shipped in editor: base,gfx-webgl,gfx-webgl2,gfx-empty,3d,animation,skeletal-animation,2d,ui,particle,particle-2d,physics-framework,physics-2d-framework,physics-2d-box2d-wasm,intersection-2d,primitive,profiler,occlusion-query,geometry-renderer,debug-renderer,audio,video,xr,light-probe,terrain,webview,tween,tiled-map,spine,dragon-bones,marionette,procedural-animation,custom-pipeline,websocket,websocket-server
21:31:12 debug: Our import map(foo:/bar): {
  "imports": {
    "cc": "cce:/internal/x/cc"
  }
}
21:31:12 debug: Initializing target [Preview]
21:31:12 debug: Loading cache
21:31:12 debug: Loading cache costs 32.80359999835491ms.
21:31:12 debug: Our import map(foo:/bar): {
  "imports": {
    "cc": "cce:/internal/x/cc"
  }
}
21:31:13 debug: Sync engine features: 2d,animation,audio,base,dragon-bones,gfx-webgl,gfx-webgl2,intersection-2d,particle-2d,physics-2d-box2d,profiler,spine,tiled-map,tween,ui,video,webview
21:31:13 debug: Reset databases. Enumerated domains: [
  {
    "root": "db://internal/",
    "physical": "C:\\ProgramData\\cocos\\editors\\Creator\\3.8.2\\resources\\resources\\3d\\engine\\editor\\assets"
  },
  {
    "root": "db://assets/",
    "physical": "C:\\Users\\Admin\\OneDrive\\Desktop\\dragonfix\\assets"
  },
  {
    "root": "db://colyseus-sdk/",
    "physical": "C:\\Users\\Admin\\OneDrive\\Desktop\\dragonfix\\extensions\\Colyseus Multiplayer SDK\\runtime",
    "jail": "C:\\Users\\Admin\\OneDrive\\Desktop\\dragonfix\\extensions\\Colyseus Multiplayer SDK\\runtime"
  }
]
21:31:13 debug: Our import map(foo:/bar): {
  "imports": {
    "cc": "cce:/internal/x/cc",
    "db://internal/": "file:///C:/ProgramData/cocos/editors/Creator/3.8.2/resources/resources/3d/engine/editor/assets/",
    "db://assets/": "file:///C:/Users/Admin/OneDrive/Desktop/dragonfix/assets/",
    "db://colyseus-sdk/": "file:///C:/Users/Admin/OneDrive/Desktop/dragonfix/extensions/Colyseus%20Multiplayer%20SDK/runtime/"
  }
}
21:31:13 debug: Our import map(foo:/bar): {
  "imports": {
    "cc": "cce:/internal/x/cc",
    "db://internal/": "file:///C:/ProgramData/cocos/editors/Creator/3.8.2/resources/resources/3d/engine/editor/assets/",
    "db://assets/": "file:///C:/Users/Admin/OneDrive/Desktop/dragonfix/assets/",
    "db://colyseus-sdk/": "file:///C:/Users/Admin/OneDrive/Desktop/dragonfix/extensions/Colyseus%20Multiplayer%20SDK/runtime/"
  }
}
21:31:13 debug: Pulling asset-db.
21:31:13 debug: Fetch asset-db cost: 20.611300006508827ms.
21:31:13 debug: Build iteration starts.
Number of accumulated asset changes: 11
Feature changed: false
21:31:13 debug: Target(editor) build started.
21:31:13 debug: Detected change: cce:/internal/x/cc. Last mtime: Thu Jan 01 1970 07:00:05 GMT+0700 (Indochina Time), Current mtime: Thu Jan 01 1970 07:00:36 GMT+0700 (Indochina Time)
21:31:13 debug: Inspect cce:/internal/x/cc
21:31:13 debug: Resolve cce:/internal/x/cc-fu/base from cce:/internal/x/cc as external dependency cce:/internal/x/cc-fu/base.
21:31:13 debug: Resolve cce:/internal/x/cc-fu/gfx-webgl from cce:/internal/x/cc as external dependency cce:/internal/x/cc-fu/gfx-webgl.
21:31:13 debug: Resolve cce:/internal/x/cc-fu/gfx-webgl2 from cce:/internal/x/cc as external dependency cce:/internal/x/cc-fu/gfx-webgl2.
21:31:13 debug: Resolve cce:/internal/x/cc-fu/gfx-empty from cce:/internal/x/cc as external dependency cce:/internal/x/cc-fu/gfx-empty.
21:31:13 debug: Resolve cce:/internal/x/cc-fu/3d from cce:/internal/x/cc as external dependency cce:/internal/x/cc-fu/3d.
21:31:13 debug: Resolve cce:/internal/x/cc-fu/animation from cce:/internal/x/cc as external dependency cce:/internal/x/cc-fu/animation.
21:31:13 debug: Resolve cce:/internal/x/cc-fu/skeletal-animation from cce:/internal/x/cc as external dependency cce:/internal/x/cc-fu/skeletal-animation.
21:31:13 debug: Resolve cce:/internal/x/cc-fu/2d from cce:/internal/x/cc as external dependency cce:/internal/x/cc-fu/2d.
21:31:13 debug: Resolve cce:/internal/x/cc-fu/sorting from cce:/internal/x/cc as external dependency cce:/internal/x/cc-fu/sorting.
21:31:13 debug: Resolve cce:/internal/x/cc-fu/ui from cce:/internal/x/cc as external dependency cce:/internal/x/cc-fu/ui.
21:31:13 debug: Resolve cce:/internal/x/cc-fu/particle from cce:/internal/x/cc as external dependency cce:/internal/x/cc-fu/particle.
21:31:13 debug: Resolve cce:/internal/x/cc-fu/particle-2d from cce:/internal/x/cc as external dependency cce:/internal/x/cc-fu/particle-2d.
21:31:13 debug: Resolve cce:/internal/x/cc-fu/physics-framework from cce:/internal/x/cc as external dependency cce:/internal/x/cc-fu/physics-framework.
21:31:13 debug: Resolve cce:/internal/x/cc-fu/physics-2d-framework from cce:/internal/x/cc as external dependency cce:/internal/x/cc-fu/physics-2d-framework.
21:31:13 debug: Resolve cce:/internal/x/cc-fu/physics-2d-box2d-wasm from cce:/internal/x/cc as external dependency cce:/internal/x/cc-fu/physics-2d-box2d-wasm.
21:31:13 debug: Resolve cce:/internal/x/cc-fu/intersection-2d from cce:/internal/x/cc as external dependency cce:/internal/x/cc-fu/intersection-2d.
21:31:13 debug: Resolve cce:/internal/x/cc-fu/primitive from cce:/internal/x/cc as external dependency cce:/internal/x/cc-fu/primitive.
21:31:13 debug: Resolve cce:/internal/x/cc-fu/profiler from cce:/internal/x/cc as external dependency cce:/internal/x/cc-fu/profiler.
21:31:13 debug: Resolve cce:/internal/x/cc-fu/geometry-renderer from cce:/internal/x/cc as external dependency cce:/internal/x/cc-fu/geometry-renderer.
21:31:13 debug: Resolve cce:/internal/x/cc-fu/audio from cce:/internal/x/cc as external dependency cce:/internal/x/cc-fu/audio.
21:31:13 debug: Resolve cce:/internal/x/cc-fu/video from cce:/internal/x/cc as external dependency cce:/internal/x/cc-fu/video.
21:31:13 debug: Resolve cce:/internal/x/cc-fu/xr from cce:/internal/x/cc as external dependency cce:/internal/x/cc-fu/xr.
21:31:13 debug: Resolve cce:/internal/x/cc-fu/light-probe from cce:/internal/x/cc as external dependency cce:/internal/x/cc-fu/light-probe.
21:31:13 debug: Resolve cce:/internal/x/cc-fu/terrain from cce:/internal/x/cc as external dependency cce:/internal/x/cc-fu/terrain.
21:31:13 debug: Resolve cce:/internal/x/cc-fu/webview from cce:/internal/x/cc as external dependency cce:/internal/x/cc-fu/webview.
21:31:13 debug: Resolve cce:/internal/x/cc-fu/tween from cce:/internal/x/cc as external dependency cce:/internal/x/cc-fu/tween.
21:31:13 debug: Resolve cce:/internal/x/cc-fu/tiled-map from cce:/internal/x/cc as external dependency cce:/internal/x/cc-fu/tiled-map.
21:31:13 debug: Resolve cce:/internal/x/cc-fu/spine from cce:/internal/x/cc as external dependency cce:/internal/x/cc-fu/spine.
21:31:13 debug: Resolve cce:/internal/x/cc-fu/dragon-bones from cce:/internal/x/cc as external dependency cce:/internal/x/cc-fu/dragon-bones.
21:31:13 debug: Resolve cce:/internal/x/cc-fu/custom-pipeline from cce:/internal/x/cc as external dependency cce:/internal/x/cc-fu/custom-pipeline.
21:31:13 debug: Detected change: cce:/internal/x/prerequisite-imports. Last mtime: Thu Jan 01 1970 07:00:07 GMT+0700 (Indochina Time), Current mtime: Thu Jan 01 1970 07:00:36 GMT+0700 (Indochina Time)
21:31:13 debug: Inspect cce:/internal/x/prerequisite-imports
21:31:13 debug: Resolve file:///C:/ProgramData/cocos/editors/Creator/3.8.2/resources/resources/3d/engine/editor/assets/tools/debug-view-runtime-control.ts from cce:/internal/x/prerequisite-imports as file:///C:/ProgramData/cocos/editors/Creator/3.8.2/resources/resources/3d/engine/editor/assets/tools/debug-view-runtime-control.ts.
21:31:13 debug: Resolve cc from file:///C:/ProgramData/cocos/editors/Creator/3.8.2/resources/resources/3d/engine/editor/assets/tools/debug-view-runtime-control.ts as cce:/internal/x/cc.
21:31:13 debug: Resolve cc from file:///C:/ProgramData/cocos/editors/Creator/3.8.2/resources/resources/3d/engine/editor/assets/tools/debug-view-runtime-control.ts as cce:/internal/x/cc.
21:31:13 debug: Resolve cc from file:///C:/ProgramData/cocos/editors/Creator/3.8.2/resources/resources/3d/engine/editor/assets/tools/debug-view-runtime-control.ts as cce:/internal/x/cc.
21:31:13 debug: Resolve file:///C:/Users/Admin/OneDrive/Desktop/dragonfix/assets/Scripts/AudioController.ts from cce:/internal/x/prerequisite-imports as file:///C:/Users/Admin/OneDrive/Desktop/dragonfix/assets/Scripts/AudioController.ts.
21:31:13 debug: Inspect file:///C:/Users/Admin/OneDrive/Desktop/dragonfix/assets/Scripts/AudioController.ts
21:31:13 debug: Resolve cc from file:///C:/Users/Admin/OneDrive/Desktop/dragonfix/assets/Scripts/AudioController.ts as cce:/internal/x/cc.
21:31:13 debug: Resolve cc from file:///C:/Users/Admin/OneDrive/Desktop/dragonfix/assets/Scripts/AudioController.ts as cce:/internal/x/cc.
21:31:13 debug: Resolve cc from file:///C:/Users/Admin/OneDrive/Desktop/dragonfix/assets/Scripts/AudioController.ts as cce:/internal/x/cc.
21:31:13 debug: Resolve file:///C:/Users/Admin/OneDrive/Desktop/dragonfix/assets/Scripts/Chip.ts from cce:/internal/x/prerequisite-imports as file:///C:/Users/Admin/OneDrive/Desktop/dragonfix/assets/Scripts/Chip.ts.
21:31:13 debug: Inspect file:///C:/Users/Admin/OneDrive/Desktop/dragonfix/assets/Scripts/Chip.ts
21:31:14 debug: Resolve cce:/internal/code-quality/cr.mjs from file:///C:/Users/Admin/OneDrive/Desktop/dragonfix/assets/Scripts/Chip.ts as cce:/internal/code-quality/cr.mjs.
21:31:14 debug: Detected change: cce:/internal/code-quality/cr.mjs. Last mtime: Tue Jun 04 2024 18:43:52 GMT+0700 (Indochina Time), Current mtime: Tue Jun 04 2024 21:30:36 GMT+0700 (Indochina Time)
21:31:14 debug: Inspect cce:/internal/code-quality/cr.mjs
21:31:14 debug: Resolve cc from file:///C:/Users/Admin/OneDrive/Desktop/dragonfix/assets/Scripts/Chip.ts as cce:/internal/x/cc.
21:31:14 debug: Resolve cc from file:///C:/Users/Admin/OneDrive/Desktop/dragonfix/assets/Scripts/Chip.ts as cce:/internal/x/cc.
21:31:14 debug: Resolve cc from file:///C:/Users/Admin/OneDrive/Desktop/dragonfix/assets/Scripts/Chip.ts as cce:/internal/x/cc.
21:31:14 debug: Resolve ./AudioController from file:///C:/Users/Admin/OneDrive/Desktop/dragonfix/assets/Scripts/Chip.ts as file:///C:/Users/Admin/OneDrive/Desktop/dragonfix/assets/Scripts/AudioController.ts.
21:31:14 debug: Resolve file:///C:/Users/Admin/OneDrive/Desktop/dragonfix/assets/Scripts/Constant.ts from cce:/internal/x/prerequisite-imports as file:///C:/Users/Admin/OneDrive/Desktop/dragonfix/assets/Scripts/Constant.ts.
21:31:14 debug: Inspect file:///C:/Users/Admin/OneDrive/Desktop/dragonfix/assets/Scripts/Constant.ts
21:31:14 debug: Resolve cc from file:///C:/Users/Admin/OneDrive/Desktop/dragonfix/assets/Scripts/Constant.ts as cce:/internal/x/cc.
21:31:14 debug: Resolve file:///C:/Users/Admin/OneDrive/Desktop/dragonfix/assets/Scripts/GameController.ts from cce:/internal/x/prerequisite-imports as file:///C:/Users/Admin/OneDrive/Desktop/dragonfix/assets/Scripts/GameController.ts.
21:31:14 debug: Inspect file:///C:/Users/Admin/OneDrive/Desktop/dragonfix/assets/Scripts/GameController.ts
21:31:15 debug: Resolve cce:/internal/code-quality/cr.mjs from file:///C:/Users/Admin/OneDrive/Desktop/dragonfix/assets/Scripts/GameController.ts as cce:/internal/code-quality/cr.mjs.
21:31:15 debug: Resolve cc from file:///C:/Users/Admin/OneDrive/Desktop/dragonfix/assets/Scripts/GameController.ts as cce:/internal/x/cc.
21:31:15 debug: Resolve cc from file:///C:/Users/Admin/OneDrive/Desktop/dragonfix/assets/Scripts/GameController.ts as cce:/internal/x/cc.
21:31:15 debug: Resolve cc from file:///C:/Users/Admin/OneDrive/Desktop/dragonfix/assets/Scripts/GameController.ts as cce:/internal/x/cc.
21:31:15 debug: Resolve ./Chip from file:///C:/Users/Admin/OneDrive/Desktop/dragonfix/assets/Scripts/GameController.ts as file:///C:/Users/Admin/OneDrive/Desktop/dragonfix/assets/Scripts/Chip.ts.
21:31:15 debug: Resolve ./NetworkConnect from file:///C:/Users/Admin/OneDrive/Desktop/dragonfix/assets/Scripts/GameController.ts as file:///C:/Users/Admin/OneDrive/Desktop/dragonfix/assets/Scripts/NetworkConnect.ts.
21:31:15 debug: Inspect file:///C:/Users/Admin/OneDrive/Desktop/dragonfix/assets/Scripts/NetworkConnect.ts
21:31:16 debug: Resolve cce:/internal/code-quality/cr.mjs from file:///C:/Users/Admin/OneDrive/Desktop/dragonfix/assets/Scripts/NetworkConnect.ts as cce:/internal/code-quality/cr.mjs.
21:31:16 debug: Resolve cc from file:///C:/Users/Admin/OneDrive/Desktop/dragonfix/assets/Scripts/NetworkConnect.ts as cce:/internal/x/cc.
21:31:16 debug: Resolve cc from file:///C:/Users/Admin/OneDrive/Desktop/dragonfix/assets/Scripts/NetworkConnect.ts as cce:/internal/x/cc.
21:31:16 debug: Resolve cc from file:///C:/Users/Admin/OneDrive/Desktop/dragonfix/assets/Scripts/NetworkConnect.ts as cce:/internal/x/cc.
21:31:16 debug: Create cjs interop url for 'file:///C:/Users/Admin/OneDrive/Desktop/dragonfix/extensions/Colyseus%20Multiplayer%20SDK/runtime/colyseus.js'
21:31:16 debug: Resolve db://colyseus-sdk/colyseus.js from file:///C:/Users/Admin/OneDrive/Desktop/dragonfix/assets/Scripts/NetworkConnect.ts as file:///C:/Users/Admin/OneDrive/Desktop/dragonfix/extensions/Colyseus%20Multiplayer%20SDK/runtime/colyseus.mjs?cjs=&original=.js.
21:31:16 debug: Inspect file:///C:/Users/Admin/OneDrive/Desktop/dragonfix/extensions/Colyseus%20Multiplayer%20SDK/runtime/colyseus.mjs?cjs=&original=.js
21:31:16 debug: Resolve cce:/internal/code-quality/cr.mjs from file:///C:/Users/Admin/OneDrive/Desktop/dragonfix/extensions/Colyseus%20Multiplayer%20SDK/runtime/colyseus.mjs?cjs=&original=.js as cce:/internal/code-quality/cr.mjs.
21:31:16 debug: Resolve ./colyseus.js from file:///C:/Users/Admin/OneDrive/Desktop/dragonfix/extensions/Colyseus%20Multiplayer%20SDK/runtime/colyseus.mjs?cjs=&original=.js as file:///C:/Users/Admin/OneDrive/Desktop/dragonfix/extensions/Colyseus%20Multiplayer%20SDK/runtime/colyseus.js.
21:31:16 debug: Inspect file:///C:/Users/Admin/OneDrive/Desktop/dragonfix/extensions/Colyseus%20Multiplayer%20SDK/runtime/colyseus.js
21:31:19 debug: Resolve cce:/internal/ml/cjs-loader.mjs from file:///C:/Users/Admin/OneDrive/Desktop/dragonfix/extensions/Colyseus%20Multiplayer%20SDK/runtime/colyseus.js as cce:/internal/ml/cjs-loader.mjs.
21:31:19 debug: Detected change: cce:/internal/ml/cjs-loader.mjs. Last mtime: Tue Jun 04 2024 18:43:52 GMT+0700 (Indochina Time), Current mtime: Tue Jun 04 2024 21:30:36 GMT+0700 (Indochina Time)
21:31:19 debug: Inspect cce:/internal/ml/cjs-loader.mjs
21:31:19 debug: Resolve cce:/internal/ml/cjs-loader.mjs from file:///C:/Users/Admin/OneDrive/Desktop/dragonfix/extensions/Colyseus%20Multiplayer%20SDK/runtime/colyseus.mjs?cjs=&original=.js as cce:/internal/ml/cjs-loader.mjs.
21:31:19 debug: Resolve ./colyseus.js from file:///C:/Users/Admin/OneDrive/Desktop/dragonfix/extensions/Colyseus%20Multiplayer%20SDK/runtime/colyseus.mjs?cjs=&original=.js as file:///C:/Users/Admin/OneDrive/Desktop/dragonfix/extensions/Colyseus%20Multiplayer%20SDK/runtime/colyseus.js.
21:31:19 debug: Resolve ./colyseus.js from file:///C:/Users/Admin/OneDrive/Desktop/dragonfix/extensions/Colyseus%20Multiplayer%20SDK/runtime/colyseus.mjs?cjs=&original=.js as file:///C:/Users/Admin/OneDrive/Desktop/dragonfix/extensions/Colyseus%20Multiplayer%20SDK/runtime/colyseus.js.
21:31:19 debug: Resolve ./AudioController from file:///C:/Users/Admin/OneDrive/Desktop/dragonfix/assets/Scripts/NetworkConnect.ts as file:///C:/Users/Admin/OneDrive/Desktop/dragonfix/assets/Scripts/AudioController.ts.
21:31:19 debug: Resolve ./Chip from file:///C:/Users/Admin/OneDrive/Desktop/dragonfix/assets/Scripts/NetworkConnect.ts as file:///C:/Users/Admin/OneDrive/Desktop/dragonfix/assets/Scripts/Chip.ts.
21:31:19 debug: Resolve ./AudioController from file:///C:/Users/Admin/OneDrive/Desktop/dragonfix/assets/Scripts/GameController.ts as file:///C:/Users/Admin/OneDrive/Desktop/dragonfix/assets/Scripts/AudioController.ts.
21:31:19 debug: Resolve file:///C:/Users/Admin/OneDrive/Desktop/dragonfix/assets/Scripts/LoginScript/Connect.ts from cce:/internal/x/prerequisite-imports as file:///C:/Users/Admin/OneDrive/Desktop/dragonfix/assets/Scripts/LoginScript/Connect.ts.
21:31:19 debug: Inspect file:///C:/Users/Admin/OneDrive/Desktop/dragonfix/assets/Scripts/LoginScript/Connect.ts
21:31:20 debug: Resolve cce:/internal/code-quality/cr.mjs from file:///C:/Users/Admin/OneDrive/Desktop/dragonfix/assets/Scripts/LoginScript/Connect.ts as cce:/internal/code-quality/cr.mjs.
21:31:20 debug: Resolve cc from file:///C:/Users/Admin/OneDrive/Desktop/dragonfix/assets/Scripts/LoginScript/Connect.ts as cce:/internal/x/cc.
21:31:20 debug: Resolve cc from file:///C:/Users/Admin/OneDrive/Desktop/dragonfix/assets/Scripts/LoginScript/Connect.ts as cce:/internal/x/cc.
21:31:20 debug: Resolve cc from file:///C:/Users/Admin/OneDrive/Desktop/dragonfix/assets/Scripts/LoginScript/Connect.ts as cce:/internal/x/cc.
21:31:20 debug: Create cjs interop url for 'file:///C:/Users/Admin/OneDrive/Desktop/dragonfix/extensions/Colyseus%20Multiplayer%20SDK/runtime/colyseus.js'
21:31:20 debug: Resolve db://colyseus-sdk/colyseus.js from file:///C:/Users/Admin/OneDrive/Desktop/dragonfix/assets/Scripts/LoginScript/Connect.ts as file:///C:/Users/Admin/OneDrive/Desktop/dragonfix/extensions/Colyseus%20Multiplayer%20SDK/runtime/colyseus.mjs?cjs=&original=.js.
21:31:20 debug: Resolve file:///C:/Users/Admin/OneDrive/Desktop/dragonfix/assets/Scripts/LoginScript/Controller.ts from cce:/internal/x/prerequisite-imports as file:///C:/Users/Admin/OneDrive/Desktop/dragonfix/assets/Scripts/LoginScript/Controller.ts.
21:31:20 debug: Inspect file:///C:/Users/Admin/OneDrive/Desktop/dragonfix/assets/Scripts/LoginScript/Controller.ts
21:31:20 debug: Resolve cce:/internal/code-quality/cr.mjs from file:///C:/Users/Admin/OneDrive/Desktop/dragonfix/assets/Scripts/LoginScript/Controller.ts as cce:/internal/code-quality/cr.mjs.
21:31:20 debug: Resolve cc from file:///C:/Users/Admin/OneDrive/Desktop/dragonfix/assets/Scripts/LoginScript/Controller.ts as cce:/internal/x/cc.
21:31:20 debug: Resolve cc from file:///C:/Users/Admin/OneDrive/Desktop/dragonfix/assets/Scripts/LoginScript/Controller.ts as cce:/internal/x/cc.
21:31:20 debug: Resolve cc from file:///C:/Users/Admin/OneDrive/Desktop/dragonfix/assets/Scripts/LoginScript/Controller.ts as cce:/internal/x/cc.
21:31:20 debug: Resolve file:///C:/Users/Admin/OneDrive/Desktop/dragonfix/assets/Scripts/LogoScripts/Controller.ts from cce:/internal/x/prerequisite-imports as file:///C:/Users/Admin/OneDrive/Desktop/dragonfix/assets/Scripts/LogoScripts/Controller.ts.
21:31:20 debug: Inspect file:///C:/Users/Admin/OneDrive/Desktop/dragonfix/assets/Scripts/LogoScripts/Controller.ts
21:31:20 debug: Resolve cc from file:///C:/Users/Admin/OneDrive/Desktop/dragonfix/assets/Scripts/LogoScripts/Controller.ts as cce:/internal/x/cc.
21:31:20 debug: Resolve cc from file:///C:/Users/Admin/OneDrive/Desktop/dragonfix/assets/Scripts/LogoScripts/Controller.ts as cce:/internal/x/cc.
21:31:20 debug: Resolve cc from file:///C:/Users/Admin/OneDrive/Desktop/dragonfix/assets/Scripts/LogoScripts/Controller.ts as cce:/internal/x/cc.
21:31:20 debug: Resolve file:///C:/Users/Admin/OneDrive/Desktop/dragonfix/assets/Scripts/NetworkConnect.ts from cce:/internal/x/prerequisite-imports as file:///C:/Users/Admin/OneDrive/Desktop/dragonfix/assets/Scripts/NetworkConnect.ts.
21:31:20 debug: Resolve file:///C:/Users/Admin/OneDrive/Desktop/dragonfix/assets/Scripts/PlayerList.ts from cce:/internal/x/prerequisite-imports as file:///C:/Users/Admin/OneDrive/Desktop/dragonfix/assets/Scripts/PlayerList.ts.
21:31:20 debug: Inspect file:///C:/Users/Admin/OneDrive/Desktop/dragonfix/assets/Scripts/PlayerList.ts
21:31:20 debug: Resolve cc from file:///C:/Users/Admin/OneDrive/Desktop/dragonfix/assets/Scripts/PlayerList.ts as cce:/internal/x/cc.
21:31:20 debug: Resolve cc from file:///C:/Users/Admin/OneDrive/Desktop/dragonfix/assets/Scripts/PlayerList.ts as cce:/internal/x/cc.
21:31:20 debug: Resolve cc from file:///C:/Users/Admin/OneDrive/Desktop/dragonfix/assets/Scripts/PlayerList.ts as cce:/internal/x/cc.
21:31:20 debug: Target(editor) ends with cost 7792.035799995065ms.
21:31:20 debug: Target(preview) build started.
21:31:20 debug: Detected change: cce:/internal/x/cc. Last mtime: Thu Jan 01 1970 07:00:05 GMT+0700 (Indochina Time), Current mtime: Thu Jan 01 1970 07:00:36 GMT+0700 (Indochina Time)
21:31:20 debug: Inspect cce:/internal/x/cc
21:31:20 debug: Resolve cce:/internal/x/cc-fu/2d from cce:/internal/x/cc as external dependency cce:/internal/x/cc-fu/2d.
21:31:20 debug: Resolve cce:/internal/x/cc-fu/sorting from cce:/internal/x/cc as external dependency cce:/internal/x/cc-fu/sorting.
21:31:20 debug: Resolve cce:/internal/x/cc-fu/animation from cce:/internal/x/cc as external dependency cce:/internal/x/cc-fu/animation.
21:31:20 debug: Resolve cce:/internal/x/cc-fu/audio from cce:/internal/x/cc as external dependency cce:/internal/x/cc-fu/audio.
21:31:20 debug: Resolve cce:/internal/x/cc-fu/base from cce:/internal/x/cc as external dependency cce:/internal/x/cc-fu/base.
21:31:20 debug: Resolve cce:/internal/x/cc-fu/dragon-bones from cce:/internal/x/cc as external dependency cce:/internal/x/cc-fu/dragon-bones.
21:31:20 debug: Resolve cce:/internal/x/cc-fu/gfx-webgl from cce:/internal/x/cc as external dependency cce:/internal/x/cc-fu/gfx-webgl.
21:31:20 debug: Resolve cce:/internal/x/cc-fu/gfx-webgl2 from cce:/internal/x/cc as external dependency cce:/internal/x/cc-fu/gfx-webgl2.
21:31:20 debug: Resolve cce:/internal/x/cc-fu/intersection-2d from cce:/internal/x/cc as external dependency cce:/internal/x/cc-fu/intersection-2d.
21:31:20 debug: Resolve cce:/internal/x/cc-fu/particle-2d from cce:/internal/x/cc as external dependency cce:/internal/x/cc-fu/particle-2d.
21:31:20 debug: Resolve cce:/internal/x/cc-fu/physics-2d-box2d from cce:/internal/x/cc as external dependency cce:/internal/x/cc-fu/physics-2d-box2d.
21:31:20 debug: Resolve cce:/internal/x/cc-fu/physics-2d-framework from cce:/internal/x/cc as external dependency cce:/internal/x/cc-fu/physics-2d-framework.
21:31:20 debug: Resolve cce:/internal/x/cc-fu/profiler from cce:/internal/x/cc as external dependency cce:/internal/x/cc-fu/profiler.
21:31:20 debug: Resolve cce:/internal/x/cc-fu/spine from cce:/internal/x/cc as external dependency cce:/internal/x/cc-fu/spine.
21:31:20 debug: Resolve cce:/internal/x/cc-fu/tiled-map from cce:/internal/x/cc as external dependency cce:/internal/x/cc-fu/tiled-map.
21:31:20 debug: Resolve cce:/internal/x/cc-fu/tween from cce:/internal/x/cc as external dependency cce:/internal/x/cc-fu/tween.
21:31:20 debug: Resolve cce:/internal/x/cc-fu/ui from cce:/internal/x/cc as external dependency cce:/internal/x/cc-fu/ui.
21:31:20 debug: Resolve cce:/internal/x/cc-fu/video from cce:/internal/x/cc as external dependency cce:/internal/x/cc-fu/video.
21:31:20 debug: Resolve cce:/internal/x/cc-fu/webview from cce:/internal/x/cc as external dependency cce:/internal/x/cc-fu/webview.
21:31:20 debug: Detected change: cce:/internal/x/prerequisite-imports. Last mtime: Thu Jan 01 1970 07:00:08 GMT+0700 (Indochina Time), Current mtime: Thu Jan 01 1970 07:00:44 GMT+0700 (Indochina Time)
21:31:20 debug: Inspect cce:/internal/x/prerequisite-imports
21:31:20 debug: Resolve file:///C:/ProgramData/cocos/editors/Creator/3.8.2/resources/resources/3d/engine/editor/assets/tools/debug-view-runtime-control.ts from cce:/internal/x/prerequisite-imports as file:///C:/ProgramData/cocos/editors/Creator/3.8.2/resources/resources/3d/engine/editor/assets/tools/debug-view-runtime-control.ts.
21:31:21 debug: Resolve cc from file:///C:/ProgramData/cocos/editors/Creator/3.8.2/resources/resources/3d/engine/editor/assets/tools/debug-view-runtime-control.ts as cce:/internal/x/cc.
21:31:21 debug: Resolve cc from file:///C:/ProgramData/cocos/editors/Creator/3.8.2/resources/resources/3d/engine/editor/assets/tools/debug-view-runtime-control.ts as cce:/internal/x/cc.
21:31:21 debug: Resolve cc from file:///C:/ProgramData/cocos/editors/Creator/3.8.2/resources/resources/3d/engine/editor/assets/tools/debug-view-runtime-control.ts as cce:/internal/x/cc.
21:31:21 debug: Resolve file:///C:/Users/Admin/OneDrive/Desktop/dragonfix/assets/Scripts/AudioController.ts from cce:/internal/x/prerequisite-imports as file:///C:/Users/Admin/OneDrive/Desktop/dragonfix/assets/Scripts/AudioController.ts.
21:31:21 debug: Inspect file:///C:/Users/Admin/OneDrive/Desktop/dragonfix/assets/Scripts/AudioController.ts
21:31:21 debug: Resolve cc from file:///C:/Users/Admin/OneDrive/Desktop/dragonfix/assets/Scripts/AudioController.ts as cce:/internal/x/cc.
21:31:21 debug: Resolve cc from file:///C:/Users/Admin/OneDrive/Desktop/dragonfix/assets/Scripts/AudioController.ts as cce:/internal/x/cc.
21:31:21 debug: Resolve cc from file:///C:/Users/Admin/OneDrive/Desktop/dragonfix/assets/Scripts/AudioController.ts as cce:/internal/x/cc.
21:31:21 debug: Resolve file:///C:/Users/Admin/OneDrive/Desktop/dragonfix/assets/Scripts/Chip.ts from cce:/internal/x/prerequisite-imports as file:///C:/Users/Admin/OneDrive/Desktop/dragonfix/assets/Scripts/Chip.ts.
21:31:21 debug: Inspect file:///C:/Users/Admin/OneDrive/Desktop/dragonfix/assets/Scripts/Chip.ts
21:31:21 debug: Resolve cce:/internal/code-quality/cr.mjs from file:///C:/Users/Admin/OneDrive/Desktop/dragonfix/assets/Scripts/Chip.ts as cce:/internal/code-quality/cr.mjs.
21:31:21 debug: Detected change: cce:/internal/code-quality/cr.mjs. Last mtime: Tue Jun 04 2024 18:43:52 GMT+0700 (Indochina Time), Current mtime: Tue Jun 04 2024 21:30:36 GMT+0700 (Indochina Time)
21:31:21 debug: Inspect cce:/internal/code-quality/cr.mjs
21:31:21 debug: Resolve cc from file:///C:/Users/Admin/OneDrive/Desktop/dragonfix/assets/Scripts/Chip.ts as cce:/internal/x/cc.
21:31:21 debug: Resolve cc from file:///C:/Users/Admin/OneDrive/Desktop/dragonfix/assets/Scripts/Chip.ts as cce:/internal/x/cc.
21:31:21 debug: Resolve cc from file:///C:/Users/Admin/OneDrive/Desktop/dragonfix/assets/Scripts/Chip.ts as cce:/internal/x/cc.
21:31:21 debug: Resolve ./AudioController from file:///C:/Users/Admin/OneDrive/Desktop/dragonfix/assets/Scripts/Chip.ts as file:///C:/Users/Admin/OneDrive/Desktop/dragonfix/assets/Scripts/AudioController.ts.
21:31:21 debug: Resolve file:///C:/Users/Admin/OneDrive/Desktop/dragonfix/assets/Scripts/Constant.ts from cce:/internal/x/prerequisite-imports as file:///C:/Users/Admin/OneDrive/Desktop/dragonfix/assets/Scripts/Constant.ts.
21:31:21 debug: Inspect file:///C:/Users/Admin/OneDrive/Desktop/dragonfix/assets/Scripts/Constant.ts
21:31:21 debug: Resolve cc from file:///C:/Users/Admin/OneDrive/Desktop/dragonfix/assets/Scripts/Constant.ts as cce:/internal/x/cc.
21:31:21 debug: Resolve file:///C:/Users/Admin/OneDrive/Desktop/dragonfix/assets/Scripts/GameController.ts from cce:/internal/x/prerequisite-imports as file:///C:/Users/Admin/OneDrive/Desktop/dragonfix/assets/Scripts/GameController.ts.
21:31:21 debug: Inspect file:///C:/Users/Admin/OneDrive/Desktop/dragonfix/assets/Scripts/GameController.ts
21:31:21 debug: Resolve cce:/internal/code-quality/cr.mjs from file:///C:/Users/Admin/OneDrive/Desktop/dragonfix/assets/Scripts/GameController.ts as cce:/internal/code-quality/cr.mjs.
21:31:21 debug: Resolve cc from file:///C:/Users/Admin/OneDrive/Desktop/dragonfix/assets/Scripts/GameController.ts as cce:/internal/x/cc.
21:31:21 debug: Resolve cc from file:///C:/Users/Admin/OneDrive/Desktop/dragonfix/assets/Scripts/GameController.ts as cce:/internal/x/cc.
21:31:21 debug: Resolve cc from file:///C:/Users/Admin/OneDrive/Desktop/dragonfix/assets/Scripts/GameController.ts as cce:/internal/x/cc.
21:31:21 debug: Resolve ./Chip from file:///C:/Users/Admin/OneDrive/Desktop/dragonfix/assets/Scripts/GameController.ts as file:///C:/Users/Admin/OneDrive/Desktop/dragonfix/assets/Scripts/Chip.ts.
21:31:21 debug: Resolve ./NetworkConnect from file:///C:/Users/Admin/OneDrive/Desktop/dragonfix/assets/Scripts/GameController.ts as file:///C:/Users/Admin/OneDrive/Desktop/dragonfix/assets/Scripts/NetworkConnect.ts.
21:31:21 debug: Inspect file:///C:/Users/Admin/OneDrive/Desktop/dragonfix/assets/Scripts/NetworkConnect.ts
21:31:22 debug: Resolve cce:/internal/code-quality/cr.mjs from file:///C:/Users/Admin/OneDrive/Desktop/dragonfix/assets/Scripts/NetworkConnect.ts as cce:/internal/code-quality/cr.mjs.
21:31:22 debug: Resolve cc from file:///C:/Users/Admin/OneDrive/Desktop/dragonfix/assets/Scripts/NetworkConnect.ts as cce:/internal/x/cc.
21:31:22 debug: Resolve cc from file:///C:/Users/Admin/OneDrive/Desktop/dragonfix/assets/Scripts/NetworkConnect.ts as cce:/internal/x/cc.
21:31:22 debug: Resolve cc from file:///C:/Users/Admin/OneDrive/Desktop/dragonfix/assets/Scripts/NetworkConnect.ts as cce:/internal/x/cc.
21:31:22 debug: Create cjs interop url for 'file:///C:/Users/Admin/OneDrive/Desktop/dragonfix/extensions/Colyseus%20Multiplayer%20SDK/runtime/colyseus.js'
21:31:22 debug: Resolve db://colyseus-sdk/colyseus.js from file:///C:/Users/Admin/OneDrive/Desktop/dragonfix/assets/Scripts/NetworkConnect.ts as file:///C:/Users/Admin/OneDrive/Desktop/dragonfix/extensions/Colyseus%20Multiplayer%20SDK/runtime/colyseus.mjs?cjs=&original=.js.
21:31:22 debug: Inspect file:///C:/Users/Admin/OneDrive/Desktop/dragonfix/extensions/Colyseus%20Multiplayer%20SDK/runtime/colyseus.mjs?cjs=&original=.js
21:31:22 debug: Resolve cce:/internal/code-quality/cr.mjs from file:///C:/Users/Admin/OneDrive/Desktop/dragonfix/extensions/Colyseus%20Multiplayer%20SDK/runtime/colyseus.mjs?cjs=&original=.js as cce:/internal/code-quality/cr.mjs.
21:31:22 debug: Resolve ./colyseus.js from file:///C:/Users/Admin/OneDrive/Desktop/dragonfix/extensions/Colyseus%20Multiplayer%20SDK/runtime/colyseus.mjs?cjs=&original=.js as file:///C:/Users/Admin/OneDrive/Desktop/dragonfix/extensions/Colyseus%20Multiplayer%20SDK/runtime/colyseus.js.
21:31:22 debug: Inspect file:///C:/Users/Admin/OneDrive/Desktop/dragonfix/extensions/Colyseus%20Multiplayer%20SDK/runtime/colyseus.js
21:31:24 debug: Resolve cce:/internal/ml/cjs-loader.mjs from file:///C:/Users/Admin/OneDrive/Desktop/dragonfix/extensions/Colyseus%20Multiplayer%20SDK/runtime/colyseus.js as cce:/internal/ml/cjs-loader.mjs.
21:31:24 debug: Detected change: cce:/internal/ml/cjs-loader.mjs. Last mtime: Tue Jun 04 2024 18:43:52 GMT+0700 (Indochina Time), Current mtime: Tue Jun 04 2024 21:30:36 GMT+0700 (Indochina Time)
21:31:24 debug: Inspect cce:/internal/ml/cjs-loader.mjs
21:31:24 debug: Resolve cce:/internal/ml/cjs-loader.mjs from file:///C:/Users/Admin/OneDrive/Desktop/dragonfix/extensions/Colyseus%20Multiplayer%20SDK/runtime/colyseus.mjs?cjs=&original=.js as cce:/internal/ml/cjs-loader.mjs.
21:31:24 debug: Resolve ./colyseus.js from file:///C:/Users/Admin/OneDrive/Desktop/dragonfix/extensions/Colyseus%20Multiplayer%20SDK/runtime/colyseus.mjs?cjs=&original=.js as file:///C:/Users/Admin/OneDrive/Desktop/dragonfix/extensions/Colyseus%20Multiplayer%20SDK/runtime/colyseus.js.
21:31:24 debug: Resolve ./colyseus.js from file:///C:/Users/Admin/OneDrive/Desktop/dragonfix/extensions/Colyseus%20Multiplayer%20SDK/runtime/colyseus.mjs?cjs=&original=.js as file:///C:/Users/Admin/OneDrive/Desktop/dragonfix/extensions/Colyseus%20Multiplayer%20SDK/runtime/colyseus.js.
21:31:24 debug: Resolve ./AudioController from file:///C:/Users/Admin/OneDrive/Desktop/dragonfix/assets/Scripts/NetworkConnect.ts as file:///C:/Users/Admin/OneDrive/Desktop/dragonfix/assets/Scripts/AudioController.ts.
21:31:24 debug: Resolve ./Chip from file:///C:/Users/Admin/OneDrive/Desktop/dragonfix/assets/Scripts/NetworkConnect.ts as file:///C:/Users/Admin/OneDrive/Desktop/dragonfix/assets/Scripts/Chip.ts.
21:31:24 debug: Resolve ./AudioController from file:///C:/Users/Admin/OneDrive/Desktop/dragonfix/assets/Scripts/GameController.ts as file:///C:/Users/Admin/OneDrive/Desktop/dragonfix/assets/Scripts/AudioController.ts.
21:31:24 debug: Resolve file:///C:/Users/Admin/OneDrive/Desktop/dragonfix/assets/Scripts/LoginScript/Connect.ts from cce:/internal/x/prerequisite-imports as file:///C:/Users/Admin/OneDrive/Desktop/dragonfix/assets/Scripts/LoginScript/Connect.ts.
21:31:24 debug: Inspect file:///C:/Users/Admin/OneDrive/Desktop/dragonfix/assets/Scripts/LoginScript/Connect.ts
21:31:25 debug: Resolve cce:/internal/code-quality/cr.mjs from file:///C:/Users/Admin/OneDrive/Desktop/dragonfix/assets/Scripts/LoginScript/Connect.ts as cce:/internal/code-quality/cr.mjs.
21:31:25 debug: Resolve cc from file:///C:/Users/Admin/OneDrive/Desktop/dragonfix/assets/Scripts/LoginScript/Connect.ts as cce:/internal/x/cc.
21:31:25 debug: Resolve cc from file:///C:/Users/Admin/OneDrive/Desktop/dragonfix/assets/Scripts/LoginScript/Connect.ts as cce:/internal/x/cc.
21:31:25 debug: Resolve cc from file:///C:/Users/Admin/OneDrive/Desktop/dragonfix/assets/Scripts/LoginScript/Connect.ts as cce:/internal/x/cc.
21:31:25 debug: Create cjs interop url for 'file:///C:/Users/Admin/OneDrive/Desktop/dragonfix/extensions/Colyseus%20Multiplayer%20SDK/runtime/colyseus.js'
21:31:25 debug: Resolve db://colyseus-sdk/colyseus.js from file:///C:/Users/Admin/OneDrive/Desktop/dragonfix/assets/Scripts/LoginScript/Connect.ts as file:///C:/Users/Admin/OneDrive/Desktop/dragonfix/extensions/Colyseus%20Multiplayer%20SDK/runtime/colyseus.mjs?cjs=&original=.js.
21:31:25 debug: Resolve file:///C:/Users/Admin/OneDrive/Desktop/dragonfix/assets/Scripts/LoginScript/Controller.ts from cce:/internal/x/prerequisite-imports as file:///C:/Users/Admin/OneDrive/Desktop/dragonfix/assets/Scripts/LoginScript/Controller.ts.
21:31:25 debug: Inspect file:///C:/Users/Admin/OneDrive/Desktop/dragonfix/assets/Scripts/LoginScript/Controller.ts
21:31:25 debug: Resolve cce:/internal/code-quality/cr.mjs from file:///C:/Users/Admin/OneDrive/Desktop/dragonfix/assets/Scripts/LoginScript/Controller.ts as cce:/internal/code-quality/cr.mjs.
21:31:25 debug: Resolve cc from file:///C:/Users/Admin/OneDrive/Desktop/dragonfix/assets/Scripts/LoginScript/Controller.ts as cce:/internal/x/cc.
21:31:25 debug: Resolve cc from file:///C:/Users/Admin/OneDrive/Desktop/dragonfix/assets/Scripts/LoginScript/Controller.ts as cce:/internal/x/cc.
21:31:25 debug: Resolve cc from file:///C:/Users/Admin/OneDrive/Desktop/dragonfix/assets/Scripts/LoginScript/Controller.ts as cce:/internal/x/cc.
21:31:25 debug: Resolve file:///C:/Users/Admin/OneDrive/Desktop/dragonfix/assets/Scripts/LogoScripts/Controller.ts from cce:/internal/x/prerequisite-imports as file:///C:/Users/Admin/OneDrive/Desktop/dragonfix/assets/Scripts/LogoScripts/Controller.ts.
21:31:25 debug: Inspect file:///C:/Users/Admin/OneDrive/Desktop/dragonfix/assets/Scripts/LogoScripts/Controller.ts
21:31:25 debug: Resolve cc from file:///C:/Users/Admin/OneDrive/Desktop/dragonfix/assets/Scripts/LogoScripts/Controller.ts as cce:/internal/x/cc.
21:31:25 debug: Resolve cc from file:///C:/Users/Admin/OneDrive/Desktop/dragonfix/assets/Scripts/LogoScripts/Controller.ts as cce:/internal/x/cc.
21:31:25 debug: Resolve cc from file:///C:/Users/Admin/OneDrive/Desktop/dragonfix/assets/Scripts/LogoScripts/Controller.ts as cce:/internal/x/cc.
21:31:25 debug: Resolve file:///C:/Users/Admin/OneDrive/Desktop/dragonfix/assets/Scripts/NetworkConnect.ts from cce:/internal/x/prerequisite-imports as file:///C:/Users/Admin/OneDrive/Desktop/dragonfix/assets/Scripts/NetworkConnect.ts.
21:31:25 debug: Resolve file:///C:/Users/Admin/OneDrive/Desktop/dragonfix/assets/Scripts/PlayerList.ts from cce:/internal/x/prerequisite-imports as file:///C:/Users/Admin/OneDrive/Desktop/dragonfix/assets/Scripts/PlayerList.ts.
21:31:25 debug: Inspect file:///C:/Users/Admin/OneDrive/Desktop/dragonfix/assets/Scripts/PlayerList.ts
21:31:25 debug: Resolve cc from file:///C:/Users/Admin/OneDrive/Desktop/dragonfix/assets/Scripts/PlayerList.ts as cce:/internal/x/cc.
21:31:25 debug: Resolve cc from file:///C:/Users/Admin/OneDrive/Desktop/dragonfix/assets/Scripts/PlayerList.ts as cce:/internal/x/cc.
21:31:25 debug: Resolve cc from file:///C:/Users/Admin/OneDrive/Desktop/dragonfix/assets/Scripts/PlayerList.ts as cce:/internal/x/cc.
21:31:25 debug: Target(preview) ends with cost 4599.949300006032ms.
21:31:44 debug: Pulling asset-db.
21:31:47 debug: Fetch asset-db cost: 2536.0513999909163ms.
21:31:47 debug: Build iteration starts.
Number of accumulated asset changes: 12
Feature changed: false
21:31:47 debug: Target(editor) build started.
21:31:47 debug: Detected change: cce:/internal/x/prerequisite-imports. Last mtime: Thu Jan 01 1970 07:00:36 GMT+0700 (Indochina Time), Current mtime: Thu Jan 01 1970 07:01:10 GMT+0700 (Indochina Time)
21:31:47 debug: Inspect cce:/internal/x/prerequisite-imports
21:31:47 debug: Resolve file:///C:/ProgramData/cocos/editors/Creator/3.8.2/resources/resources/3d/engine/editor/assets/tools/debug-view-runtime-control.ts from cce:/internal/x/prerequisite-imports as file:///C:/ProgramData/cocos/editors/Creator/3.8.2/resources/resources/3d/engine/editor/assets/tools/debug-view-runtime-control.ts.
21:31:47 debug: Resolve file:///C:/Users/Admin/OneDrive/Desktop/dragonfix/assets/Scripts/AudioController.ts from cce:/internal/x/prerequisite-imports as file:///C:/Users/Admin/OneDrive/Desktop/dragonfix/assets/Scripts/AudioController.ts.
21:31:47 debug: Resolve file:///C:/Users/Admin/OneDrive/Desktop/dragonfix/assets/Scripts/Chip.ts from cce:/internal/x/prerequisite-imports as file:///C:/Users/Admin/OneDrive/Desktop/dragonfix/assets/Scripts/Chip.ts.
21:31:47 debug: Resolve file:///C:/Users/Admin/OneDrive/Desktop/dragonfix/assets/Scripts/Constant.ts from cce:/internal/x/prerequisite-imports as file:///C:/Users/Admin/OneDrive/Desktop/dragonfix/assets/Scripts/Constant.ts.
21:31:47 debug: Resolve file:///C:/Users/Admin/OneDrive/Desktop/dragonfix/assets/Scripts/GameController.ts from cce:/internal/x/prerequisite-imports as file:///C:/Users/Admin/OneDrive/Desktop/dragonfix/assets/Scripts/GameController.ts.
21:31:47 debug: Detected change: file:///C:/Users/Admin/OneDrive/Desktop/dragonfix/extensions/Colyseus%20Multiplayer%20SDK/runtime/colyseus.js. Last mtime: Tue Jun 04 2024 21:29:27 GMT+0700 (Indochina Time), Current mtime: Tue Jun 04 2024 21:29:27 GMT+0700 (Indochina Time)@b554cfc3-98f3-4c04-ac8b-fd4ca2621ffb
21:31:47 debug: Inspect file:///C:/Users/Admin/OneDrive/Desktop/dragonfix/extensions/Colyseus%20Multiplayer%20SDK/runtime/colyseus.js
21:31:51 debug: Resolve cce:/internal/ml/cjs-loader.mjs from file:///C:/Users/Admin/OneDrive/Desktop/dragonfix/extensions/Colyseus%20Multiplayer%20SDK/runtime/colyseus.js as cce:/internal/ml/cjs-loader.mjs.
21:31:51 debug: Resolve file:///C:/Users/Admin/OneDrive/Desktop/dragonfix/assets/Scripts/LoginScript/Connect.ts from cce:/internal/x/prerequisite-imports as file:///C:/Users/Admin/OneDrive/Desktop/dragonfix/assets/Scripts/LoginScript/Connect.ts.
21:31:51 debug: Resolve file:///C:/Users/Admin/OneDrive/Desktop/dragonfix/assets/Scripts/LoginScript/Controller.ts from cce:/internal/x/prerequisite-imports as file:///C:/Users/Admin/OneDrive/Desktop/dragonfix/assets/Scripts/LoginScript/Controller.ts.
21:31:51 debug: Resolve file:///C:/Users/Admin/OneDrive/Desktop/dragonfix/assets/Scripts/LogoScripts/Controller.ts from cce:/internal/x/prerequisite-imports as file:///C:/Users/Admin/OneDrive/Desktop/dragonfix/assets/Scripts/LogoScripts/Controller.ts.
21:31:51 debug: Resolve file:///C:/Users/Admin/OneDrive/Desktop/dragonfix/assets/Scripts/NetworkConnect.ts from cce:/internal/x/prerequisite-imports as file:///C:/Users/Admin/OneDrive/Desktop/dragonfix/assets/Scripts/NetworkConnect.ts.
21:31:51 debug: Resolve file:///C:/Users/Admin/OneDrive/Desktop/dragonfix/assets/Scripts/PlayerList.ts from cce:/internal/x/prerequisite-imports as file:///C:/Users/Admin/OneDrive/Desktop/dragonfix/assets/Scripts/PlayerList.ts.
21:31:51 debug: Create cjs interop url for 'file:///C:/Users/Admin/OneDrive/Desktop/dragonfix/extensions/Colyseus%20Multiplayer%20SDK/runtime/colyseus.js'
21:31:51 debug: Resolve file:///C:/Users/Admin/OneDrive/Desktop/dragonfix/extensions/Colyseus%20Multiplayer%20SDK/runtime/colyseus.js from cce:/internal/x/prerequisite-imports as file:///C:/Users/Admin/OneDrive/Desktop/dragonfix/extensions/Colyseus%20Multiplayer%20SDK/runtime/colyseus.mjs?cjs=&original=.js.
21:31:51 debug: Create cjs interop url for 'file:///C:/Users/Admin/OneDrive/Desktop/dragonfix/extensions/Colyseus%20Multiplayer%20SDK/runtime/colyseus.js'
21:31:52 debug: Target(editor) ends with cost 4584.925799995661ms.
21:31:52 debug: Target(preview) build started.
21:31:52 debug: Detected change: cce:/internal/x/prerequisite-imports. Last mtime: Thu Jan 01 1970 07:00:44 GMT+0700 (Indochina Time), Current mtime: Thu Jan 01 1970 07:01:15 GMT+0700 (Indochina Time)
21:31:52 debug: Inspect cce:/internal/x/prerequisite-imports
21:31:52 debug: Resolve file:///C:/ProgramData/cocos/editors/Creator/3.8.2/resources/resources/3d/engine/editor/assets/tools/debug-view-runtime-control.ts from cce:/internal/x/prerequisite-imports as file:///C:/ProgramData/cocos/editors/Creator/3.8.2/resources/resources/3d/engine/editor/assets/tools/debug-view-runtime-control.ts.
21:31:52 debug: Resolve file:///C:/Users/Admin/OneDrive/Desktop/dragonfix/assets/Scripts/AudioController.ts from cce:/internal/x/prerequisite-imports as file:///C:/Users/Admin/OneDrive/Desktop/dragonfix/assets/Scripts/AudioController.ts.
21:31:52 debug: Resolve file:///C:/Users/Admin/OneDrive/Desktop/dragonfix/assets/Scripts/Chip.ts from cce:/internal/x/prerequisite-imports as file:///C:/Users/Admin/OneDrive/Desktop/dragonfix/assets/Scripts/Chip.ts.
21:31:52 debug: Resolve file:///C:/Users/Admin/OneDrive/Desktop/dragonfix/assets/Scripts/Constant.ts from cce:/internal/x/prerequisite-imports as file:///C:/Users/Admin/OneDrive/Desktop/dragonfix/assets/Scripts/Constant.ts.
21:31:52 debug: Resolve file:///C:/Users/Admin/OneDrive/Desktop/dragonfix/assets/Scripts/GameController.ts from cce:/internal/x/prerequisite-imports as file:///C:/Users/Admin/OneDrive/Desktop/dragonfix/assets/Scripts/GameController.ts.
21:31:52 debug: Detected change: file:///C:/Users/Admin/OneDrive/Desktop/dragonfix/extensions/Colyseus%20Multiplayer%20SDK/runtime/colyseus.js. Last mtime: Tue Jun 04 2024 21:29:27 GMT+0700 (Indochina Time), Current mtime: Tue Jun 04 2024 21:29:27 GMT+0700 (Indochina Time)@b554cfc3-98f3-4c04-ac8b-fd4ca2621ffb
21:31:52 debug: Inspect file:///C:/Users/Admin/OneDrive/Desktop/dragonfix/extensions/Colyseus%20Multiplayer%20SDK/runtime/colyseus.js
21:31:54 debug: Resolve cce:/internal/ml/cjs-loader.mjs from file:///C:/Users/Admin/OneDrive/Desktop/dragonfix/extensions/Colyseus%20Multiplayer%20SDK/runtime/colyseus.js as cce:/internal/ml/cjs-loader.mjs.
21:31:55 debug: Resolve file:///C:/Users/Admin/OneDrive/Desktop/dragonfix/assets/Scripts/LoginScript/Connect.ts from cce:/internal/x/prerequisite-imports as file:///C:/Users/Admin/OneDrive/Desktop/dragonfix/assets/Scripts/LoginScript/Connect.ts.
21:31:55 debug: Resolve file:///C:/Users/Admin/OneDrive/Desktop/dragonfix/assets/Scripts/LoginScript/Controller.ts from cce:/internal/x/prerequisite-imports as file:///C:/Users/Admin/OneDrive/Desktop/dragonfix/assets/Scripts/LoginScript/Controller.ts.
21:31:55 debug: Resolve file:///C:/Users/Admin/OneDrive/Desktop/dragonfix/assets/Scripts/LogoScripts/Controller.ts from cce:/internal/x/prerequisite-imports as file:///C:/Users/Admin/OneDrive/Desktop/dragonfix/assets/Scripts/LogoScripts/Controller.ts.
21:31:55 debug: Resolve file:///C:/Users/Admin/OneDrive/Desktop/dragonfix/assets/Scripts/NetworkConnect.ts from cce:/internal/x/prerequisite-imports as file:///C:/Users/Admin/OneDrive/Desktop/dragonfix/assets/Scripts/NetworkConnect.ts.
21:31:55 debug: Resolve file:///C:/Users/Admin/OneDrive/Desktop/dragonfix/assets/Scripts/PlayerList.ts from cce:/internal/x/prerequisite-imports as file:///C:/Users/Admin/OneDrive/Desktop/dragonfix/assets/Scripts/PlayerList.ts.
21:31:55 debug: Create cjs interop url for 'file:///C:/Users/Admin/OneDrive/Desktop/dragonfix/extensions/Colyseus%20Multiplayer%20SDK/runtime/colyseus.js'
21:31:55 debug: Resolve file:///C:/Users/Admin/OneDrive/Desktop/dragonfix/extensions/Colyseus%20Multiplayer%20SDK/runtime/colyseus.js from cce:/internal/x/prerequisite-imports as file:///C:/Users/Admin/OneDrive/Desktop/dragonfix/extensions/Colyseus%20Multiplayer%20SDK/runtime/colyseus.mjs?cjs=&original=.js.
21:31:55 debug: Create cjs interop url for 'file:///C:/Users/Admin/OneDrive/Desktop/dragonfix/extensions/Colyseus%20Multiplayer%20SDK/runtime/colyseus.js'
21:31:55 debug: Target(preview) ends with cost 3087.4613000005484ms.
21:33:29 debug: Dispatch build request for time accumulated 1 asset changes.
21:33:29 debug: Build iteration starts.
Number of accumulated asset changes: 1
Feature changed: false
21:33:29 debug: Target(editor) build started.
21:33:29 debug: Detected change: cce:/internal/x/prerequisite-imports. Last mtime: Thu Jan 01 1970 07:01:10 GMT+0700 (Indochina Time), Current mtime: Thu Jan 01 1970 07:02:52 GMT+0700 (Indochina Time)
21:33:29 debug: Inspect cce:/internal/x/prerequisite-imports
21:33:29 debug: Resolve file:///C:/ProgramData/cocos/editors/Creator/3.8.2/resources/resources/3d/engine/editor/assets/tools/debug-view-runtime-control.ts from cce:/internal/x/prerequisite-imports as file:///C:/ProgramData/cocos/editors/Creator/3.8.2/resources/resources/3d/engine/editor/assets/tools/debug-view-runtime-control.ts.
21:33:29 debug: Resolve file:///C:/Users/Admin/OneDrive/Desktop/dragonfix/assets/Scripts/AudioController.ts from cce:/internal/x/prerequisite-imports as file:///C:/Users/Admin/OneDrive/Desktop/dragonfix/assets/Scripts/AudioController.ts.
21:33:29 debug: Resolve file:///C:/Users/Admin/OneDrive/Desktop/dragonfix/assets/Scripts/Chip.ts from cce:/internal/x/prerequisite-imports as file:///C:/Users/Admin/OneDrive/Desktop/dragonfix/assets/Scripts/Chip.ts.
21:33:29 debug: Resolve file:///C:/Users/Admin/OneDrive/Desktop/dragonfix/assets/Scripts/Constant.ts from cce:/internal/x/prerequisite-imports as file:///C:/Users/Admin/OneDrive/Desktop/dragonfix/assets/Scripts/Constant.ts.
21:33:29 debug: Resolve file:///C:/Users/Admin/OneDrive/Desktop/dragonfix/assets/Scripts/GameController.ts from cce:/internal/x/prerequisite-imports as file:///C:/Users/Admin/OneDrive/Desktop/dragonfix/assets/Scripts/GameController.ts.
21:33:29 debug: Detected change: file:///C:/Users/Admin/OneDrive/Desktop/dragonfix/assets/Scripts/GameController.ts. Last mtime: Tue Jun 04 2024 21:29:24 GMT+0700 (Indochina Time)@d8ab5610-dd96-4f78-9795-6218739fe6f3, Current mtime: Tue Jun 04 2024 21:33:12 GMT+0700 (Indochina Time)@d8ab5610-dd96-4f78-9795-6218739fe6f3
21:33:29 debug: Inspect file:///C:/Users/Admin/OneDrive/Desktop/dragonfix/assets/Scripts/GameController.ts
21:33:30 debug: Resolve cce:/internal/code-quality/cr.mjs from file:///C:/Users/Admin/OneDrive/Desktop/dragonfix/assets/Scripts/GameController.ts as cce:/internal/code-quality/cr.mjs.
21:33:30 debug: Resolve cc from file:///C:/Users/Admin/OneDrive/Desktop/dragonfix/assets/Scripts/GameController.ts as cce:/internal/x/cc.
21:33:30 debug: Resolve cc from file:///C:/Users/Admin/OneDrive/Desktop/dragonfix/assets/Scripts/GameController.ts as cce:/internal/x/cc.
21:33:30 debug: Resolve cc from file:///C:/Users/Admin/OneDrive/Desktop/dragonfix/assets/Scripts/GameController.ts as cce:/internal/x/cc.
21:33:30 debug: Resolve ./Chip from file:///C:/Users/Admin/OneDrive/Desktop/dragonfix/assets/Scripts/GameController.ts as file:///C:/Users/Admin/OneDrive/Desktop/dragonfix/assets/Scripts/Chip.ts.
21:33:30 debug: Resolve ./NetworkConnect from file:///C:/Users/Admin/OneDrive/Desktop/dragonfix/assets/Scripts/GameController.ts as file:///C:/Users/Admin/OneDrive/Desktop/dragonfix/assets/Scripts/NetworkConnect.ts.
21:33:30 debug: Resolve ./AudioController from file:///C:/Users/Admin/OneDrive/Desktop/dragonfix/assets/Scripts/GameController.ts as file:///C:/Users/Admin/OneDrive/Desktop/dragonfix/assets/Scripts/AudioController.ts.
21:33:30 debug: Resolve file:///C:/Users/Admin/OneDrive/Desktop/dragonfix/assets/Scripts/LoginScript/Connect.ts from cce:/internal/x/prerequisite-imports as file:///C:/Users/Admin/OneDrive/Desktop/dragonfix/assets/Scripts/LoginScript/Connect.ts.
21:33:30 debug: Resolve file:///C:/Users/Admin/OneDrive/Desktop/dragonfix/assets/Scripts/LoginScript/Controller.ts from cce:/internal/x/prerequisite-imports as file:///C:/Users/Admin/OneDrive/Desktop/dragonfix/assets/Scripts/LoginScript/Controller.ts.
21:33:30 debug: Resolve file:///C:/Users/Admin/OneDrive/Desktop/dragonfix/assets/Scripts/LogoScripts/Controller.ts from cce:/internal/x/prerequisite-imports as file:///C:/Users/Admin/OneDrive/Desktop/dragonfix/assets/Scripts/LogoScripts/Controller.ts.
21:33:30 debug: Resolve file:///C:/Users/Admin/OneDrive/Desktop/dragonfix/assets/Scripts/NetworkConnect.ts from cce:/internal/x/prerequisite-imports as file:///C:/Users/Admin/OneDrive/Desktop/dragonfix/assets/Scripts/NetworkConnect.ts.
21:33:30 debug: Resolve file:///C:/Users/Admin/OneDrive/Desktop/dragonfix/assets/Scripts/PlayerList.ts from cce:/internal/x/prerequisite-imports as file:///C:/Users/Admin/OneDrive/Desktop/dragonfix/assets/Scripts/PlayerList.ts.
21:33:30 debug: Create cjs interop url for 'file:///C:/Users/Admin/OneDrive/Desktop/dragonfix/extensions/Colyseus%20Multiplayer%20SDK/runtime/colyseus.js'
21:33:30 debug: Resolve file:///C:/Users/Admin/OneDrive/Desktop/dragonfix/extensions/Colyseus%20Multiplayer%20SDK/runtime/colyseus.js from cce:/internal/x/prerequisite-imports as file:///C:/Users/Admin/OneDrive/Desktop/dragonfix/extensions/Colyseus%20Multiplayer%20SDK/runtime/colyseus.mjs?cjs=&original=.js.
21:33:30 debug: Create cjs interop url for 'file:///C:/Users/Admin/OneDrive/Desktop/dragonfix/extensions/Colyseus%20Multiplayer%20SDK/runtime/colyseus.js'
21:33:30 debug: Target(editor) ends with cost 1261.113300010562ms.
21:33:30 debug: Target(preview) build started.
21:33:30 debug: Detected change: cce:/internal/x/prerequisite-imports. Last mtime: Thu Jan 01 1970 07:01:15 GMT+0700 (Indochina Time), Current mtime: Thu Jan 01 1970 07:02:53 GMT+0700 (Indochina Time)
21:33:30 debug: Inspect cce:/internal/x/prerequisite-imports
21:33:30 debug: Resolve file:///C:/ProgramData/cocos/editors/Creator/3.8.2/resources/resources/3d/engine/editor/assets/tools/debug-view-runtime-control.ts from cce:/internal/x/prerequisite-imports as file:///C:/ProgramData/cocos/editors/Creator/3.8.2/resources/resources/3d/engine/editor/assets/tools/debug-view-runtime-control.ts.
21:33:30 debug: Resolve file:///C:/Users/Admin/OneDrive/Desktop/dragonfix/assets/Scripts/AudioController.ts from cce:/internal/x/prerequisite-imports as file:///C:/Users/Admin/OneDrive/Desktop/dragonfix/assets/Scripts/AudioController.ts.
21:33:30 debug: Resolve file:///C:/Users/Admin/OneDrive/Desktop/dragonfix/assets/Scripts/Chip.ts from cce:/internal/x/prerequisite-imports as file:///C:/Users/Admin/OneDrive/Desktop/dragonfix/assets/Scripts/Chip.ts.
21:33:30 debug: Resolve file:///C:/Users/Admin/OneDrive/Desktop/dragonfix/assets/Scripts/Constant.ts from cce:/internal/x/prerequisite-imports as file:///C:/Users/Admin/OneDrive/Desktop/dragonfix/assets/Scripts/Constant.ts.
21:33:30 debug: Resolve file:///C:/Users/Admin/OneDrive/Desktop/dragonfix/assets/Scripts/GameController.ts from cce:/internal/x/prerequisite-imports as file:///C:/Users/Admin/OneDrive/Desktop/dragonfix/assets/Scripts/GameController.ts.
21:33:30 debug: Detected change: file:///C:/Users/Admin/OneDrive/Desktop/dragonfix/assets/Scripts/GameController.ts. Last mtime: Tue Jun 04 2024 21:29:24 GMT+0700 (Indochina Time)@d8ab5610-dd96-4f78-9795-6218739fe6f3, Current mtime: Tue Jun 04 2024 21:33:12 GMT+0700 (Indochina Time)@d8ab5610-dd96-4f78-9795-6218739fe6f3
21:33:30 debug: Inspect file:///C:/Users/Admin/OneDrive/Desktop/dragonfix/assets/Scripts/GameController.ts
21:33:31 debug: Resolve cce:/internal/code-quality/cr.mjs from file:///C:/Users/Admin/OneDrive/Desktop/dragonfix/assets/Scripts/GameController.ts as cce:/internal/code-quality/cr.mjs.
21:33:31 debug: Resolve cc from file:///C:/Users/Admin/OneDrive/Desktop/dragonfix/assets/Scripts/GameController.ts as cce:/internal/x/cc.
21:33:31 debug: Resolve cc from file:///C:/Users/Admin/OneDrive/Desktop/dragonfix/assets/Scripts/GameController.ts as cce:/internal/x/cc.
21:33:31 debug: Resolve cc from file:///C:/Users/Admin/OneDrive/Desktop/dragonfix/assets/Scripts/GameController.ts as cce:/internal/x/cc.
21:33:31 debug: Resolve ./Chip from file:///C:/Users/Admin/OneDrive/Desktop/dragonfix/assets/Scripts/GameController.ts as file:///C:/Users/Admin/OneDrive/Desktop/dragonfix/assets/Scripts/Chip.ts.
21:33:31 debug: Resolve ./NetworkConnect from file:///C:/Users/Admin/OneDrive/Desktop/dragonfix/assets/Scripts/GameController.ts as file:///C:/Users/Admin/OneDrive/Desktop/dragonfix/assets/Scripts/NetworkConnect.ts.
21:33:31 debug: Resolve ./AudioController from file:///C:/Users/Admin/OneDrive/Desktop/dragonfix/assets/Scripts/GameController.ts as file:///C:/Users/Admin/OneDrive/Desktop/dragonfix/assets/Scripts/AudioController.ts.
21:33:31 debug: Resolve file:///C:/Users/Admin/OneDrive/Desktop/dragonfix/assets/Scripts/LoginScript/Connect.ts from cce:/internal/x/prerequisite-imports as file:///C:/Users/Admin/OneDrive/Desktop/dragonfix/assets/Scripts/LoginScript/Connect.ts.
21:33:31 debug: Resolve file:///C:/Users/Admin/OneDrive/Desktop/dragonfix/assets/Scripts/LoginScript/Controller.ts from cce:/internal/x/prerequisite-imports as file:///C:/Users/Admin/OneDrive/Desktop/dragonfix/assets/Scripts/LoginScript/Controller.ts.
21:33:31 debug: Resolve file:///C:/Users/Admin/OneDrive/Desktop/dragonfix/assets/Scripts/LogoScripts/Controller.ts from cce:/internal/x/prerequisite-imports as file:///C:/Users/Admin/OneDrive/Desktop/dragonfix/assets/Scripts/LogoScripts/Controller.ts.
21:33:31 debug: Resolve file:///C:/Users/Admin/OneDrive/Desktop/dragonfix/assets/Scripts/NetworkConnect.ts from cce:/internal/x/prerequisite-imports as file:///C:/Users/Admin/OneDrive/Desktop/dragonfix/assets/Scripts/NetworkConnect.ts.
21:33:31 debug: Resolve file:///C:/Users/Admin/OneDrive/Desktop/dragonfix/assets/Scripts/PlayerList.ts from cce:/internal/x/prerequisite-imports as file:///C:/Users/Admin/OneDrive/Desktop/dragonfix/assets/Scripts/PlayerList.ts.
21:33:31 debug: Create cjs interop url for 'file:///C:/Users/Admin/OneDrive/Desktop/dragonfix/extensions/Colyseus%20Multiplayer%20SDK/runtime/colyseus.js'
21:33:31 debug: Resolve file:///C:/Users/Admin/OneDrive/Desktop/dragonfix/extensions/Colyseus%20Multiplayer%20SDK/runtime/colyseus.js from cce:/internal/x/prerequisite-imports as file:///C:/Users/Admin/OneDrive/Desktop/dragonfix/extensions/Colyseus%20Multiplayer%20SDK/runtime/colyseus.mjs?cjs=&original=.js.
21:33:31 debug: Create cjs interop url for 'file:///C:/Users/Admin/OneDrive/Desktop/dragonfix/extensions/Colyseus%20Multiplayer%20SDK/runtime/colyseus.js'
21:33:31 debug: Target(preview) ends with cost 974.5999000072479ms.
21:35:12 debug: Dispatch build request for time accumulated 1 asset changes.
21:35:12 debug: Build iteration starts.
Number of accumulated asset changes: 1
Feature changed: false
21:35:12 debug: Target(editor) build started.
21:35:12 debug: Detected change: cce:/internal/x/prerequisite-imports. Last mtime: Thu Jan 01 1970 07:02:52 GMT+0700 (Indochina Time), Current mtime: Thu Jan 01 1970 07:04:35 GMT+0700 (Indochina Time)
21:35:12 debug: Inspect cce:/internal/x/prerequisite-imports
21:35:12 debug: Resolve file:///C:/ProgramData/cocos/editors/Creator/3.8.2/resources/resources/3d/engine/editor/assets/tools/debug-view-runtime-control.ts from cce:/internal/x/prerequisite-imports as file:///C:/ProgramData/cocos/editors/Creator/3.8.2/resources/resources/3d/engine/editor/assets/tools/debug-view-runtime-control.ts.
21:35:12 debug: Resolve file:///C:/Users/Admin/OneDrive/Desktop/dragonfix/assets/Scripts/AudioController.ts from cce:/internal/x/prerequisite-imports as file:///C:/Users/Admin/OneDrive/Desktop/dragonfix/assets/Scripts/AudioController.ts.
21:35:12 debug: Resolve file:///C:/Users/Admin/OneDrive/Desktop/dragonfix/assets/Scripts/Chip.ts from cce:/internal/x/prerequisite-imports as file:///C:/Users/Admin/OneDrive/Desktop/dragonfix/assets/Scripts/Chip.ts.
21:35:12 debug: Resolve file:///C:/Users/Admin/OneDrive/Desktop/dragonfix/assets/Scripts/Constant.ts from cce:/internal/x/prerequisite-imports as file:///C:/Users/Admin/OneDrive/Desktop/dragonfix/assets/Scripts/Constant.ts.
21:35:12 debug: Resolve file:///C:/Users/Admin/OneDrive/Desktop/dragonfix/assets/Scripts/GameController.ts from cce:/internal/x/prerequisite-imports as file:///C:/Users/Admin/OneDrive/Desktop/dragonfix/assets/Scripts/GameController.ts.
21:35:12 debug: Detected change: file:///C:/Users/Admin/OneDrive/Desktop/dragonfix/assets/Scripts/GameController.ts. Last mtime: Tue Jun 04 2024 21:33:12 GMT+0700 (Indochina Time)@d8ab5610-dd96-4f78-9795-6218739fe6f3, Current mtime: Tue Jun 04 2024 21:33:47 GMT+0700 (Indochina Time)@d8ab5610-dd96-4f78-9795-6218739fe6f3
21:35:12 debug: Inspect file:///C:/Users/Admin/OneDrive/Desktop/dragonfix/assets/Scripts/GameController.ts
21:35:12 debug: Resolve cce:/internal/code-quality/cr.mjs from file:///C:/Users/Admin/OneDrive/Desktop/dragonfix/assets/Scripts/GameController.ts as cce:/internal/code-quality/cr.mjs.
21:35:12 debug: Resolve cc from file:///C:/Users/Admin/OneDrive/Desktop/dragonfix/assets/Scripts/GameController.ts as cce:/internal/x/cc.
21:35:12 debug: Resolve cc from file:///C:/Users/Admin/OneDrive/Desktop/dragonfix/assets/Scripts/GameController.ts as cce:/internal/x/cc.
21:35:12 debug: Resolve cc from file:///C:/Users/Admin/OneDrive/Desktop/dragonfix/assets/Scripts/GameController.ts as cce:/internal/x/cc.
21:35:12 debug: Resolve ./Chip from file:///C:/Users/Admin/OneDrive/Desktop/dragonfix/assets/Scripts/GameController.ts as file:///C:/Users/Admin/OneDrive/Desktop/dragonfix/assets/Scripts/Chip.ts.
21:35:12 debug: Resolve ./NetworkConnect from file:///C:/Users/Admin/OneDrive/Desktop/dragonfix/assets/Scripts/GameController.ts as file:///C:/Users/Admin/OneDrive/Desktop/dragonfix/assets/Scripts/NetworkConnect.ts.
21:35:12 debug: Resolve ./AudioController from file:///C:/Users/Admin/OneDrive/Desktop/dragonfix/assets/Scripts/GameController.ts as file:///C:/Users/Admin/OneDrive/Desktop/dragonfix/assets/Scripts/AudioController.ts.
21:35:12 debug: Resolve file:///C:/Users/Admin/OneDrive/Desktop/dragonfix/assets/Scripts/LoginScript/Connect.ts from cce:/internal/x/prerequisite-imports as file:///C:/Users/Admin/OneDrive/Desktop/dragonfix/assets/Scripts/LoginScript/Connect.ts.
21:35:12 debug: Resolve file:///C:/Users/Admin/OneDrive/Desktop/dragonfix/assets/Scripts/LoginScript/Controller.ts from cce:/internal/x/prerequisite-imports as file:///C:/Users/Admin/OneDrive/Desktop/dragonfix/assets/Scripts/LoginScript/Controller.ts.
21:35:12 debug: Resolve file:///C:/Users/Admin/OneDrive/Desktop/dragonfix/assets/Scripts/LogoScripts/Controller.ts from cce:/internal/x/prerequisite-imports as file:///C:/Users/Admin/OneDrive/Desktop/dragonfix/assets/Scripts/LogoScripts/Controller.ts.
21:35:12 debug: Resolve file:///C:/Users/Admin/OneDrive/Desktop/dragonfix/assets/Scripts/NetworkConnect.ts from cce:/internal/x/prerequisite-imports as file:///C:/Users/Admin/OneDrive/Desktop/dragonfix/assets/Scripts/NetworkConnect.ts.
21:35:12 debug: Resolve file:///C:/Users/Admin/OneDrive/Desktop/dragonfix/assets/Scripts/PlayerList.ts from cce:/internal/x/prerequisite-imports as file:///C:/Users/Admin/OneDrive/Desktop/dragonfix/assets/Scripts/PlayerList.ts.
21:35:12 debug: Create cjs interop url for 'file:///C:/Users/Admin/OneDrive/Desktop/dragonfix/extensions/Colyseus%20Multiplayer%20SDK/runtime/colyseus.js'
21:35:12 debug: Resolve file:///C:/Users/Admin/OneDrive/Desktop/dragonfix/extensions/Colyseus%20Multiplayer%20SDK/runtime/colyseus.js from cce:/internal/x/prerequisite-imports as file:///C:/Users/Admin/OneDrive/Desktop/dragonfix/extensions/Colyseus%20Multiplayer%20SDK/runtime/colyseus.mjs?cjs=&original=.js.
21:35:12 debug: Create cjs interop url for 'file:///C:/Users/Admin/OneDrive/Desktop/dragonfix/extensions/Colyseus%20Multiplayer%20SDK/runtime/colyseus.js'
21:35:13 debug: Target(editor) ends with cost 765.5527999997139ms.
21:35:13 debug: Target(preview) build started.
21:35:13 debug: Detected change: cce:/internal/x/prerequisite-imports. Last mtime: Thu Jan 01 1970 07:02:53 GMT+0700 (Indochina Time), Current mtime: Thu Jan 01 1970 07:04:36 GMT+0700 (Indochina Time)
21:35:13 debug: Inspect cce:/internal/x/prerequisite-imports
21:35:13 debug: Resolve file:///C:/ProgramData/cocos/editors/Creator/3.8.2/resources/resources/3d/engine/editor/assets/tools/debug-view-runtime-control.ts from cce:/internal/x/prerequisite-imports as file:///C:/ProgramData/cocos/editors/Creator/3.8.2/resources/resources/3d/engine/editor/assets/tools/debug-view-runtime-control.ts.
21:35:13 debug: Resolve file:///C:/Users/Admin/OneDrive/Desktop/dragonfix/assets/Scripts/AudioController.ts from cce:/internal/x/prerequisite-imports as file:///C:/Users/Admin/OneDrive/Desktop/dragonfix/assets/Scripts/AudioController.ts.
21:35:13 debug: Resolve file:///C:/Users/Admin/OneDrive/Desktop/dragonfix/assets/Scripts/Chip.ts from cce:/internal/x/prerequisite-imports as file:///C:/Users/Admin/OneDrive/Desktop/dragonfix/assets/Scripts/Chip.ts.
21:35:13 debug: Resolve file:///C:/Users/Admin/OneDrive/Desktop/dragonfix/assets/Scripts/Constant.ts from cce:/internal/x/prerequisite-imports as file:///C:/Users/Admin/OneDrive/Desktop/dragonfix/assets/Scripts/Constant.ts.
21:35:13 debug: Resolve file:///C:/Users/Admin/OneDrive/Desktop/dragonfix/assets/Scripts/GameController.ts from cce:/internal/x/prerequisite-imports as file:///C:/Users/Admin/OneDrive/Desktop/dragonfix/assets/Scripts/GameController.ts.
21:35:13 debug: Detected change: file:///C:/Users/Admin/OneDrive/Desktop/dragonfix/assets/Scripts/GameController.ts. Last mtime: Tue Jun 04 2024 21:33:12 GMT+0700 (Indochina Time)@d8ab5610-dd96-4f78-9795-6218739fe6f3, Current mtime: Tue Jun 04 2024 21:33:47 GMT+0700 (Indochina Time)@d8ab5610-dd96-4f78-9795-6218739fe6f3
21:35:13 debug: Inspect file:///C:/Users/Admin/OneDrive/Desktop/dragonfix/assets/Scripts/GameController.ts
21:35:13 debug: Resolve cce:/internal/code-quality/cr.mjs from file:///C:/Users/Admin/OneDrive/Desktop/dragonfix/assets/Scripts/GameController.ts as cce:/internal/code-quality/cr.mjs.
21:35:13 debug: Resolve cc from file:///C:/Users/Admin/OneDrive/Desktop/dragonfix/assets/Scripts/GameController.ts as cce:/internal/x/cc.
21:35:13 debug: Resolve cc from file:///C:/Users/Admin/OneDrive/Desktop/dragonfix/assets/Scripts/GameController.ts as cce:/internal/x/cc.
21:35:13 debug: Resolve cc from file:///C:/Users/Admin/OneDrive/Desktop/dragonfix/assets/Scripts/GameController.ts as cce:/internal/x/cc.
21:35:13 debug: Resolve ./Chip from file:///C:/Users/Admin/OneDrive/Desktop/dragonfix/assets/Scripts/GameController.ts as file:///C:/Users/Admin/OneDrive/Desktop/dragonfix/assets/Scripts/Chip.ts.
21:35:13 debug: Resolve ./NetworkConnect from file:///C:/Users/Admin/OneDrive/Desktop/dragonfix/assets/Scripts/GameController.ts as file:///C:/Users/Admin/OneDrive/Desktop/dragonfix/assets/Scripts/NetworkConnect.ts.
21:35:13 debug: Resolve ./AudioController from file:///C:/Users/Admin/OneDrive/Desktop/dragonfix/assets/Scripts/GameController.ts as file:///C:/Users/Admin/OneDrive/Desktop/dragonfix/assets/Scripts/AudioController.ts.
21:35:13 debug: Resolve file:///C:/Users/Admin/OneDrive/Desktop/dragonfix/assets/Scripts/LoginScript/Connect.ts from cce:/internal/x/prerequisite-imports as file:///C:/Users/Admin/OneDrive/Desktop/dragonfix/assets/Scripts/LoginScript/Connect.ts.
21:35:13 debug: Resolve file:///C:/Users/Admin/OneDrive/Desktop/dragonfix/assets/Scripts/LoginScript/Controller.ts from cce:/internal/x/prerequisite-imports as file:///C:/Users/Admin/OneDrive/Desktop/dragonfix/assets/Scripts/LoginScript/Controller.ts.
21:35:13 debug: Resolve file:///C:/Users/Admin/OneDrive/Desktop/dragonfix/assets/Scripts/LogoScripts/Controller.ts from cce:/internal/x/prerequisite-imports as file:///C:/Users/Admin/OneDrive/Desktop/dragonfix/assets/Scripts/LogoScripts/Controller.ts.
21:35:13 debug: Resolve file:///C:/Users/Admin/OneDrive/Desktop/dragonfix/assets/Scripts/NetworkConnect.ts from cce:/internal/x/prerequisite-imports as file:///C:/Users/Admin/OneDrive/Desktop/dragonfix/assets/Scripts/NetworkConnect.ts.
21:35:13 debug: Resolve file:///C:/Users/Admin/OneDrive/Desktop/dragonfix/assets/Scripts/PlayerList.ts from cce:/internal/x/prerequisite-imports as file:///C:/Users/Admin/OneDrive/Desktop/dragonfix/assets/Scripts/PlayerList.ts.
21:35:13 debug: Create cjs interop url for 'file:///C:/Users/Admin/OneDrive/Desktop/dragonfix/extensions/Colyseus%20Multiplayer%20SDK/runtime/colyseus.js'
21:35:13 debug: Resolve file:///C:/Users/Admin/OneDrive/Desktop/dragonfix/extensions/Colyseus%20Multiplayer%20SDK/runtime/colyseus.js from cce:/internal/x/prerequisite-imports as file:///C:/Users/Admin/OneDrive/Desktop/dragonfix/extensions/Colyseus%20Multiplayer%20SDK/runtime/colyseus.mjs?cjs=&original=.js.
21:35:13 debug: Create cjs interop url for 'file:///C:/Users/Admin/OneDrive/Desktop/dragonfix/extensions/Colyseus%20Multiplayer%20SDK/runtime/colyseus.js'
21:35:13 debug: Target(preview) ends with cost 772.7317000031471ms.
01:10:37 debug: Dispatch build request for time accumulated 1 asset changes.
01:10:37 debug: Build iteration starts.
Number of accumulated asset changes: 1
Feature changed: false
01:10:37 debug: Target(editor) build started.
01:10:37 debug: Detected change: cce:/internal/x/prerequisite-imports. Last mtime: Thu Jan 01 1970 07:04:35 GMT+0700 (Indochina Time), Current mtime: Thu Jan 01 1970 10:40:00 GMT+0700 (Indochina Time)
01:10:37 debug: Inspect cce:/internal/x/prerequisite-imports
01:10:37 debug: Resolve file:///C:/ProgramData/cocos/editors/Creator/3.8.2/resources/resources/3d/engine/editor/assets/tools/debug-view-runtime-control.ts from cce:/internal/x/prerequisite-imports as file:///C:/ProgramData/cocos/editors/Creator/3.8.2/resources/resources/3d/engine/editor/assets/tools/debug-view-runtime-control.ts.
01:10:37 debug: Resolve file:///C:/Users/Admin/OneDrive/Desktop/dragonfix/assets/Scripts/AudioController.ts from cce:/internal/x/prerequisite-imports as file:///C:/Users/Admin/OneDrive/Desktop/dragonfix/assets/Scripts/AudioController.ts.
01:10:37 debug: Resolve file:///C:/Users/Admin/OneDrive/Desktop/dragonfix/assets/Scripts/Chip.ts from cce:/internal/x/prerequisite-imports as file:///C:/Users/Admin/OneDrive/Desktop/dragonfix/assets/Scripts/Chip.ts.
01:10:37 debug: Resolve file:///C:/Users/Admin/OneDrive/Desktop/dragonfix/assets/Scripts/Constant.ts from cce:/internal/x/prerequisite-imports as file:///C:/Users/Admin/OneDrive/Desktop/dragonfix/assets/Scripts/Constant.ts.
01:10:37 debug: Resolve file:///C:/Users/Admin/OneDrive/Desktop/dragonfix/assets/Scripts/GameController.ts from cce:/internal/x/prerequisite-imports as file:///C:/Users/Admin/OneDrive/Desktop/dragonfix/assets/Scripts/GameController.ts.
01:10:37 debug: Detected change: file:///C:/Users/Admin/OneDrive/Desktop/dragonfix/assets/Scripts/NetworkConnect.ts. Last mtime: Tue Jun 04 2024 21:29:24 GMT+0700 (Indochina Time)@f92887c2-9ea3-4ec7-b5ff-e017e453225f, Current mtime: Wed Jun 05 2024 01:10:35 GMT+0700 (Indochina Time)@f92887c2-9ea3-4ec7-b5ff-e017e453225f
01:10:37 debug: Inspect file:///C:/Users/Admin/OneDrive/Desktop/dragonfix/assets/Scripts/NetworkConnect.ts
01:10:38 debug: Resolve cce:/internal/code-quality/cr.mjs from file:///C:/Users/Admin/OneDrive/Desktop/dragonfix/assets/Scripts/NetworkConnect.ts as cce:/internal/code-quality/cr.mjs.
01:10:38 debug: Resolve cc from file:///C:/Users/Admin/OneDrive/Desktop/dragonfix/assets/Scripts/NetworkConnect.ts as cce:/internal/x/cc.
01:10:38 debug: Resolve cc from file:///C:/Users/Admin/OneDrive/Desktop/dragonfix/assets/Scripts/NetworkConnect.ts as cce:/internal/x/cc.
01:10:38 debug: Resolve cc from file:///C:/Users/Admin/OneDrive/Desktop/dragonfix/assets/Scripts/NetworkConnect.ts as cce:/internal/x/cc.
01:10:38 debug: Create cjs interop url for 'file:///C:/Users/Admin/OneDrive/Desktop/dragonfix/extensions/Colyseus%20Multiplayer%20SDK/runtime/colyseus.js'
01:10:38 debug: Resolve db://colyseus-sdk/colyseus.js from file:///C:/Users/Admin/OneDrive/Desktop/dragonfix/assets/Scripts/NetworkConnect.ts as file:///C:/Users/Admin/OneDrive/Desktop/dragonfix/extensions/Colyseus%20Multiplayer%20SDK/runtime/colyseus.mjs?cjs=&original=.js.
01:10:38 debug: Resolve ./AudioController from file:///C:/Users/Admin/OneDrive/Desktop/dragonfix/assets/Scripts/NetworkConnect.ts as file:///C:/Users/Admin/OneDrive/Desktop/dragonfix/assets/Scripts/AudioController.ts.
01:10:38 debug: Resolve ./Chip from file:///C:/Users/Admin/OneDrive/Desktop/dragonfix/assets/Scripts/NetworkConnect.ts as file:///C:/Users/Admin/OneDrive/Desktop/dragonfix/assets/Scripts/Chip.ts.
01:10:38 debug: Resolve file:///C:/Users/Admin/OneDrive/Desktop/dragonfix/assets/Scripts/LoginScript/Connect.ts from cce:/internal/x/prerequisite-imports as file:///C:/Users/Admin/OneDrive/Desktop/dragonfix/assets/Scripts/LoginScript/Connect.ts.
01:10:38 debug: Resolve file:///C:/Users/Admin/OneDrive/Desktop/dragonfix/assets/Scripts/LoginScript/Controller.ts from cce:/internal/x/prerequisite-imports as file:///C:/Users/Admin/OneDrive/Desktop/dragonfix/assets/Scripts/LoginScript/Controller.ts.
01:10:38 debug: Resolve file:///C:/Users/Admin/OneDrive/Desktop/dragonfix/assets/Scripts/LogoScripts/Controller.ts from cce:/internal/x/prerequisite-imports as file:///C:/Users/Admin/OneDrive/Desktop/dragonfix/assets/Scripts/LogoScripts/Controller.ts.
01:10:38 debug: Resolve file:///C:/Users/Admin/OneDrive/Desktop/dragonfix/assets/Scripts/NetworkConnect.ts from cce:/internal/x/prerequisite-imports as file:///C:/Users/Admin/OneDrive/Desktop/dragonfix/assets/Scripts/NetworkConnect.ts.
01:10:38 debug: Resolve file:///C:/Users/Admin/OneDrive/Desktop/dragonfix/assets/Scripts/PlayerList.ts from cce:/internal/x/prerequisite-imports as file:///C:/Users/Admin/OneDrive/Desktop/dragonfix/assets/Scripts/PlayerList.ts.
01:10:38 debug: Create cjs interop url for 'file:///C:/Users/Admin/OneDrive/Desktop/dragonfix/extensions/Colyseus%20Multiplayer%20SDK/runtime/colyseus.js'
01:10:38 debug: Resolve file:///C:/Users/Admin/OneDrive/Desktop/dragonfix/extensions/Colyseus%20Multiplayer%20SDK/runtime/colyseus.js from cce:/internal/x/prerequisite-imports as file:///C:/Users/Admin/OneDrive/Desktop/dragonfix/extensions/Colyseus%20Multiplayer%20SDK/runtime/colyseus.mjs?cjs=&original=.js.
01:10:38 debug: Create cjs interop url for 'file:///C:/Users/Admin/OneDrive/Desktop/dragonfix/extensions/Colyseus%20Multiplayer%20SDK/runtime/colyseus.js'
01:10:38 debug: Target(editor) ends with cost 782.0966000109911ms.
01:10:38 debug: Target(preview) build started.
01:10:38 debug: Detected change: cce:/internal/x/prerequisite-imports. Last mtime: Thu Jan 01 1970 07:04:36 GMT+0700 (Indochina Time), Current mtime: Thu Jan 01 1970 10:40:01 GMT+0700 (Indochina Time)
01:10:38 debug: Inspect cce:/internal/x/prerequisite-imports
01:10:38 debug: Resolve file:///C:/ProgramData/cocos/editors/Creator/3.8.2/resources/resources/3d/engine/editor/assets/tools/debug-view-runtime-control.ts from cce:/internal/x/prerequisite-imports as file:///C:/ProgramData/cocos/editors/Creator/3.8.2/resources/resources/3d/engine/editor/assets/tools/debug-view-runtime-control.ts.
01:10:38 debug: Resolve file:///C:/Users/Admin/OneDrive/Desktop/dragonfix/assets/Scripts/AudioController.ts from cce:/internal/x/prerequisite-imports as file:///C:/Users/Admin/OneDrive/Desktop/dragonfix/assets/Scripts/AudioController.ts.
01:10:38 debug: Resolve file:///C:/Users/Admin/OneDrive/Desktop/dragonfix/assets/Scripts/Chip.ts from cce:/internal/x/prerequisite-imports as file:///C:/Users/Admin/OneDrive/Desktop/dragonfix/assets/Scripts/Chip.ts.
01:10:38 debug: Resolve file:///C:/Users/Admin/OneDrive/Desktop/dragonfix/assets/Scripts/Constant.ts from cce:/internal/x/prerequisite-imports as file:///C:/Users/Admin/OneDrive/Desktop/dragonfix/assets/Scripts/Constant.ts.
01:10:38 debug: Resolve file:///C:/Users/Admin/OneDrive/Desktop/dragonfix/assets/Scripts/GameController.ts from cce:/internal/x/prerequisite-imports as file:///C:/Users/Admin/OneDrive/Desktop/dragonfix/assets/Scripts/GameController.ts.
01:10:38 debug: Detected change: file:///C:/Users/Admin/OneDrive/Desktop/dragonfix/assets/Scripts/NetworkConnect.ts. Last mtime: Tue Jun 04 2024 21:29:24 GMT+0700 (Indochina Time)@f92887c2-9ea3-4ec7-b5ff-e017e453225f, Current mtime: Wed Jun 05 2024 01:10:35 GMT+0700 (Indochina Time)@f92887c2-9ea3-4ec7-b5ff-e017e453225f
01:10:38 debug: Inspect file:///C:/Users/Admin/OneDrive/Desktop/dragonfix/assets/Scripts/NetworkConnect.ts
01:10:38 debug: Resolve cce:/internal/code-quality/cr.mjs from file:///C:/Users/Admin/OneDrive/Desktop/dragonfix/assets/Scripts/NetworkConnect.ts as cce:/internal/code-quality/cr.mjs.
01:10:38 debug: Resolve cc from file:///C:/Users/Admin/OneDrive/Desktop/dragonfix/assets/Scripts/NetworkConnect.ts as cce:/internal/x/cc.
01:10:38 debug: Resolve cc from file:///C:/Users/Admin/OneDrive/Desktop/dragonfix/assets/Scripts/NetworkConnect.ts as cce:/internal/x/cc.
01:10:38 debug: Resolve cc from file:///C:/Users/Admin/OneDrive/Desktop/dragonfix/assets/Scripts/NetworkConnect.ts as cce:/internal/x/cc.
01:10:38 debug: Create cjs interop url for 'file:///C:/Users/Admin/OneDrive/Desktop/dragonfix/extensions/Colyseus%20Multiplayer%20SDK/runtime/colyseus.js'
01:10:38 debug: Resolve db://colyseus-sdk/colyseus.js from file:///C:/Users/Admin/OneDrive/Desktop/dragonfix/assets/Scripts/NetworkConnect.ts as file:///C:/Users/Admin/OneDrive/Desktop/dragonfix/extensions/Colyseus%20Multiplayer%20SDK/runtime/colyseus.mjs?cjs=&original=.js.
01:10:38 debug: Resolve ./AudioController from file:///C:/Users/Admin/OneDrive/Desktop/dragonfix/assets/Scripts/NetworkConnect.ts as file:///C:/Users/Admin/OneDrive/Desktop/dragonfix/assets/Scripts/AudioController.ts.
01:10:38 debug: Resolve ./Chip from file:///C:/Users/Admin/OneDrive/Desktop/dragonfix/assets/Scripts/NetworkConnect.ts as file:///C:/Users/Admin/OneDrive/Desktop/dragonfix/assets/Scripts/Chip.ts.
01:10:38 debug: Resolve file:///C:/Users/Admin/OneDrive/Desktop/dragonfix/assets/Scripts/LoginScript/Connect.ts from cce:/internal/x/prerequisite-imports as file:///C:/Users/Admin/OneDrive/Desktop/dragonfix/assets/Scripts/LoginScript/Connect.ts.
01:10:38 debug: Resolve file:///C:/Users/Admin/OneDrive/Desktop/dragonfix/assets/Scripts/LoginScript/Controller.ts from cce:/internal/x/prerequisite-imports as file:///C:/Users/Admin/OneDrive/Desktop/dragonfix/assets/Scripts/LoginScript/Controller.ts.
01:10:38 debug: Resolve file:///C:/Users/Admin/OneDrive/Desktop/dragonfix/assets/Scripts/LogoScripts/Controller.ts from cce:/internal/x/prerequisite-imports as file:///C:/Users/Admin/OneDrive/Desktop/dragonfix/assets/Scripts/LogoScripts/Controller.ts.
01:10:38 debug: Resolve file:///C:/Users/Admin/OneDrive/Desktop/dragonfix/assets/Scripts/NetworkConnect.ts from cce:/internal/x/prerequisite-imports as file:///C:/Users/Admin/OneDrive/Desktop/dragonfix/assets/Scripts/NetworkConnect.ts.
01:10:38 debug: Resolve file:///C:/Users/Admin/OneDrive/Desktop/dragonfix/assets/Scripts/PlayerList.ts from cce:/internal/x/prerequisite-imports as file:///C:/Users/Admin/OneDrive/Desktop/dragonfix/assets/Scripts/PlayerList.ts.
01:10:38 debug: Create cjs interop url for 'file:///C:/Users/Admin/OneDrive/Desktop/dragonfix/extensions/Colyseus%20Multiplayer%20SDK/runtime/colyseus.js'
01:10:38 debug: Resolve file:///C:/Users/Admin/OneDrive/Desktop/dragonfix/extensions/Colyseus%20Multiplayer%20SDK/runtime/colyseus.js from cce:/internal/x/prerequisite-imports as file:///C:/Users/Admin/OneDrive/Desktop/dragonfix/extensions/Colyseus%20Multiplayer%20SDK/runtime/colyseus.mjs?cjs=&original=.js.
01:10:38 debug: Create cjs interop url for 'file:///C:/Users/Admin/OneDrive/Desktop/dragonfix/extensions/Colyseus%20Multiplayer%20SDK/runtime/colyseus.js'
01:10:38 debug: Target(preview) ends with cost 502.73030000925064ms.
01:29:11 debug: Dispatch build request for time accumulated 1 asset changes.
01:29:11 debug: Build iteration starts.
Number of accumulated asset changes: 1
Feature changed: false
01:29:11 debug: Target(editor) build started.
01:29:11 debug: Detected change: cce:/internal/x/prerequisite-imports. Last mtime: Thu Jan 01 1970 10:40:00 GMT+0700 (Indochina Time), Current mtime: Thu Jan 01 1970 10:58:35 GMT+0700 (Indochina Time)
01:29:11 debug: Inspect cce:/internal/x/prerequisite-imports
01:29:11 debug: Resolve file:///C:/ProgramData/cocos/editors/Creator/3.8.2/resources/resources/3d/engine/editor/assets/tools/debug-view-runtime-control.ts from cce:/internal/x/prerequisite-imports as file:///C:/ProgramData/cocos/editors/Creator/3.8.2/resources/resources/3d/engine/editor/assets/tools/debug-view-runtime-control.ts.
01:29:11 debug: Resolve file:///C:/Users/Admin/OneDrive/Desktop/dragonfix/assets/Scripts/AudioController.ts from cce:/internal/x/prerequisite-imports as file:///C:/Users/Admin/OneDrive/Desktop/dragonfix/assets/Scripts/AudioController.ts.
01:29:11 debug: Resolve file:///C:/Users/Admin/OneDrive/Desktop/dragonfix/assets/Scripts/Chip.ts from cce:/internal/x/prerequisite-imports as file:///C:/Users/Admin/OneDrive/Desktop/dragonfix/assets/Scripts/Chip.ts.
01:29:11 debug: Resolve file:///C:/Users/Admin/OneDrive/Desktop/dragonfix/assets/Scripts/Constant.ts from cce:/internal/x/prerequisite-imports as file:///C:/Users/Admin/OneDrive/Desktop/dragonfix/assets/Scripts/Constant.ts.
01:29:11 debug: Resolve file:///C:/Users/Admin/OneDrive/Desktop/dragonfix/assets/Scripts/GameController.ts from cce:/internal/x/prerequisite-imports as file:///C:/Users/Admin/OneDrive/Desktop/dragonfix/assets/Scripts/GameController.ts.
01:29:11 debug: Detected change: file:///C:/Users/Admin/OneDrive/Desktop/dragonfix/assets/Scripts/GameController.ts. Last mtime: Tue Jun 04 2024 21:33:47 GMT+0700 (Indochina Time)@d8ab5610-dd96-4f78-9795-6218739fe6f3, Current mtime: Wed Jun 05 2024 01:29:06 GMT+0700 (Indochina Time)@d8ab5610-dd96-4f78-9795-6218739fe6f3
01:29:11 debug: Inspect file:///C:/Users/Admin/OneDrive/Desktop/dragonfix/assets/Scripts/GameController.ts
01:29:12 debug: Resolve cce:/internal/code-quality/cr.mjs from file:///C:/Users/Admin/OneDrive/Desktop/dragonfix/assets/Scripts/GameController.ts as cce:/internal/code-quality/cr.mjs.
01:29:12 debug: Resolve cc from file:///C:/Users/Admin/OneDrive/Desktop/dragonfix/assets/Scripts/GameController.ts as cce:/internal/x/cc.
01:29:12 debug: Resolve cc from file:///C:/Users/Admin/OneDrive/Desktop/dragonfix/assets/Scripts/GameController.ts as cce:/internal/x/cc.
01:29:12 debug: Resolve cc from file:///C:/Users/Admin/OneDrive/Desktop/dragonfix/assets/Scripts/GameController.ts as cce:/internal/x/cc.
01:29:12 debug: Resolve ./Chip from file:///C:/Users/Admin/OneDrive/Desktop/dragonfix/assets/Scripts/GameController.ts as file:///C:/Users/Admin/OneDrive/Desktop/dragonfix/assets/Scripts/Chip.ts.
01:29:12 debug: Resolve ./NetworkConnect from file:///C:/Users/Admin/OneDrive/Desktop/dragonfix/assets/Scripts/GameController.ts as file:///C:/Users/Admin/OneDrive/Desktop/dragonfix/assets/Scripts/NetworkConnect.ts.
01:29:12 debug: Resolve ./AudioController from file:///C:/Users/Admin/OneDrive/Desktop/dragonfix/assets/Scripts/GameController.ts as file:///C:/Users/Admin/OneDrive/Desktop/dragonfix/assets/Scripts/AudioController.ts.
01:29:12 debug: Resolve file:///C:/Users/Admin/OneDrive/Desktop/dragonfix/assets/Scripts/LoginScript/Connect.ts from cce:/internal/x/prerequisite-imports as file:///C:/Users/Admin/OneDrive/Desktop/dragonfix/assets/Scripts/LoginScript/Connect.ts.
01:29:12 debug: Resolve file:///C:/Users/Admin/OneDrive/Desktop/dragonfix/assets/Scripts/LoginScript/Controller.ts from cce:/internal/x/prerequisite-imports as file:///C:/Users/Admin/OneDrive/Desktop/dragonfix/assets/Scripts/LoginScript/Controller.ts.
01:29:12 debug: Resolve file:///C:/Users/Admin/OneDrive/Desktop/dragonfix/assets/Scripts/LogoScripts/Controller.ts from cce:/internal/x/prerequisite-imports as file:///C:/Users/Admin/OneDrive/Desktop/dragonfix/assets/Scripts/LogoScripts/Controller.ts.
01:29:12 debug: Resolve file:///C:/Users/Admin/OneDrive/Desktop/dragonfix/assets/Scripts/NetworkConnect.ts from cce:/internal/x/prerequisite-imports as file:///C:/Users/Admin/OneDrive/Desktop/dragonfix/assets/Scripts/NetworkConnect.ts.
01:29:12 debug: Resolve file:///C:/Users/Admin/OneDrive/Desktop/dragonfix/assets/Scripts/PlayerList.ts from cce:/internal/x/prerequisite-imports as file:///C:/Users/Admin/OneDrive/Desktop/dragonfix/assets/Scripts/PlayerList.ts.
01:29:12 debug: Create cjs interop url for 'file:///C:/Users/Admin/OneDrive/Desktop/dragonfix/extensions/Colyseus%20Multiplayer%20SDK/runtime/colyseus.js'
01:29:12 debug: Resolve file:///C:/Users/Admin/OneDrive/Desktop/dragonfix/extensions/Colyseus%20Multiplayer%20SDK/runtime/colyseus.js from cce:/internal/x/prerequisite-imports as file:///C:/Users/Admin/OneDrive/Desktop/dragonfix/extensions/Colyseus%20Multiplayer%20SDK/runtime/colyseus.mjs?cjs=&original=.js.
01:29:12 debug: Create cjs interop url for 'file:///C:/Users/Admin/OneDrive/Desktop/dragonfix/extensions/Colyseus%20Multiplayer%20SDK/runtime/colyseus.js'
01:29:12 debug: Target(editor) ends with cost 802.1217000037432ms.
01:29:12 debug: Target(preview) build started.
01:29:12 debug: Detected change: cce:/internal/x/prerequisite-imports. Last mtime: Thu Jan 01 1970 10:40:01 GMT+0700 (Indochina Time), Current mtime: Thu Jan 01 1970 10:58:36 GMT+0700 (Indochina Time)
01:29:12 debug: Inspect cce:/internal/x/prerequisite-imports
01:29:12 debug: Resolve file:///C:/ProgramData/cocos/editors/Creator/3.8.2/resources/resources/3d/engine/editor/assets/tools/debug-view-runtime-control.ts from cce:/internal/x/prerequisite-imports as file:///C:/ProgramData/cocos/editors/Creator/3.8.2/resources/resources/3d/engine/editor/assets/tools/debug-view-runtime-control.ts.
01:29:12 debug: Resolve file:///C:/Users/Admin/OneDrive/Desktop/dragonfix/assets/Scripts/AudioController.ts from cce:/internal/x/prerequisite-imports as file:///C:/Users/Admin/OneDrive/Desktop/dragonfix/assets/Scripts/AudioController.ts.
01:29:12 debug: Resolve file:///C:/Users/Admin/OneDrive/Desktop/dragonfix/assets/Scripts/Chip.ts from cce:/internal/x/prerequisite-imports as file:///C:/Users/Admin/OneDrive/Desktop/dragonfix/assets/Scripts/Chip.ts.
01:29:12 debug: Resolve file:///C:/Users/Admin/OneDrive/Desktop/dragonfix/assets/Scripts/Constant.ts from cce:/internal/x/prerequisite-imports as file:///C:/Users/Admin/OneDrive/Desktop/dragonfix/assets/Scripts/Constant.ts.
01:29:12 debug: Resolve file:///C:/Users/Admin/OneDrive/Desktop/dragonfix/assets/Scripts/GameController.ts from cce:/internal/x/prerequisite-imports as file:///C:/Users/Admin/OneDrive/Desktop/dragonfix/assets/Scripts/GameController.ts.
01:29:12 debug: Detected change: file:///C:/Users/Admin/OneDrive/Desktop/dragonfix/assets/Scripts/GameController.ts. Last mtime: Tue Jun 04 2024 21:33:47 GMT+0700 (Indochina Time)@d8ab5610-dd96-4f78-9795-6218739fe6f3, Current mtime: Wed Jun 05 2024 01:29:06 GMT+0700 (Indochina Time)@d8ab5610-dd96-4f78-9795-6218739fe6f3
01:29:12 debug: Inspect file:///C:/Users/Admin/OneDrive/Desktop/dragonfix/assets/Scripts/GameController.ts
01:29:13 debug: Resolve cce:/internal/code-quality/cr.mjs from file:///C:/Users/Admin/OneDrive/Desktop/dragonfix/assets/Scripts/GameController.ts as cce:/internal/code-quality/cr.mjs.
01:29:13 debug: Resolve cc from file:///C:/Users/Admin/OneDrive/Desktop/dragonfix/assets/Scripts/GameController.ts as cce:/internal/x/cc.
01:29:13 debug: Resolve cc from file:///C:/Users/Admin/OneDrive/Desktop/dragonfix/assets/Scripts/GameController.ts as cce:/internal/x/cc.
01:29:13 debug: Resolve cc from file:///C:/Users/Admin/OneDrive/Desktop/dragonfix/assets/Scripts/GameController.ts as cce:/internal/x/cc.
01:29:13 debug: Resolve ./Chip from file:///C:/Users/Admin/OneDrive/Desktop/dragonfix/assets/Scripts/GameController.ts as file:///C:/Users/Admin/OneDrive/Desktop/dragonfix/assets/Scripts/Chip.ts.
01:29:13 debug: Resolve ./NetworkConnect from file:///C:/Users/Admin/OneDrive/Desktop/dragonfix/assets/Scripts/GameController.ts as file:///C:/Users/Admin/OneDrive/Desktop/dragonfix/assets/Scripts/NetworkConnect.ts.
01:29:13 debug: Resolve ./AudioController from file:///C:/Users/Admin/OneDrive/Desktop/dragonfix/assets/Scripts/GameController.ts as file:///C:/Users/Admin/OneDrive/Desktop/dragonfix/assets/Scripts/AudioController.ts.
01:29:13 debug: Resolve file:///C:/Users/Admin/OneDrive/Desktop/dragonfix/assets/Scripts/LoginScript/Connect.ts from cce:/internal/x/prerequisite-imports as file:///C:/Users/Admin/OneDrive/Desktop/dragonfix/assets/Scripts/LoginScript/Connect.ts.
01:29:13 debug: Resolve file:///C:/Users/Admin/OneDrive/Desktop/dragonfix/assets/Scripts/LoginScript/Controller.ts from cce:/internal/x/prerequisite-imports as file:///C:/Users/Admin/OneDrive/Desktop/dragonfix/assets/Scripts/LoginScript/Controller.ts.
01:29:13 debug: Resolve file:///C:/Users/Admin/OneDrive/Desktop/dragonfix/assets/Scripts/LogoScripts/Controller.ts from cce:/internal/x/prerequisite-imports as file:///C:/Users/Admin/OneDrive/Desktop/dragonfix/assets/Scripts/LogoScripts/Controller.ts.
01:29:13 debug: Resolve file:///C:/Users/Admin/OneDrive/Desktop/dragonfix/assets/Scripts/NetworkConnect.ts from cce:/internal/x/prerequisite-imports as file:///C:/Users/Admin/OneDrive/Desktop/dragonfix/assets/Scripts/NetworkConnect.ts.
01:29:13 debug: Resolve file:///C:/Users/Admin/OneDrive/Desktop/dragonfix/assets/Scripts/PlayerList.ts from cce:/internal/x/prerequisite-imports as file:///C:/Users/Admin/OneDrive/Desktop/dragonfix/assets/Scripts/PlayerList.ts.
01:29:13 debug: Create cjs interop url for 'file:///C:/Users/Admin/OneDrive/Desktop/dragonfix/extensions/Colyseus%20Multiplayer%20SDK/runtime/colyseus.js'
01:29:13 debug: Resolve file:///C:/Users/Admin/OneDrive/Desktop/dragonfix/extensions/Colyseus%20Multiplayer%20SDK/runtime/colyseus.js from cce:/internal/x/prerequisite-imports as file:///C:/Users/Admin/OneDrive/Desktop/dragonfix/extensions/Colyseus%20Multiplayer%20SDK/runtime/colyseus.mjs?cjs=&original=.js.
01:29:13 debug: Create cjs interop url for 'file:///C:/Users/Admin/OneDrive/Desktop/dragonfix/extensions/Colyseus%20Multiplayer%20SDK/runtime/colyseus.js'
01:29:13 debug: Target(preview) ends with cost 813.6125999987125ms.
02:10:50 debug: Dispatch build request for time accumulated 1 asset changes.
02:10:50 debug: Build iteration starts.
Number of accumulated asset changes: 1
Feature changed: false
02:10:50 debug: Target(editor) build started.
02:10:50 debug: Detected change: cce:/internal/x/prerequisite-imports. Last mtime: Thu Jan 01 1970 10:58:35 GMT+0700 (Indochina Time), Current mtime: Thu Jan 01 1970 11:40:13 GMT+0700 (Indochina Time)
02:10:50 debug: Inspect cce:/internal/x/prerequisite-imports
02:10:50 debug: Resolve file:///C:/ProgramData/cocos/editors/Creator/3.8.2/resources/resources/3d/engine/editor/assets/tools/debug-view-runtime-control.ts from cce:/internal/x/prerequisite-imports as file:///C:/ProgramData/cocos/editors/Creator/3.8.2/resources/resources/3d/engine/editor/assets/tools/debug-view-runtime-control.ts.
02:10:50 debug: Resolve file:///C:/Users/Admin/OneDrive/Desktop/dragonfix/assets/Scripts/AudioController.ts from cce:/internal/x/prerequisite-imports as file:///C:/Users/Admin/OneDrive/Desktop/dragonfix/assets/Scripts/AudioController.ts.
02:10:50 debug: Resolve file:///C:/Users/Admin/OneDrive/Desktop/dragonfix/assets/Scripts/Chip.ts from cce:/internal/x/prerequisite-imports as file:///C:/Users/Admin/OneDrive/Desktop/dragonfix/assets/Scripts/Chip.ts.
02:10:50 debug: Resolve file:///C:/Users/Admin/OneDrive/Desktop/dragonfix/assets/Scripts/Constant.ts from cce:/internal/x/prerequisite-imports as file:///C:/Users/Admin/OneDrive/Desktop/dragonfix/assets/Scripts/Constant.ts.
02:10:50 debug: Resolve file:///C:/Users/Admin/OneDrive/Desktop/dragonfix/assets/Scripts/GameController.ts from cce:/internal/x/prerequisite-imports as file:///C:/Users/Admin/OneDrive/Desktop/dragonfix/assets/Scripts/GameController.ts.
02:10:50 debug: Detected change: file:///C:/Users/Admin/OneDrive/Desktop/dragonfix/assets/Scripts/NetworkConnect.ts. Last mtime: Wed Jun 05 2024 01:10:35 GMT+0700 (Indochina Time)@f92887c2-9ea3-4ec7-b5ff-e017e453225f, Current mtime: Wed Jun 05 2024 02:10:42 GMT+0700 (Indochina Time)@f92887c2-9ea3-4ec7-b5ff-e017e453225f
02:10:50 debug: Inspect file:///C:/Users/Admin/OneDrive/Desktop/dragonfix/assets/Scripts/NetworkConnect.ts
02:10:50 debug: Resolve cce:/internal/code-quality/cr.mjs from file:///C:/Users/Admin/OneDrive/Desktop/dragonfix/assets/Scripts/NetworkConnect.ts as cce:/internal/code-quality/cr.mjs.
02:10:50 debug: Resolve cc from file:///C:/Users/Admin/OneDrive/Desktop/dragonfix/assets/Scripts/NetworkConnect.ts as cce:/internal/x/cc.
02:10:50 debug: Resolve cc from file:///C:/Users/Admin/OneDrive/Desktop/dragonfix/assets/Scripts/NetworkConnect.ts as cce:/internal/x/cc.
02:10:50 debug: Resolve cc from file:///C:/Users/Admin/OneDrive/Desktop/dragonfix/assets/Scripts/NetworkConnect.ts as cce:/internal/x/cc.
02:10:50 debug: Create cjs interop url for 'file:///C:/Users/Admin/OneDrive/Desktop/dragonfix/extensions/Colyseus%20Multiplayer%20SDK/runtime/colyseus.js'
02:10:50 debug: Resolve db://colyseus-sdk/colyseus.js from file:///C:/Users/Admin/OneDrive/Desktop/dragonfix/assets/Scripts/NetworkConnect.ts as file:///C:/Users/Admin/OneDrive/Desktop/dragonfix/extensions/Colyseus%20Multiplayer%20SDK/runtime/colyseus.mjs?cjs=&original=.js.
02:10:50 debug: Resolve ./AudioController from file:///C:/Users/Admin/OneDrive/Desktop/dragonfix/assets/Scripts/NetworkConnect.ts as file:///C:/Users/Admin/OneDrive/Desktop/dragonfix/assets/Scripts/AudioController.ts.
02:10:50 debug: Resolve ./Chip from file:///C:/Users/Admin/OneDrive/Desktop/dragonfix/assets/Scripts/NetworkConnect.ts as file:///C:/Users/Admin/OneDrive/Desktop/dragonfix/assets/Scripts/Chip.ts.
02:10:50 debug: Resolve file:///C:/Users/Admin/OneDrive/Desktop/dragonfix/assets/Scripts/LoginScript/Connect.ts from cce:/internal/x/prerequisite-imports as file:///C:/Users/Admin/OneDrive/Desktop/dragonfix/assets/Scripts/LoginScript/Connect.ts.
02:10:50 debug: Resolve file:///C:/Users/Admin/OneDrive/Desktop/dragonfix/assets/Scripts/LoginScript/Controller.ts from cce:/internal/x/prerequisite-imports as file:///C:/Users/Admin/OneDrive/Desktop/dragonfix/assets/Scripts/LoginScript/Controller.ts.
02:10:50 debug: Resolve file:///C:/Users/Admin/OneDrive/Desktop/dragonfix/assets/Scripts/LogoScripts/Controller.ts from cce:/internal/x/prerequisite-imports as file:///C:/Users/Admin/OneDrive/Desktop/dragonfix/assets/Scripts/LogoScripts/Controller.ts.
02:10:50 debug: Resolve file:///C:/Users/Admin/OneDrive/Desktop/dragonfix/assets/Scripts/NetworkConnect.ts from cce:/internal/x/prerequisite-imports as file:///C:/Users/Admin/OneDrive/Desktop/dragonfix/assets/Scripts/NetworkConnect.ts.
02:10:50 debug: Resolve file:///C:/Users/Admin/OneDrive/Desktop/dragonfix/assets/Scripts/PlayerList.ts from cce:/internal/x/prerequisite-imports as file:///C:/Users/Admin/OneDrive/Desktop/dragonfix/assets/Scripts/PlayerList.ts.
02:10:50 debug: Create cjs interop url for 'file:///C:/Users/Admin/OneDrive/Desktop/dragonfix/extensions/Colyseus%20Multiplayer%20SDK/runtime/colyseus.js'
02:10:50 debug: Resolve file:///C:/Users/Admin/OneDrive/Desktop/dragonfix/extensions/Colyseus%20Multiplayer%20SDK/runtime/colyseus.js from cce:/internal/x/prerequisite-imports as file:///C:/Users/Admin/OneDrive/Desktop/dragonfix/extensions/Colyseus%20Multiplayer%20SDK/runtime/colyseus.mjs?cjs=&original=.js.
02:10:50 debug: Create cjs interop url for 'file:///C:/Users/Admin/OneDrive/Desktop/dragonfix/extensions/Colyseus%20Multiplayer%20SDK/runtime/colyseus.js'
02:10:50 debug: Target(editor) ends with cost 545.7098999917507ms.
02:10:50 debug: Target(preview) build started.
02:10:50 debug: Detected change: cce:/internal/x/prerequisite-imports. Last mtime: Thu Jan 01 1970 10:58:36 GMT+0700 (Indochina Time), Current mtime: Thu Jan 01 1970 11:40:14 GMT+0700 (Indochina Time)
02:10:50 debug: Inspect cce:/internal/x/prerequisite-imports
02:10:50 debug: Resolve file:///C:/ProgramData/cocos/editors/Creator/3.8.2/resources/resources/3d/engine/editor/assets/tools/debug-view-runtime-control.ts from cce:/internal/x/prerequisite-imports as file:///C:/ProgramData/cocos/editors/Creator/3.8.2/resources/resources/3d/engine/editor/assets/tools/debug-view-runtime-control.ts.
02:10:50 debug: Resolve file:///C:/Users/Admin/OneDrive/Desktop/dragonfix/assets/Scripts/AudioController.ts from cce:/internal/x/prerequisite-imports as file:///C:/Users/Admin/OneDrive/Desktop/dragonfix/assets/Scripts/AudioController.ts.
02:10:50 debug: Resolve file:///C:/Users/Admin/OneDrive/Desktop/dragonfix/assets/Scripts/Chip.ts from cce:/internal/x/prerequisite-imports as file:///C:/Users/Admin/OneDrive/Desktop/dragonfix/assets/Scripts/Chip.ts.
02:10:50 debug: Resolve file:///C:/Users/Admin/OneDrive/Desktop/dragonfix/assets/Scripts/Constant.ts from cce:/internal/x/prerequisite-imports as file:///C:/Users/Admin/OneDrive/Desktop/dragonfix/assets/Scripts/Constant.ts.
02:10:50 debug: Resolve file:///C:/Users/Admin/OneDrive/Desktop/dragonfix/assets/Scripts/GameController.ts from cce:/internal/x/prerequisite-imports as file:///C:/Users/Admin/OneDrive/Desktop/dragonfix/assets/Scripts/GameController.ts.
02:10:50 debug: Detected change: file:///C:/Users/Admin/OneDrive/Desktop/dragonfix/assets/Scripts/NetworkConnect.ts. Last mtime: Wed Jun 05 2024 01:10:35 GMT+0700 (Indochina Time)@f92887c2-9ea3-4ec7-b5ff-e017e453225f, Current mtime: Wed Jun 05 2024 02:10:42 GMT+0700 (Indochina Time)@f92887c2-9ea3-4ec7-b5ff-e017e453225f
02:10:50 debug: Inspect file:///C:/Users/Admin/OneDrive/Desktop/dragonfix/assets/Scripts/NetworkConnect.ts
02:10:51 debug: Resolve cce:/internal/code-quality/cr.mjs from file:///C:/Users/Admin/OneDrive/Desktop/dragonfix/assets/Scripts/NetworkConnect.ts as cce:/internal/code-quality/cr.mjs.
02:10:51 debug: Resolve cc from file:///C:/Users/Admin/OneDrive/Desktop/dragonfix/assets/Scripts/NetworkConnect.ts as cce:/internal/x/cc.
02:10:51 debug: Resolve cc from file:///C:/Users/Admin/OneDrive/Desktop/dragonfix/assets/Scripts/NetworkConnect.ts as cce:/internal/x/cc.
02:10:51 debug: Resolve cc from file:///C:/Users/Admin/OneDrive/Desktop/dragonfix/assets/Scripts/NetworkConnect.ts as cce:/internal/x/cc.
02:10:51 debug: Create cjs interop url for 'file:///C:/Users/Admin/OneDrive/Desktop/dragonfix/extensions/Colyseus%20Multiplayer%20SDK/runtime/colyseus.js'
02:10:51 debug: Resolve db://colyseus-sdk/colyseus.js from file:///C:/Users/Admin/OneDrive/Desktop/dragonfix/assets/Scripts/NetworkConnect.ts as file:///C:/Users/Admin/OneDrive/Desktop/dragonfix/extensions/Colyseus%20Multiplayer%20SDK/runtime/colyseus.mjs?cjs=&original=.js.
02:10:51 debug: Resolve ./AudioController from file:///C:/Users/Admin/OneDrive/Desktop/dragonfix/assets/Scripts/NetworkConnect.ts as file:///C:/Users/Admin/OneDrive/Desktop/dragonfix/assets/Scripts/AudioController.ts.
02:10:51 debug: Resolve ./Chip from file:///C:/Users/Admin/OneDrive/Desktop/dragonfix/assets/Scripts/NetworkConnect.ts as file:///C:/Users/Admin/OneDrive/Desktop/dragonfix/assets/Scripts/Chip.ts.
02:10:51 debug: Resolve file:///C:/Users/Admin/OneDrive/Desktop/dragonfix/assets/Scripts/LoginScript/Connect.ts from cce:/internal/x/prerequisite-imports as file:///C:/Users/Admin/OneDrive/Desktop/dragonfix/assets/Scripts/LoginScript/Connect.ts.
02:10:51 debug: Resolve file:///C:/Users/Admin/OneDrive/Desktop/dragonfix/assets/Scripts/LoginScript/Controller.ts from cce:/internal/x/prerequisite-imports as file:///C:/Users/Admin/OneDrive/Desktop/dragonfix/assets/Scripts/LoginScript/Controller.ts.
02:10:51 debug: Resolve file:///C:/Users/Admin/OneDrive/Desktop/dragonfix/assets/Scripts/LogoScripts/Controller.ts from cce:/internal/x/prerequisite-imports as file:///C:/Users/Admin/OneDrive/Desktop/dragonfix/assets/Scripts/LogoScripts/Controller.ts.
02:10:51 debug: Resolve file:///C:/Users/Admin/OneDrive/Desktop/dragonfix/assets/Scripts/NetworkConnect.ts from cce:/internal/x/prerequisite-imports as file:///C:/Users/Admin/OneDrive/Desktop/dragonfix/assets/Scripts/NetworkConnect.ts.
02:10:51 debug: Resolve file:///C:/Users/Admin/OneDrive/Desktop/dragonfix/assets/Scripts/PlayerList.ts from cce:/internal/x/prerequisite-imports as file:///C:/Users/Admin/OneDrive/Desktop/dragonfix/assets/Scripts/PlayerList.ts.
02:10:51 debug: Create cjs interop url for 'file:///C:/Users/Admin/OneDrive/Desktop/dragonfix/extensions/Colyseus%20Multiplayer%20SDK/runtime/colyseus.js'
02:10:51 debug: Resolve file:///C:/Users/Admin/OneDrive/Desktop/dragonfix/extensions/Colyseus%20Multiplayer%20SDK/runtime/colyseus.js from cce:/internal/x/prerequisite-imports as file:///C:/Users/Admin/OneDrive/Desktop/dragonfix/extensions/Colyseus%20Multiplayer%20SDK/runtime/colyseus.mjs?cjs=&original=.js.
02:10:51 debug: Create cjs interop url for 'file:///C:/Users/Admin/OneDrive/Desktop/dragonfix/extensions/Colyseus%20Multiplayer%20SDK/runtime/colyseus.js'
02:10:51 debug: Target(preview) ends with cost 562.8748000115156ms.
