5-30-2024 14:29:25-log: Cannot access game frame or container.
5-30-2024 14:29:26-debug: asset-db:require-engine-code (588ms)
5-30-2024 14:29:26-log: meshopt wasm decoder initialized
5-30-2024 14:29:26-log: [box2d]:box2d wasm lib loaded.
5-30-2024 14:29:26-log: [bullet]:bullet wasm lib loaded.
5-30-2024 14:29:26-log: Cocos Creator v3.8.2
5-30-2024 14:29:28-debug: [Assets Memory track]: asset-db-plugin-register: engine-extends start:107.83MB, end 236.84MB, increase: 129.01MB
5-30-2024 14:29:28-debug: [Assets Memory track]: asset-db-plugin-enable: project start:108.00MB, end 236.84MB, increase: 128.84MB
5-30-2024 14:29:26-debug: [Assets Memory track]: asset-db-plugin-register: programming start:106.34MB, end 107.78MB, increase: 1.43MB
5-30-2024 14:29:26-debug: [Assets Memory track]: asset-db:worker-init: initEngine start:18.60MB, end 105.63MB, increase: 87.04MB
5-30-2024 14:29:28-debug: [Assets Memory track]: asset-db:worker-init: initPlugin start:105.64MB, end 236.84MB, increase: 131.20MB
5-30-2024 14:29:28-debug: [Assets Memory track]: asset-db-plugin-enable: builder start:108.31MB, end 234.01MB, increase: 125.70MB
5-30-2024 14:29:28-debug: run package(light-probe) handler(enable) start
5-30-2024 14:29:28-debug: run package(lightmap) handler(enable) start
5-30-2024 14:29:28-debug: run package(lightmap) handler(enable) success!
5-30-2024 14:29:28-debug: run package(node-library) handler(enable) success!
5-30-2024 14:29:28-debug: run package(light-probe) handler(enable) success!
5-30-2024 14:29:28-debug: run package(node-library) handler(enable) start
5-30-2024 14:29:28-debug: run package(package-asset) handler(enable) start
5-30-2024 14:29:28-debug: run package(process) handler(enable) start
5-30-2024 14:29:28-debug: run package(reference-image) handler(enable) start
5-30-2024 14:29:28-debug: run package(reflection-probe) handler(enable) start
5-30-2024 14:29:28-debug: run package(reflection-probe) handler(enable) success!
5-30-2024 14:29:28-debug: run package(engine-extends) handler(enable) start
5-30-2024 14:29:28-debug: run package(engine-extends) handler(enable) success!
5-30-2024 14:29:28-debug: run package(adsense-h5g-plugin) handler(enable) start
5-30-2024 14:29:28-debug: run package(adsense-h5g-plugin) handler(enable) success!
5-30-2024 14:29:28-debug: run package(alipay-mini-game) handler(enable) start
5-30-2024 14:29:28-debug: run package(reference-image) handler(enable) success!
5-30-2024 14:29:28-debug: run package(android) handler(enable) start
5-30-2024 14:29:28-debug: run package(android) handler(enable) success!
5-30-2024 14:29:28-debug: run package(process) handler(enable) success!
5-30-2024 14:29:28-debug: run package(bytedance-mini-game) handler(enable) success!
5-30-2024 14:29:28-debug: run package(certificate) handler(enable) start
5-30-2024 14:29:28-debug: run package(bytedance-mini-game) handler(enable) start
5-30-2024 14:29:28-debug: run package(channel-upload-tools) handler(enable) start
5-30-2024 14:29:28-debug: run package(channel-upload-tools) handler(enable) success!
5-30-2024 14:29:28-debug: run package(fb-instant-games) handler(enable) start
5-30-2024 14:29:28-debug: run package(fb-instant-games) handler(enable) success!
5-30-2024 14:29:28-debug: run package(huawei-agc) handler(enable) start
5-30-2024 14:29:28-debug: run package(huawei-agc) handler(enable) success!
5-30-2024 14:29:28-debug: run package(huawei-quick-game) handler(enable) start
5-30-2024 14:29:28-debug: run package(huawei-quick-game) handler(enable) success!
5-30-2024 14:29:28-debug: run package(ios) handler(enable) start
5-30-2024 14:29:28-debug: run package(ios) handler(enable) success!
5-30-2024 14:29:28-debug: run package(linux) handler(enable) start
5-30-2024 14:29:28-debug: run package(linux) handler(enable) success!
5-30-2024 14:29:28-debug: run package(mac) handler(enable) start
5-30-2024 14:29:28-debug: run package(mac) handler(enable) success!
5-30-2024 14:29:28-debug: run package(native) handler(enable) start
5-30-2024 14:29:28-debug: run package(native) handler(enable) success!
5-30-2024 14:29:28-debug: run package(ohos) handler(enable) start
5-30-2024 14:29:28-debug: run package(ohos) handler(enable) success!
5-30-2024 14:29:28-debug: run package(certificate) handler(enable) success!
5-30-2024 14:29:28-debug: run package(alipay-mini-game) handler(enable) success!
5-30-2024 14:29:28-debug: run package(openharmony) handler(enable) start
5-30-2024 14:29:28-debug: run package(oppo-mini-game) handler(enable) start
5-30-2024 14:29:28-debug: run package(runtime-dev-tools) handler(enable) start
5-30-2024 14:29:28-debug: run package(runtime-dev-tools) handler(enable) success!
5-30-2024 14:29:28-debug: run package(taobao-creative-app) handler(enable) start
5-30-2024 14:29:28-debug: run package(taobao-creative-app) handler(enable) success!
5-30-2024 14:29:28-debug: run package(openharmony) handler(enable) success!
5-30-2024 14:29:28-debug: run package(package-asset) handler(enable) success!
5-30-2024 14:29:28-debug: run package(vivo-mini-game) handler(enable) start
5-30-2024 14:29:28-debug: run package(vivo-mini-game) handler(enable) success!
5-30-2024 14:29:28-debug: run package(web-desktop) handler(enable) start
5-30-2024 14:29:28-debug: run package(web-desktop) handler(enable) success!
5-30-2024 14:29:28-debug: run package(taobao-mini-game) handler(enable) start
5-30-2024 14:29:28-debug: run package(web-mobile) handler(enable) success!
5-30-2024 14:29:28-debug: run package(wechatgame) handler(enable) start
5-30-2024 14:29:28-debug: run package(wechatgame) handler(enable) success!
5-30-2024 14:29:28-debug: run package(wechatprogram) handler(enable) success!
5-30-2024 14:29:28-debug: run package(wechatprogram) handler(enable) start
5-30-2024 14:29:28-debug: run package(taobao-mini-game) handler(enable) success!
5-30-2024 14:29:28-debug: run package(windows) handler(enable) start
5-30-2024 14:29:28-debug: run package(xiaomi-quick-game) handler(enable) start
5-30-2024 14:29:28-debug: run package(xiaomi-quick-game) handler(enable) success!
5-30-2024 14:29:28-debug: run package(cocos-service) handler(enable) start
5-30-2024 14:29:28-debug: run package(cocos-service) handler(enable) success!
5-30-2024 14:29:28-debug: run package(im-plugin) handler(enable) start
5-30-2024 14:29:28-debug: run package(im-plugin) handler(enable) success!
5-30-2024 14:29:28-debug: run package(fix-device) handler(enable) start
5-30-2024 14:29:28-debug: run package(fix-device) handler(enable) success!
5-30-2024 14:29:28-debug: run package(colyseus-sdk) handler(enable) start
5-30-2024 14:29:28-debug: run package(colyseus-sdk) handler(enable) success!
5-30-2024 14:29:28-debug: run package(web-mobile) handler(enable) start
5-30-2024 14:29:28-debug: run package(placeholder) handler(enable) start
5-30-2024 14:29:28-debug: run package(windows) handler(enable) success!
5-30-2024 14:29:28-debug: run package(placeholder) handler(enable) success!
5-30-2024 14:29:28-debug: run package(oppo-mini-game) handler(enable) success!
5-30-2024 14:29:28-debug: asset-db:worker-init: initPlugin (1825ms)
5-30-2024 14:29:28-debug: [Assets Memory track]: asset-db:worker-init start:18.60MB, end 235.70MB, increase: 217.10MB
5-30-2024 14:29:28-debug: Run asset db hook engine-extends:beforePreStart success!
5-30-2024 14:29:28-debug: Run asset db hook programming:beforePreStart ...
5-30-2024 14:29:28-debug: Run asset db hook engine-extends:beforePreStart ...
5-30-2024 14:29:28-debug: Run asset db hook programming:beforePreStart success!
5-30-2024 14:29:28-debug: asset-db:worker-init (3430ms)
5-30-2024 14:29:28-debug: asset-db-hook-programming-beforePreStart (288ms)
5-30-2024 14:29:28-debug: asset-db-hook-engine-extends-beforePreStart (288ms)
5-30-2024 14:29:28-debug: Preimport db internal success
5-30-2024 14:29:28-debug: Preimport db assets success
5-30-2024 14:29:28-debug: Preimport db colyseus-sdk success
5-30-2024 14:29:28-debug: Run asset db hook programming:afterPreStart ...
5-30-2024 14:29:28-debug: starting packer-driver...
5-30-2024 14:29:30-debug: initialize scripting environment...
5-30-2024 14:29:30-debug: Set detail map pack:///resolution-detail-map.json: {}
5-30-2024 14:29:30-debug: [Assets Memory track]: asset-db:worker-init: preStart start:235.70MB, end 259.10MB, increase: 23.40MB
5-30-2024 14:29:30-debug: Start up the 'internal' database...
5-30-2024 14:29:30-debug: Run asset db hook engine-extends:afterPreStart ...
5-30-2024 14:29:30-debug: Run asset db hook programming:afterPreStart success!
5-30-2024 14:29:30-debug: Run asset db hook engine-extends:afterPreStart success!
5-30-2024 14:29:30-debug: asset-db-hook-programming-afterPreStart (1400ms)
5-30-2024 14:29:30-debug: asset-db:worker-effect-data-processing (22ms)
5-30-2024 14:29:30-debug: asset-db-hook-engine-extends-afterPreStart (22ms)
5-30-2024 14:29:30-debug: [Assets Memory track]: asset-db:worker-startup-database[internal] start:252.73MB, end 257.24MB, increase: 4.51MB
5-30-2024 14:29:30-debug: Start up the 'assets' database...
5-30-2024 14:29:30-debug: asset-db:worker-startup-database[internal] (1639ms)
5-30-2024 14:29:30-debug: [Assets Memory track]: asset-db:worker-startup-database[assets] start:255.36MB, end 264.93MB, increase: 9.58MB
5-30-2024 14:29:30-debug: Start up the 'colyseus-sdk' database...
5-30-2024 14:29:30-debug: asset-db:worker-startup-database[assets] (1658ms)
5-30-2024 14:29:30-debug: [Assets Memory track]: asset-db:worker-startup-database[colyseus-sdk] start:255.96MB, end 265.00MB, increase: 9.03MB
5-30-2024 14:29:30-debug: [Assets Memory track]: asset-db:worker-init: startup start:259.10MB, end 265.00MB, increase: 5.90MB
5-30-2024 14:29:30-debug: asset-db:worker-startup-database[colyseus-sdk] (1630ms)
5-30-2024 14:29:30-debug: asset-db:start-database (1983ms)
5-30-2024 14:29:30-debug: asset-db:ready (6638ms)
5-30-2024 14:29:30-debug: init worker message success
5-30-2024 14:29:30-debug: programming:execute-script (1ms)
5-30-2024 14:29:30-debug: [Build Memory track]: builder:worker-init start:265.57MB, end 272.14MB, increase: 6.56MB
5-30-2024 14:29:30-debug: builder:worker-init (291ms)
5-30-2024 14:29:32-debug: programming:execute-script (25ms)
5-30-2024 14:36:55-debug: refresh db internal success
5-30-2024 14:36:55-debug: refresh db assets success
5-30-2024 14:36:55-debug: refresh db colyseus-sdk success
5-30-2024 14:36:55-debug: Run asset db hook engine-extends:afterRefresh ...
5-30-2024 14:36:55-debug: Run asset db hook engine-extends:afterRefresh success!
5-30-2024 14:36:55-debug: asset-db:refresh-all-database (117ms)
5-30-2024 14:36:55-debug: asset-db-hook-engine-extends-afterRefresh (1ms)
5-30-2024 14:37:53-debug: refresh db internal success
5-30-2024 14:37:53-debug: refresh db assets success
5-30-2024 14:37:53-debug: refresh db colyseus-sdk success
5-30-2024 14:37:53-debug: Run asset db hook engine-extends:afterRefresh success!
5-30-2024 14:37:53-debug: Run asset db hook engine-extends:afterRefresh ...
5-30-2024 14:37:53-debug: asset-db:refresh-all-database (88ms)
5-30-2024 14:37:53-debug: asset-db:worker-effect-data-processing (1ms)
5-30-2024 14:37:53-debug: asset-db-hook-engine-extends-afterRefresh (1ms)
